#-----------------------------------------------------------
# Vivado v2018.2 (64-bit)
# SW Build 2258646 on Thu Jun 14 20:03:12 MDT 2018
# IP Build 2256618 on Thu Jun 14 22:10:49 MDT 2018
# Start of session at: Tue Jan  8 11:33:34 2019
# Process ID: 3908
# Current directory: C:/SpaceInvaders
# Command line: vivado.exe -gui_launcher_event rodinguilauncherevent4460 C:\SpaceInvaders\SpaceInvaders.xpr
# Log file: C:/SpaceInvaders/vivado.log
# Journal file: C:/SpaceInvaders\vivado.jou
#-----------------------------------------------------------
start_gui
open_project C:/SpaceInvaders/SpaceInvaders.xpr
Scanning sources...
Finished scanning sources
INFO: [IP_Flow 19-234] Refreshing IP repositories
INFO: [IP_Flow 19-1700] Loaded user IP repository 'c:/Users/John/Desktop/hdmi/hdmi-in/hdmi-in.ipdefs/repo_0_0'.
INFO: [IP_Flow 19-2313] Loaded Vivado IP repository 'D:/Programmer/Xilinx/Vivado/2018.2/data/ip'.
open_project: Time (s): cpu = 00:00:18 ; elapsed = 00:00:10 . Memory (MB): peak = 871.664 ; gain = 141.082
update_compile_order -fileset sources_1
reset_run impl_1 -prev_step 
launch_runs impl_1 -to_step write_bitstream -jobs 4
[Tue Jan  8 11:35:23 2019] Launched impl_1...
Run output will be captured here: C:/SpaceInvaders/SpaceInvaders.runs/impl_1/runme.log
open_bd_design {C:/SpaceInvaders/SpaceInvaders.srcs/sources_1/bd/hdmi_in/hdmi_in.bd}
Adding cell -- digilentinc.com:ip:axi_dynclk:1.0 - axi_dynclk_0
Adding cell -- digilentinc.com:ip:rgb2vga:1.0 - rgb2vga_0
Adding cell -- xilinx.com:ip:xlconcat:2.1 - xlconcat_0
Adding cell -- xilinx.com:ip:axi_gpio:2.0 - axi_gpio_btn
Adding cell -- xilinx.com:ip:axi_gpio:2.0 - axi_gpio_led
Adding cell -- xilinx.com:ip:axi_gpio:2.0 - axi_gpio_sw
Adding cell -- xilinx.com:ip:axi_vdma:6.3 - axi_vdma_0
Adding cell -- xilinx.com:ip:proc_sys_reset:5.0 - proc_sys_reset_0
Adding cell -- xilinx.com:ip:processing_system7:5.5 - processing_system7_0
Adding cell -- xilinx.com:ip:proc_sys_reset:5.0 - rst_processing_system7_0_100M
Adding cell -- xilinx.com:ip:proc_sys_reset:5.0 - rst_processing_system7_0_150M
Adding cell -- xilinx.com:ip:v_axi4s_vid_out:4.0 - v_axi4s_vid_out_0
Adding cell -- xilinx.com:ip:v_tc:6.1 - v_tc_0
Adding cell -- xilinx.com:ip:v_tc:6.1 - v_tc_1
Adding cell -- xilinx.com:ip:axi_crossbar:2.1 - xbar
Adding cell -- xilinx.com:ip:axi_protocol_converter:2.1 - auto_pc
Adding cell -- xilinx.com:ip:axi_crossbar:2.1 - xbar
Adding cell -- xilinx.com:ip:axi_data_fifo:2.1 - m00_data_fifo
Adding cell -- xilinx.com:ip:axi_register_slice:2.1 - m00_regslice
Adding cell -- xilinx.com:ip:axi_protocol_converter:2.1 - auto_pc
Adding cell -- xilinx.com:ip:axi_register_slice:2.1 - s01_regslice
Adding cell -- xilinx.com:ip:axi_dwidth_converter:2.1 - auto_us_df
Adding cell -- xilinx.com:ip:axi_register_slice:2.1 - s00_regslice
Adding cell -- xilinx.com:ip:axi_data_fifo:2.1 - s00_data_fifo
Successfully read diagram <hdmi_in> from BD file <C:/SpaceInvaders/SpaceInvaders.srcs/sources_1/bd/hdmi_in/hdmi_in.bd>
open_bd_design: Time (s): cpu = 00:00:11 ; elapsed = 00:00:10 . Memory (MB): peak = 1008.543 ; gain = 104.668
startgroup
set_property -dict [list CONFIG.NUM_MI {7}] [get_bd_cells processing_system7_0_axi_periph]
endgroup
save_bd_design
Wrote  : <C:/SpaceInvaders/SpaceInvaders.srcs/sources_1/bd/hdmi_in/hdmi_in.bd> 
Wrote  : <C:/SpaceInvaders/SpaceInvaders.srcs/sources_1/bd/hdmi_in/ui/bd_3e36a3ac.ui> 
export_ip_user_files -of_objects  [get_files C:/Users/John/Desktop/hdmi/hdmi-in/archive_project_summary.txt] -no_script -reset -force -quiet
remove_files  C:/Users/John/Desktop/hdmi/hdmi-in/archive_project_summary.txt
remove_files  C:/Users/John/Desktop/hdmi/hdmi-in/archive_project_summary.txt
WARNING: [Vivado 12-818] No files matched 'C:/Users/John/Desktop/hdmi/hdmi-in/archive_project_summary.txt'
export_ip_user_files -of_objects  [get_files C:/SpaceInvaders/SpaceInvaders.srcs/sources_1/bd/hdmi_in/hdl/hdmi_in_wrapper.vhd] -no_script -reset -force -quiet
remove_files  C:/SpaceInvaders/SpaceInvaders.srcs/sources_1/bd/hdmi_in/hdl/hdmi_in_wrapper.vhd
file delete -force C:/SpaceInvaders/SpaceInvaders.srcs/sources_1/bd/hdmi_in/hdl/hdmi_in_wrapper.vhd
remove_files  C:/SpaceInvaders/SpaceInvaders.srcs/sources_1/bd/hdmi_in/hdl/hdmi_in_wrapper.vhd
WARNING: [Vivado 12-818] No files matched 'C:/SpaceInvaders/SpaceInvaders.srcs/sources_1/bd/hdmi_in/hdl/hdmi_in_wrapper.vhd'
open_bd_design {C:/SpaceInvaders/SpaceInvaders.srcs/sources_1/bd/hdmi_in/hdmi_in.bd}
make_wrapper -files [get_files C:/SpaceInvaders/SpaceInvaders.srcs/sources_1/bd/hdmi_in/hdmi_in.bd] -top
INFO: [xilinx.com:ip:axi_vdma:6.3-16] /axi_vdma_0 
                    All clocks connected to AXI VDMA are not identical, therefore configuring AXI-VDMA in ASYNC mode.
WARNING: [BD 41-927] Following properties on pin /axi_dynclk_0/REF_CLK_I have been updated from connected ip. They may not be synchronized with cell properties. You can set property on pin directly to confirm the value and resolve the warning.
	CLK_DOMAIN=hdmi_in_processing_system7_0_0_FCLK_CLK0 
WARNING: [BD 41-927] Following properties on pin /axi_dynclk_0/PXL_CLK_O have been updated from connected ip. They may not be synchronized with cell properties. You can set property on pin directly to confirm the value and resolve the warning.
	CLK_DOMAIN=hdmi_in_axi_dynclk_0_0_PXL_CLK_O 
WARNING: [BD 41-927] Following properties on pin /axi_dynclk_0/s00_axi_aclk have been updated from connected ip. They may not be synchronized with cell properties. You can set property on pin directly to confirm the value and resolve the warning.
	CLK_DOMAIN=hdmi_in_processing_system7_0_0_FCLK_CLK0 
WARNING: [BD 41-927] Following properties on pin /rgb2vga_0/PixelClk have been updated from connected ip. They may not be synchronized with cell properties. You can set property on pin directly to confirm the value and resolve the warning.
	CLK_DOMAIN=hdmi_in_axi_dynclk_0_0_PXL_CLK_O 
Wrote  : <C:/SpaceInvaders/SpaceInvaders.srcs/sources_1/bd/hdmi_in/hdmi_in.bd> 
WARNING: [BD 41-235] Width mismatch when connecting pin: '/axi_mem_intercon/m00_couplers/m00_regslice/m_axi_rid'(1) to net 'm00_regslice_to_m00_couplers_RID'(6) - Only lower order bits will be connected.
WARNING: [BD 41-235] Width mismatch when connecting pin: '/axi_mem_intercon/m00_couplers/m00_regslice/m_axi_bid'(1) to net 'm00_regslice_to_m00_couplers_BID'(6) - Only lower order bits will be connected.
WARNING: [BD 41-235] Width mismatch when connecting pin: '/processing_system7_0/S_AXI_HP0_WID'(6) to net 'axi_mem_intercon_M00_AXI_WID'(1) - Only lower order bits will be connected.
WARNING: [BD 41-235] Width mismatch when connecting pin: '/processing_system7_0/S_AXI_HP0_ARID'(6) to net 'axi_mem_intercon_M00_AXI_ARID'(1) - Only lower order bits will be connected.
WARNING: [BD 41-235] Width mismatch when connecting pin: '/processing_system7_0/S_AXI_HP0_AWID'(6) to net 'axi_mem_intercon_M00_AXI_AWID'(1) - Only lower order bits will be connected.
VHDL Output written to : C:/SpaceInvaders/SpaceInvaders.srcs/sources_1/bd/hdmi_in/synth/hdmi_in.vhd
WARNING: [BD 41-235] Width mismatch when connecting pin: '/axi_mem_intercon/m00_couplers/m00_regslice/m_axi_rid'(1) to net 'm00_regslice_to_m00_couplers_RID'(6) - Only lower order bits will be connected.
WARNING: [BD 41-235] Width mismatch when connecting pin: '/axi_mem_intercon/m00_couplers/m00_regslice/m_axi_bid'(1) to net 'm00_regslice_to_m00_couplers_BID'(6) - Only lower order bits will be connected.
WARNING: [BD 41-235] Width mismatch when connecting pin: '/processing_system7_0/S_AXI_HP0_WID'(6) to net 'axi_mem_intercon_M00_AXI_WID'(1) - Only lower order bits will be connected.
WARNING: [BD 41-235] Width mismatch when connecting pin: '/processing_system7_0/S_AXI_HP0_ARID'(6) to net 'axi_mem_intercon_M00_AXI_ARID'(1) - Only lower order bits will be connected.
WARNING: [BD 41-235] Width mismatch when connecting pin: '/processing_system7_0/S_AXI_HP0_AWID'(6) to net 'axi_mem_intercon_M00_AXI_AWID'(1) - Only lower order bits will be connected.
VHDL Output written to : C:/SpaceInvaders/SpaceInvaders.srcs/sources_1/bd/hdmi_in/sim/hdmi_in.vhd
VHDL Output written to : C:/SpaceInvaders/SpaceInvaders.srcs/sources_1/bd/hdmi_in/hdl/hdmi_in_wrapper.vhd
make_wrapper: Time (s): cpu = 00:00:10 ; elapsed = 00:00:11 . Memory (MB): peak = 1186.809 ; gain = 125.582
add_files -norecurse C:/SpaceInvaders/SpaceInvaders.srcs/sources_1/bd/hdmi_in/hdl/hdmi_in_wrapper.vhd
update_compile_order -fileset sources_1
validate_bd_design -force
INFO: [xilinx.com:ip:axi_vdma:6.3-16] /axi_vdma_0 
                    All clocks connected to AXI VDMA are not identical, therefore configuring AXI-VDMA in ASYNC mode.
WARNING: [BD 41-927] Following properties on pin /axi_dynclk_0/REF_CLK_I have been updated from connected ip. They may not be synchronized with cell properties. You can set property on pin directly to confirm the value and resolve the warning.
	CLK_DOMAIN=hdmi_in_processing_system7_0_0_FCLK_CLK0 
WARNING: [BD 41-927] Following properties on pin /axi_dynclk_0/PXL_CLK_O have been updated from connected ip. They may not be synchronized with cell properties. You can set property on pin directly to confirm the value and resolve the warning.
	CLK_DOMAIN=hdmi_in_axi_dynclk_0_0_PXL_CLK_O 
WARNING: [BD 41-927] Following properties on pin /axi_dynclk_0/s00_axi_aclk have been updated from connected ip. They may not be synchronized with cell properties. You can set property on pin directly to confirm the value and resolve the warning.
	CLK_DOMAIN=hdmi_in_processing_system7_0_0_FCLK_CLK0 
WARNING: [BD 41-927] Following properties on pin /rgb2vga_0/PixelClk have been updated from connected ip. They may not be synchronized with cell properties. You can set property on pin directly to confirm the value and resolve the warning.
	CLK_DOMAIN=hdmi_in_axi_dynclk_0_0_PXL_CLK_O 
validate_bd_design: Time (s): cpu = 00:00:06 ; elapsed = 00:00:08 . Memory (MB): peak = 1192.469 ; gain = 0.000
save_bd_design
Wrote  : <C:/SpaceInvaders/SpaceInvaders.srcs/sources_1/bd/hdmi_in/hdmi_in.bd> 
reset_run synth_1
launch_runs synth_1 -jobs 4
INFO: [BD 41-1662] The design 'hdmi_in.bd' is already validated. Therefore parameter propagation will not be re-run.
WARNING: [BD 41-235] Width mismatch when connecting pin: '/axi_mem_intercon/m00_couplers/m00_regslice/m_axi_rid'(1) to net 'm00_regslice_to_m00_couplers_RID'(6) - Only lower order bits will be connected.
WARNING: [BD 41-235] Width mismatch when connecting pin: '/axi_mem_intercon/m00_couplers/m00_regslice/m_axi_bid'(1) to net 'm00_regslice_to_m00_couplers_BID'(6) - Only lower order bits will be connected.
WARNING: [BD 41-235] Width mismatch when connecting pin: '/processing_system7_0/S_AXI_HP0_WID'(6) to net 'axi_mem_intercon_M00_AXI_WID'(1) - Only lower order bits will be connected.
WARNING: [BD 41-235] Width mismatch when connecting pin: '/processing_system7_0/S_AXI_HP0_ARID'(6) to net 'axi_mem_intercon_M00_AXI_ARID'(1) - Only lower order bits will be connected.
WARNING: [BD 41-235] Width mismatch when connecting pin: '/processing_system7_0/S_AXI_HP0_AWID'(6) to net 'axi_mem_intercon_M00_AXI_AWID'(1) - Only lower order bits will be connected.
VHDL Output written to : C:/SpaceInvaders/SpaceInvaders.srcs/sources_1/bd/hdmi_in/synth/hdmi_in.vhd
WARNING: [BD 41-235] Width mismatch when connecting pin: '/axi_mem_intercon/m00_couplers/m00_regslice/m_axi_rid'(1) to net 'm00_regslice_to_m00_couplers_RID'(6) - Only lower order bits will be connected.
WARNING: [BD 41-235] Width mismatch when connecting pin: '/axi_mem_intercon/m00_couplers/m00_regslice/m_axi_bid'(1) to net 'm00_regslice_to_m00_couplers_BID'(6) - Only lower order bits will be connected.
WARNING: [BD 41-235] Width mismatch when connecting pin: '/processing_system7_0/S_AXI_HP0_WID'(6) to net 'axi_mem_intercon_M00_AXI_WID'(1) - Only lower order bits will be connected.
WARNING: [BD 41-235] Width mismatch when connecting pin: '/processing_system7_0/S_AXI_HP0_ARID'(6) to net 'axi_mem_intercon_M00_AXI_ARID'(1) - Only lower order bits will be connected.
WARNING: [BD 41-235] Width mismatch when connecting pin: '/processing_system7_0/S_AXI_HP0_AWID'(6) to net 'axi_mem_intercon_M00_AXI_AWID'(1) - Only lower order bits will be connected.
VHDL Output written to : C:/SpaceInvaders/SpaceInvaders.srcs/sources_1/bd/hdmi_in/sim/hdmi_in.vhd
VHDL Output written to : C:/SpaceInvaders/SpaceInvaders.srcs/sources_1/bd/hdmi_in/hdl/hdmi_in_wrapper.vhd
INFO: [BD 41-1029] Generation completed for the IP Integrator block axi_dynclk_0 .
INFO: [BD 41-1029] Generation completed for the IP Integrator block axi_gpio_btn .
INFO: [BD 41-1029] Generation completed for the IP Integrator block axi_gpio_led .
INFO: [BD 41-1029] Generation completed for the IP Integrator block axi_gpio_sw .
INFO: [BD 41-1029] Generation completed for the IP Integrator block axi_vdma_0 .
INFO: [BD 41-1029] Generation completed for the IP Integrator block proc_sys_reset_0 .
INFO: [BD 41-1029] Generation completed for the IP Integrator block processing_system7_0 .
INFO: [BD 41-1029] Generation completed for the IP Integrator block rgb2vga_0 .
INFO: [BD 41-1029] Generation completed for the IP Integrator block rst_processing_system7_0_100M .
INFO: [BD 41-1029] Generation completed for the IP Integrator block rst_processing_system7_0_150M .
INFO: [BD 41-1029] Generation completed for the IP Integrator block v_axi4s_vid_out_0 .
INFO: [BD 41-1029] Generation completed for the IP Integrator block v_tc_0 .
INFO: [BD 41-1029] Generation completed for the IP Integrator block v_tc_1 .
INFO: [BD 41-1029] Generation completed for the IP Integrator block xlconcat_0 .
INFO: [BD 41-1029] Generation completed for the IP Integrator block processing_system7_0_axi_periph/xbar .
INFO: [BD 41-1029] Generation completed for the IP Integrator block axi_mem_intercon/xbar .
WARNING: [IP_Flow 19-4994] Overwriting existing constraint file 'c:/SpaceInvaders/SpaceInvaders.srcs/sources_1/bd/hdmi_in/ip/hdmi_in_auto_pc_1/hdmi_in_auto_pc_1_ooc.xdc'
INFO: [BD 41-1029] Generation completed for the IP Integrator block processing_system7_0_axi_periph/s00_couplers/auto_pc .
WARNING: [IP_Flow 19-4994] Overwriting existing constraint file 'c:/SpaceInvaders/SpaceInvaders.srcs/sources_1/bd/hdmi_in/ip/hdmi_in_m00_data_fifo_0/hdmi_in_m00_data_fifo_0_ooc.xdc'
INFO: [BD 41-1029] Generation completed for the IP Integrator block axi_mem_intercon/m00_couplers/m00_data_fifo .
INFO: [BD 41-1029] Generation completed for the IP Integrator block axi_mem_intercon/m00_couplers/m00_regslice .
WARNING: [IP_Flow 19-4994] Overwriting existing constraint file 'c:/SpaceInvaders/SpaceInvaders.srcs/sources_1/bd/hdmi_in/ip/hdmi_in_auto_pc_0/hdmi_in_auto_pc_0_ooc.xdc'
INFO: [BD 41-1029] Generation completed for the IP Integrator block axi_mem_intercon/m00_couplers/auto_pc .
INFO: [BD 41-1029] Generation completed for the IP Integrator block axi_mem_intercon/s01_couplers/s01_regslice .
WARNING: [IP_Flow 19-4994] Overwriting existing constraint file 'c:/SpaceInvaders/SpaceInvaders.srcs/sources_1/bd/hdmi_in/ip/hdmi_in_auto_us_df_0/hdmi_in_auto_us_df_0_ooc.xdc'
INFO: [BD 41-1029] Generation completed for the IP Integrator block axi_mem_intercon/s01_couplers/auto_us_df .
INFO: [BD 41-1029] Generation completed for the IP Integrator block axi_mem_intercon/s00_couplers/s00_regslice .
WARNING: [IP_Flow 19-4994] Overwriting existing constraint file 'c:/SpaceInvaders/SpaceInvaders.srcs/sources_1/bd/hdmi_in/ip/hdmi_in_s00_data_fifo_0/hdmi_in_s00_data_fifo_0_ooc.xdc'
INFO: [BD 41-1029] Generation completed for the IP Integrator block axi_mem_intercon/s00_couplers/s00_data_fifo .
Exporting to file C:/SpaceInvaders/SpaceInvaders.srcs/sources_1/bd/hdmi_in/hw_handoff/hdmi_in.hwh
Generated Block Design Tcl file C:/SpaceInvaders/SpaceInvaders.srcs/sources_1/bd/hdmi_in/hw_handoff/hdmi_in_bd.tcl
Generated Hardware Definition File C:/SpaceInvaders/SpaceInvaders.srcs/sources_1/bd/hdmi_in/synth/hdmi_in.hwdef
[Tue Jan  8 11:44:29 2019] Launched synth_1...
Run output will be captured here: C:/SpaceInvaders/SpaceInvaders.runs/synth_1/runme.log
launch_runs: Time (s): cpu = 00:00:28 ; elapsed = 00:00:32 . Memory (MB): peak = 1298.832 ; gain = 93.820
open_run synth_1 -name synth_1
Design is defaulting to impl run constrset: constrs_1
Design is defaulting to synth run part: xc7z010clg400-1
INFO: [Netlist 29-17] Analyzing 697 Unisim elements for replacement
INFO: [Netlist 29-28] Unisim Transformation completed in 0 CPU seconds
INFO: [Project 1-479] Netlist was created with Vivado 2018.2
INFO: [Device 21-403] Loading part xc7z010clg400-1
INFO: [Project 1-570] Preparing netlist for logic optimization
Parsing XDC File [c:/SpaceInvaders/SpaceInvaders.srcs/sources_1/bd/hdmi_in/ip/hdmi_in_axi_gpio_btn_0/hdmi_in_axi_gpio_btn_0_board.xdc] for cell 'hdmi_in_i/axi_gpio_btn/U0'
Finished Parsing XDC File [c:/SpaceInvaders/SpaceInvaders.srcs/sources_1/bd/hdmi_in/ip/hdmi_in_axi_gpio_btn_0/hdmi_in_axi_gpio_btn_0_board.xdc] for cell 'hdmi_in_i/axi_gpio_btn/U0'
Parsing XDC File [c:/SpaceInvaders/SpaceInvaders.srcs/sources_1/bd/hdmi_in/ip/hdmi_in_axi_gpio_btn_0/hdmi_in_axi_gpio_btn_0.xdc] for cell 'hdmi_in_i/axi_gpio_btn/U0'
Finished Parsing XDC File [c:/SpaceInvaders/SpaceInvaders.srcs/sources_1/bd/hdmi_in/ip/hdmi_in_axi_gpio_btn_0/hdmi_in_axi_gpio_btn_0.xdc] for cell 'hdmi_in_i/axi_gpio_btn/U0'
Parsing XDC File [c:/SpaceInvaders/SpaceInvaders.srcs/sources_1/bd/hdmi_in/ip/hdmi_in_axi_gpio_led_0/hdmi_in_axi_gpio_led_0_board.xdc] for cell 'hdmi_in_i/axi_gpio_led/U0'
Finished Parsing XDC File [c:/SpaceInvaders/SpaceInvaders.srcs/sources_1/bd/hdmi_in/ip/hdmi_in_axi_gpio_led_0/hdmi_in_axi_gpio_led_0_board.xdc] for cell 'hdmi_in_i/axi_gpio_led/U0'
Parsing XDC File [c:/SpaceInvaders/SpaceInvaders.srcs/sources_1/bd/hdmi_in/ip/hdmi_in_axi_gpio_led_0/hdmi_in_axi_gpio_led_0.xdc] for cell 'hdmi_in_i/axi_gpio_led/U0'
Finished Parsing XDC File [c:/SpaceInvaders/SpaceInvaders.srcs/sources_1/bd/hdmi_in/ip/hdmi_in_axi_gpio_led_0/hdmi_in_axi_gpio_led_0.xdc] for cell 'hdmi_in_i/axi_gpio_led/U0'
Parsing XDC File [c:/SpaceInvaders/SpaceInvaders.srcs/sources_1/bd/hdmi_in/ip/hdmi_in_axi_gpio_sw_0/hdmi_in_axi_gpio_sw_0_board.xdc] for cell 'hdmi_in_i/axi_gpio_sw/U0'
Finished Parsing XDC File [c:/SpaceInvaders/SpaceInvaders.srcs/sources_1/bd/hdmi_in/ip/hdmi_in_axi_gpio_sw_0/hdmi_in_axi_gpio_sw_0_board.xdc] for cell 'hdmi_in_i/axi_gpio_sw/U0'
Parsing XDC File [c:/SpaceInvaders/SpaceInvaders.srcs/sources_1/bd/hdmi_in/ip/hdmi_in_axi_gpio_sw_0/hdmi_in_axi_gpio_sw_0.xdc] for cell 'hdmi_in_i/axi_gpio_sw/U0'
Finished Parsing XDC File [c:/SpaceInvaders/SpaceInvaders.srcs/sources_1/bd/hdmi_in/ip/hdmi_in_axi_gpio_sw_0/hdmi_in_axi_gpio_sw_0.xdc] for cell 'hdmi_in_i/axi_gpio_sw/U0'
Parsing XDC File [c:/SpaceInvaders/SpaceInvaders.srcs/sources_1/bd/hdmi_in/ip/hdmi_in_axi_vdma_0_0/hdmi_in_axi_vdma_0_0.xdc] for cell 'hdmi_in_i/axi_vdma_0/U0'
Finished Parsing XDC File [c:/SpaceInvaders/SpaceInvaders.srcs/sources_1/bd/hdmi_in/ip/hdmi_in_axi_vdma_0_0/hdmi_in_axi_vdma_0_0.xdc] for cell 'hdmi_in_i/axi_vdma_0/U0'
Parsing XDC File [c:/SpaceInvaders/SpaceInvaders.srcs/sources_1/bd/hdmi_in/ip/hdmi_in_proc_sys_reset_0_0/hdmi_in_proc_sys_reset_0_0_board.xdc] for cell 'hdmi_in_i/proc_sys_reset_0/U0'
Finished Parsing XDC File [c:/SpaceInvaders/SpaceInvaders.srcs/sources_1/bd/hdmi_in/ip/hdmi_in_proc_sys_reset_0_0/hdmi_in_proc_sys_reset_0_0_board.xdc] for cell 'hdmi_in_i/proc_sys_reset_0/U0'
Parsing XDC File [c:/SpaceInvaders/SpaceInvaders.srcs/sources_1/bd/hdmi_in/ip/hdmi_in_proc_sys_reset_0_0/hdmi_in_proc_sys_reset_0_0.xdc] for cell 'hdmi_in_i/proc_sys_reset_0/U0'
Finished Parsing XDC File [c:/SpaceInvaders/SpaceInvaders.srcs/sources_1/bd/hdmi_in/ip/hdmi_in_proc_sys_reset_0_0/hdmi_in_proc_sys_reset_0_0.xdc] for cell 'hdmi_in_i/proc_sys_reset_0/U0'
Parsing XDC File [c:/SpaceInvaders/SpaceInvaders.srcs/sources_1/bd/hdmi_in/ip/hdmi_in_processing_system7_0_0/hdmi_in_processing_system7_0_0.xdc] for cell 'hdmi_in_i/processing_system7_0/inst'
Finished Parsing XDC File [c:/SpaceInvaders/SpaceInvaders.srcs/sources_1/bd/hdmi_in/ip/hdmi_in_processing_system7_0_0/hdmi_in_processing_system7_0_0.xdc] for cell 'hdmi_in_i/processing_system7_0/inst'
Parsing XDC File [c:/SpaceInvaders/SpaceInvaders.srcs/sources_1/bd/hdmi_in/ip/hdmi_in_rst_processing_system7_0_100M_0/hdmi_in_rst_processing_system7_0_100M_0_board.xdc] for cell 'hdmi_in_i/rst_processing_system7_0_100M/U0'
Finished Parsing XDC File [c:/SpaceInvaders/SpaceInvaders.srcs/sources_1/bd/hdmi_in/ip/hdmi_in_rst_processing_system7_0_100M_0/hdmi_in_rst_processing_system7_0_100M_0_board.xdc] for cell 'hdmi_in_i/rst_processing_system7_0_100M/U0'
Parsing XDC File [c:/SpaceInvaders/SpaceInvaders.srcs/sources_1/bd/hdmi_in/ip/hdmi_in_rst_processing_system7_0_100M_0/hdmi_in_rst_processing_system7_0_100M_0.xdc] for cell 'hdmi_in_i/rst_processing_system7_0_100M/U0'
Finished Parsing XDC File [c:/SpaceInvaders/SpaceInvaders.srcs/sources_1/bd/hdmi_in/ip/hdmi_in_rst_processing_system7_0_100M_0/hdmi_in_rst_processing_system7_0_100M_0.xdc] for cell 'hdmi_in_i/rst_processing_system7_0_100M/U0'
Parsing XDC File [c:/SpaceInvaders/SpaceInvaders.srcs/sources_1/bd/hdmi_in/ip/hdmi_in_rst_processing_system7_0_150M_0/hdmi_in_rst_processing_system7_0_150M_0_board.xdc] for cell 'hdmi_in_i/rst_processing_system7_0_150M/U0'
Finished Parsing XDC File [c:/SpaceInvaders/SpaceInvaders.srcs/sources_1/bd/hdmi_in/ip/hdmi_in_rst_processing_system7_0_150M_0/hdmi_in_rst_processing_system7_0_150M_0_board.xdc] for cell 'hdmi_in_i/rst_processing_system7_0_150M/U0'
Parsing XDC File [c:/SpaceInvaders/SpaceInvaders.srcs/sources_1/bd/hdmi_in/ip/hdmi_in_rst_processing_system7_0_150M_0/hdmi_in_rst_processing_system7_0_150M_0.xdc] for cell 'hdmi_in_i/rst_processing_system7_0_150M/U0'
Finished Parsing XDC File [c:/SpaceInvaders/SpaceInvaders.srcs/sources_1/bd/hdmi_in/ip/hdmi_in_rst_processing_system7_0_150M_0/hdmi_in_rst_processing_system7_0_150M_0.xdc] for cell 'hdmi_in_i/rst_processing_system7_0_150M/U0'
Parsing XDC File [C:/SpaceInvaders/SpaceInvaders.srcs/constrs_1/imports/constraints/ZYBO_Master.xdc]
WARNING: [Vivado 12-584] No ports matched 'iic_0_scl_io'. [C:/SpaceInvaders/SpaceInvaders.srcs/constrs_1/imports/constraints/ZYBO_Master.xdc:94]
CRITICAL WARNING: [Common 17-55] 'set_property' expects at least one object. [C:/SpaceInvaders/SpaceInvaders.srcs/constrs_1/imports/constraints/ZYBO_Master.xdc:94]
Resolution: If [get_<value>] was used to populate the object, check to make sure this command returns at least one valid object.
WARNING: [Vivado 12-584] No ports matched 'iic_0_scl_io'. [C:/SpaceInvaders/SpaceInvaders.srcs/constrs_1/imports/constraints/ZYBO_Master.xdc:95]
CRITICAL WARNING: [Common 17-55] 'set_property' expects at least one object. [C:/SpaceInvaders/SpaceInvaders.srcs/constrs_1/imports/constraints/ZYBO_Master.xdc:95]
Resolution: If [get_<value>] was used to populate the object, check to make sure this command returns at least one valid object.
WARNING: [Vivado 12-584] No ports matched 'iic_0_sda_io'. [C:/SpaceInvaders/SpaceInvaders.srcs/constrs_1/imports/constraints/ZYBO_Master.xdc:98]
CRITICAL WARNING: [Common 17-55] 'set_property' expects at least one object. [C:/SpaceInvaders/SpaceInvaders.srcs/constrs_1/imports/constraints/ZYBO_Master.xdc:98]
Resolution: If [get_<value>] was used to populate the object, check to make sure this command returns at least one valid object.
WARNING: [Vivado 12-584] No ports matched 'iic_0_sda_io'. [C:/SpaceInvaders/SpaceInvaders.srcs/constrs_1/imports/constraints/ZYBO_Master.xdc:99]
CRITICAL WARNING: [Common 17-55] 'set_property' expects at least one object. [C:/SpaceInvaders/SpaceInvaders.srcs/constrs_1/imports/constraints/ZYBO_Master.xdc:99]
Resolution: If [get_<value>] was used to populate the object, check to make sure this command returns at least one valid object.
WARNING: [Vivado 12-584] No ports matched 'TMDS_clk_n'. [C:/SpaceInvaders/SpaceInvaders.srcs/constrs_1/imports/constraints/ZYBO_Master.xdc:112]
CRITICAL WARNING: [Common 17-55] 'set_property' expects at least one object. [C:/SpaceInvaders/SpaceInvaders.srcs/constrs_1/imports/constraints/ZYBO_Master.xdc:112]
Resolution: If [get_<value>] was used to populate the object, check to make sure this command returns at least one valid object.
WARNING: [Vivado 12-584] No ports matched 'TMDS_clk_p'. [C:/SpaceInvaders/SpaceInvaders.srcs/constrs_1/imports/constraints/ZYBO_Master.xdc:115]
CRITICAL WARNING: [Common 17-55] 'set_property' expects at least one object. [C:/SpaceInvaders/SpaceInvaders.srcs/constrs_1/imports/constraints/ZYBO_Master.xdc:115]
Resolution: If [get_<value>] was used to populate the object, check to make sure this command returns at least one valid object.
WARNING: [Vivado 12-584] No ports matched 'TMDS_clk_p'. [C:/SpaceInvaders/SpaceInvaders.srcs/constrs_1/imports/constraints/ZYBO_Master.xdc:116]
CRITICAL WARNING: [Common 17-55] 'set_property' expects at least one object. [C:/SpaceInvaders/SpaceInvaders.srcs/constrs_1/imports/constraints/ZYBO_Master.xdc:116]
Resolution: If [get_<value>] was used to populate the object, check to make sure this command returns at least one valid object.
WARNING: [Vivado 12-584] No ports matched 'TMDS_clk_p'. [C:/SpaceInvaders/SpaceInvaders.srcs/constrs_1/imports/constraints/ZYBO_Master.xdc:117]
CRITICAL WARNING: [Vivado 12-4739] create_clock:No valid object(s) found for '-objects [get_ports TMDS_clk_p]'. [C:/SpaceInvaders/SpaceInvaders.srcs/constrs_1/imports/constraints/ZYBO_Master.xdc:117]
Resolution: Check if the specified object(s) exists in the current design. If it does, ensure that the correct design hierarchy was specified for the object. If you are working with clocks, make sure create_clock was used to create the clock object before it is referenced.
WARNING: [Vivado 12-584] No ports matched 'TMDS_data_n[0]'. [C:/SpaceInvaders/SpaceInvaders.srcs/constrs_1/imports/constraints/ZYBO_Master.xdc:120]
CRITICAL WARNING: [Common 17-55] 'set_property' expects at least one object. [C:/SpaceInvaders/SpaceInvaders.srcs/constrs_1/imports/constraints/ZYBO_Master.xdc:120]
Resolution: If [get_<value>] was used to populate the object, check to make sure this command returns at least one valid object.
WARNING: [Vivado 12-584] No ports matched 'TMDS_data_p[0]'. [C:/SpaceInvaders/SpaceInvaders.srcs/constrs_1/imports/constraints/ZYBO_Master.xdc:123]
CRITICAL WARNING: [Common 17-55] 'set_property' expects at least one object. [C:/SpaceInvaders/SpaceInvaders.srcs/constrs_1/imports/constraints/ZYBO_Master.xdc:123]
Resolution: If [get_<value>] was used to populate the object, check to make sure this command returns at least one valid object.
WARNING: [Vivado 12-584] No ports matched 'TMDS_data_p[0]'. [C:/SpaceInvaders/SpaceInvaders.srcs/constrs_1/imports/constraints/ZYBO_Master.xdc:124]
CRITICAL WARNING: [Common 17-55] 'set_property' expects at least one object. [C:/SpaceInvaders/SpaceInvaders.srcs/constrs_1/imports/constraints/ZYBO_Master.xdc:124]
Resolution: If [get_<value>] was used to populate the object, check to make sure this command returns at least one valid object.
WARNING: [Vivado 12-584] No ports matched 'TMDS_data_n[1]'. [C:/SpaceInvaders/SpaceInvaders.srcs/constrs_1/imports/constraints/ZYBO_Master.xdc:127]
CRITICAL WARNING: [Common 17-55] 'set_property' expects at least one object. [C:/SpaceInvaders/SpaceInvaders.srcs/constrs_1/imports/constraints/ZYBO_Master.xdc:127]
Resolution: If [get_<value>] was used to populate the object, check to make sure this command returns at least one valid object.
WARNING: [Vivado 12-584] No ports matched 'TMDS_data_p[1]'. [C:/SpaceInvaders/SpaceInvaders.srcs/constrs_1/imports/constraints/ZYBO_Master.xdc:130]
CRITICAL WARNING: [Common 17-55] 'set_property' expects at least one object. [C:/SpaceInvaders/SpaceInvaders.srcs/constrs_1/imports/constraints/ZYBO_Master.xdc:130]
Resolution: If [get_<value>] was used to populate the object, check to make sure this command returns at least one valid object.
WARNING: [Vivado 12-584] No ports matched 'TMDS_data_p[1]'. [C:/SpaceInvaders/SpaceInvaders.srcs/constrs_1/imports/constraints/ZYBO_Master.xdc:131]
CRITICAL WARNING: [Common 17-55] 'set_property' expects at least one object. [C:/SpaceInvaders/SpaceInvaders.srcs/constrs_1/imports/constraints/ZYBO_Master.xdc:131]
Resolution: If [get_<value>] was used to populate the object, check to make sure this command returns at least one valid object.
WARNING: [Vivado 12-584] No ports matched 'TMDS_data_n[2]'. [C:/SpaceInvaders/SpaceInvaders.srcs/constrs_1/imports/constraints/ZYBO_Master.xdc:134]
CRITICAL WARNING: [Common 17-55] 'set_property' expects at least one object. [C:/SpaceInvaders/SpaceInvaders.srcs/constrs_1/imports/constraints/ZYBO_Master.xdc:134]
Resolution: If [get_<value>] was used to populate the object, check to make sure this command returns at least one valid object.
WARNING: [Vivado 12-584] No ports matched 'TMDS_data_p[2]'. [C:/SpaceInvaders/SpaceInvaders.srcs/constrs_1/imports/constraints/ZYBO_Master.xdc:137]
CRITICAL WARNING: [Common 17-55] 'set_property' expects at least one object. [C:/SpaceInvaders/SpaceInvaders.srcs/constrs_1/imports/constraints/ZYBO_Master.xdc:137]
Resolution: If [get_<value>] was used to populate the object, check to make sure this command returns at least one valid object.
WARNING: [Vivado 12-584] No ports matched 'TMDS_data_p[2]'. [C:/SpaceInvaders/SpaceInvaders.srcs/constrs_1/imports/constraints/ZYBO_Master.xdc:138]
CRITICAL WARNING: [Common 17-55] 'set_property' expects at least one object. [C:/SpaceInvaders/SpaceInvaders.srcs/constrs_1/imports/constraints/ZYBO_Master.xdc:138]
Resolution: If [get_<value>] was used to populate the object, check to make sure this command returns at least one valid object.
WARNING: [Vivado 12-584] No ports matched 'hdmi_hpd_tri_o[0]'. [C:/SpaceInvaders/SpaceInvaders.srcs/constrs_1/imports/constraints/ZYBO_Master.xdc:145]
CRITICAL WARNING: [Common 17-55] 'set_property' expects at least one object. [C:/SpaceInvaders/SpaceInvaders.srcs/constrs_1/imports/constraints/ZYBO_Master.xdc:145]
Resolution: If [get_<value>] was used to populate the object, check to make sure this command returns at least one valid object.
WARNING: [Vivado 12-584] No ports matched 'hdmi_hpd_tri_o[0]'. [C:/SpaceInvaders/SpaceInvaders.srcs/constrs_1/imports/constraints/ZYBO_Master.xdc:146]
CRITICAL WARNING: [Common 17-55] 'set_property' expects at least one object. [C:/SpaceInvaders/SpaceInvaders.srcs/constrs_1/imports/constraints/ZYBO_Master.xdc:146]
Resolution: If [get_<value>] was used to populate the object, check to make sure this command returns at least one valid object.
WARNING: [Vivado 12-584] No ports matched 'HDMI_OEN[0]'. [C:/SpaceInvaders/SpaceInvaders.srcs/constrs_1/imports/constraints/ZYBO_Master.xdc:149]
CRITICAL WARNING: [Common 17-55] 'set_property' expects at least one object. [C:/SpaceInvaders/SpaceInvaders.srcs/constrs_1/imports/constraints/ZYBO_Master.xdc:149]
Resolution: If [get_<value>] was used to populate the object, check to make sure this command returns at least one valid object.
WARNING: [Vivado 12-584] No ports matched 'HDMI_OEN[0]'. [C:/SpaceInvaders/SpaceInvaders.srcs/constrs_1/imports/constraints/ZYBO_Master.xdc:150]
CRITICAL WARNING: [Common 17-55] 'set_property' expects at least one object. [C:/SpaceInvaders/SpaceInvaders.srcs/constrs_1/imports/constraints/ZYBO_Master.xdc:150]
Resolution: If [get_<value>] was used to populate the object, check to make sure this command returns at least one valid object.
WARNING: [Vivado 12-584] No ports matched 'ddc_scl_io'. [C:/SpaceInvaders/SpaceInvaders.srcs/constrs_1/imports/constraints/ZYBO_Master.xdc:153]
CRITICAL WARNING: [Common 17-55] 'set_property' expects at least one object. [C:/SpaceInvaders/SpaceInvaders.srcs/constrs_1/imports/constraints/ZYBO_Master.xdc:153]
Resolution: If [get_<value>] was used to populate the object, check to make sure this command returns at least one valid object.
WARNING: [Vivado 12-584] No ports matched 'ddc_scl_io'. [C:/SpaceInvaders/SpaceInvaders.srcs/constrs_1/imports/constraints/ZYBO_Master.xdc:154]
CRITICAL WARNING: [Common 17-55] 'set_property' expects at least one object. [C:/SpaceInvaders/SpaceInvaders.srcs/constrs_1/imports/constraints/ZYBO_Master.xdc:154]
Resolution: If [get_<value>] was used to populate the object, check to make sure this command returns at least one valid object.
WARNING: [Vivado 12-584] No ports matched 'ddc_sda_io'. [C:/SpaceInvaders/SpaceInvaders.srcs/constrs_1/imports/constraints/ZYBO_Master.xdc:157]
CRITICAL WARNING: [Common 17-55] 'set_property' expects at least one object. [C:/SpaceInvaders/SpaceInvaders.srcs/constrs_1/imports/constraints/ZYBO_Master.xdc:157]
Resolution: If [get_<value>] was used to populate the object, check to make sure this command returns at least one valid object.
WARNING: [Vivado 12-584] No ports matched 'ddc_sda_io'. [C:/SpaceInvaders/SpaceInvaders.srcs/constrs_1/imports/constraints/ZYBO_Master.xdc:158]
CRITICAL WARNING: [Common 17-55] 'set_property' expects at least one object. [C:/SpaceInvaders/SpaceInvaders.srcs/constrs_1/imports/constraints/ZYBO_Master.xdc:158]
Resolution: If [get_<value>] was used to populate the object, check to make sure this command returns at least one valid object.
Finished Parsing XDC File [C:/SpaceInvaders/SpaceInvaders.srcs/constrs_1/imports/constraints/ZYBO_Master.xdc]
Parsing XDC File [c:/SpaceInvaders/SpaceInvaders.srcs/sources_1/bd/hdmi_in/ip/hdmi_in_axi_vdma_0_0/hdmi_in_axi_vdma_0_0_clocks.xdc] for cell 'hdmi_in_i/axi_vdma_0/U0'
Finished Parsing XDC File [c:/SpaceInvaders/SpaceInvaders.srcs/sources_1/bd/hdmi_in/ip/hdmi_in_axi_vdma_0_0/hdmi_in_axi_vdma_0_0_clocks.xdc] for cell 'hdmi_in_i/axi_vdma_0/U0'
Parsing XDC File [c:/SpaceInvaders/SpaceInvaders.srcs/sources_1/bd/hdmi_in/ip/hdmi_in_v_axi4s_vid_out_0_0/hdmi_in_v_axi4s_vid_out_0_0_clocks.xdc] for cell 'hdmi_in_i/v_axi4s_vid_out_0/inst'
Finished Parsing XDC File [c:/SpaceInvaders/SpaceInvaders.srcs/sources_1/bd/hdmi_in/ip/hdmi_in_v_axi4s_vid_out_0_0/hdmi_in_v_axi4s_vid_out_0_0_clocks.xdc] for cell 'hdmi_in_i/v_axi4s_vid_out_0/inst'
Parsing XDC File [c:/SpaceInvaders/SpaceInvaders.srcs/sources_1/bd/hdmi_in/ip/hdmi_in_v_tc_0_0/hdmi_in_v_tc_0_0_clocks.xdc] for cell 'hdmi_in_i/v_tc_0/U0'
INFO: [Timing 38-35] Done setting XDC timing constraints. [c:/SpaceInvaders/SpaceInvaders.srcs/sources_1/bd/hdmi_in/ip/hdmi_in_v_tc_0_0/hdmi_in_v_tc_0_0_clocks.xdc:2]
INFO: [Timing 38-2] Deriving generated clocks [c:/SpaceInvaders/SpaceInvaders.srcs/sources_1/bd/hdmi_in/ip/hdmi_in_v_tc_0_0/hdmi_in_v_tc_0_0_clocks.xdc:2]
get_clocks: Time (s): cpu = 00:00:14 ; elapsed = 00:00:14 . Memory (MB): peak = 2227.813 ; gain = 563.512
Finished Parsing XDC File [c:/SpaceInvaders/SpaceInvaders.srcs/sources_1/bd/hdmi_in/ip/hdmi_in_v_tc_0_0/hdmi_in_v_tc_0_0_clocks.xdc] for cell 'hdmi_in_i/v_tc_0/U0'
Parsing XDC File [c:/SpaceInvaders/SpaceInvaders.srcs/sources_1/bd/hdmi_in/ip/hdmi_in_v_tc_1_0/hdmi_in_v_tc_1_0_clocks.xdc] for cell 'hdmi_in_i/v_tc_1/U0'
Finished Parsing XDC File [c:/SpaceInvaders/SpaceInvaders.srcs/sources_1/bd/hdmi_in/ip/hdmi_in_v_tc_1_0/hdmi_in_v_tc_1_0_clocks.xdc] for cell 'hdmi_in_i/v_tc_1/U0'
Parsing XDC File [c:/SpaceInvaders/SpaceInvaders.srcs/sources_1/bd/hdmi_in/ip/hdmi_in_m00_regslice_0/hdmi_in_m00_regslice_0_clocks.xdc] for cell 'hdmi_in_i/axi_mem_intercon/m00_couplers/m00_regslice/inst'
Finished Parsing XDC File [c:/SpaceInvaders/SpaceInvaders.srcs/sources_1/bd/hdmi_in/ip/hdmi_in_m00_regslice_0/hdmi_in_m00_regslice_0_clocks.xdc] for cell 'hdmi_in_i/axi_mem_intercon/m00_couplers/m00_regslice/inst'
Parsing XDC File [c:/SpaceInvaders/SpaceInvaders.srcs/sources_1/bd/hdmi_in/ip/hdmi_in_s01_regslice_0/hdmi_in_s01_regslice_0_clocks.xdc] for cell 'hdmi_in_i/axi_mem_intercon/s01_couplers/s01_regslice/inst'
Finished Parsing XDC File [c:/SpaceInvaders/SpaceInvaders.srcs/sources_1/bd/hdmi_in/ip/hdmi_in_s01_regslice_0/hdmi_in_s01_regslice_0_clocks.xdc] for cell 'hdmi_in_i/axi_mem_intercon/s01_couplers/s01_regslice/inst'
Parsing XDC File [c:/SpaceInvaders/SpaceInvaders.srcs/sources_1/bd/hdmi_in/ip/hdmi_in_auto_us_df_0/hdmi_in_auto_us_df_0_clocks.xdc] for cell 'hdmi_in_i/axi_mem_intercon/s01_couplers/auto_us_df/inst'
Finished Parsing XDC File [c:/SpaceInvaders/SpaceInvaders.srcs/sources_1/bd/hdmi_in/ip/hdmi_in_auto_us_df_0/hdmi_in_auto_us_df_0_clocks.xdc] for cell 'hdmi_in_i/axi_mem_intercon/s01_couplers/auto_us_df/inst'
Parsing XDC File [c:/SpaceInvaders/SpaceInvaders.srcs/sources_1/bd/hdmi_in/ip/hdmi_in_s00_regslice_0/hdmi_in_s00_regslice_0_clocks.xdc] for cell 'hdmi_in_i/axi_mem_intercon/s00_couplers/s00_regslice/inst'
Finished Parsing XDC File [c:/SpaceInvaders/SpaceInvaders.srcs/sources_1/bd/hdmi_in/ip/hdmi_in_s00_regslice_0/hdmi_in_s00_regslice_0_clocks.xdc] for cell 'hdmi_in_i/axi_mem_intercon/s00_couplers/s00_regslice/inst'
Sourcing Tcl File [D:/Programmer/Xilinx/Vivado/2018.2/data/ip/xpm/xpm_cdc/tcl/xpm_cdc_async_rst.tcl] for cell 'hdmi_in_i/axi_mem_intercon/m00_couplers/auto_pc/inst/gen_axi4_axi3.axi3_conv_inst/USE_WRITE.write_addr_inst/USE_BURSTS.cmd_queue/inst/fifo_gen_inst/inst_fifo_gen/gconvfifo.rf/grf.rf/rstblk/ngwrdrst.grst.g7serrst.gnsckt_wrst.rst_wr_reg2_inst'
Finished Sourcing Tcl File [D:/Programmer/Xilinx/Vivado/2018.2/data/ip/xpm/xpm_cdc/tcl/xpm_cdc_async_rst.tcl] for cell 'hdmi_in_i/axi_mem_intercon/m00_couplers/auto_pc/inst/gen_axi4_axi3.axi3_conv_inst/USE_WRITE.write_addr_inst/USE_BURSTS.cmd_queue/inst/fifo_gen_inst/inst_fifo_gen/gconvfifo.rf/grf.rf/rstblk/ngwrdrst.grst.g7serrst.gnsckt_wrst.rst_wr_reg2_inst'
Sourcing Tcl File [D:/Programmer/Xilinx/Vivado/2018.2/data/ip/xpm/xpm_cdc/tcl/xpm_cdc_async_rst.tcl] for cell 'hdmi_in_i/axi_mem_intercon/s00_couplers/s00_data_fifo/inst/gen_fifo.fifo_gen_inst/inst_fifo_gen/gaxi_full_lite.gwrite_ch.gwach2.gawvld_pkt_fifo.wach_pkt_reg_slice/rstblk/ngwrdrst.grst.g7serrst.gnsckt_wrst.rst_wr_reg2_inst'
Finished Sourcing Tcl File [D:/Programmer/Xilinx/Vivado/2018.2/data/ip/xpm/xpm_cdc/tcl/xpm_cdc_async_rst.tcl] for cell 'hdmi_in_i/axi_mem_intercon/s00_couplers/s00_data_fifo/inst/gen_fifo.fifo_gen_inst/inst_fifo_gen/gaxi_full_lite.gwrite_ch.gwach2.gawvld_pkt_fifo.wach_pkt_reg_slice/rstblk/ngwrdrst.grst.g7serrst.gnsckt_wrst.rst_wr_reg2_inst'
Sourcing Tcl File [D:/Programmer/Xilinx/Vivado/2018.2/data/ip/xpm/xpm_cdc/tcl/xpm_cdc_async_rst.tcl] for cell 'hdmi_in_i/axi_mem_intercon/s00_couplers/s00_data_fifo/inst/gen_fifo.fifo_gen_inst/inst_fifo_gen/gaxi_full_lite.gread_ch.grach2.axi_rach/grf.rf/rstblk/ngwrdrst.grst.g7serrst.gnsckt_wrst.rst_wr_reg2_inst'
Finished Sourcing Tcl File [D:/Programmer/Xilinx/Vivado/2018.2/data/ip/xpm/xpm_cdc/tcl/xpm_cdc_async_rst.tcl] for cell 'hdmi_in_i/axi_mem_intercon/s00_couplers/s00_data_fifo/inst/gen_fifo.fifo_gen_inst/inst_fifo_gen/gaxi_full_lite.gread_ch.grach2.axi_rach/grf.rf/rstblk/ngwrdrst.grst.g7serrst.gnsckt_wrst.rst_wr_reg2_inst'
Sourcing Tcl File [D:/Programmer/Xilinx/Vivado/2018.2/data/ip/xpm/xpm_cdc/tcl/xpm_cdc_async_rst.tcl] for cell 'hdmi_in_i/axi_mem_intercon/s00_couplers/s00_data_fifo/inst/gen_fifo.fifo_gen_inst/inst_fifo_gen/gaxi_full_lite.gwrite_ch.gwach2.axi_wach/grf.rf/rstblk/ngwrdrst.grst.g7serrst.gnsckt_wrst.rst_wr_reg2_inst'
Finished Sourcing Tcl File [D:/Programmer/Xilinx/Vivado/2018.2/data/ip/xpm/xpm_cdc/tcl/xpm_cdc_async_rst.tcl] for cell 'hdmi_in_i/axi_mem_intercon/s00_couplers/s00_data_fifo/inst/gen_fifo.fifo_gen_inst/inst_fifo_gen/gaxi_full_lite.gwrite_ch.gwach2.axi_wach/grf.rf/rstblk/ngwrdrst.grst.g7serrst.gnsckt_wrst.rst_wr_reg2_inst'
Sourcing Tcl File [D:/Programmer/Xilinx/Vivado/2018.2/data/ip/xpm/xpm_cdc/tcl/xpm_cdc_async_rst.tcl] for cell 'hdmi_in_i/axi_mem_intercon/s00_couplers/s00_data_fifo/inst/gen_fifo.fifo_gen_inst/inst_fifo_gen/reset_gen_cc.rstblk_cc/ngwrdrst.grst.g7serrst.gnsckt_wrst.rst_wr_reg2_inst'
Finished Sourcing Tcl File [D:/Programmer/Xilinx/Vivado/2018.2/data/ip/xpm/xpm_cdc/tcl/xpm_cdc_async_rst.tcl] for cell 'hdmi_in_i/axi_mem_intercon/s00_couplers/s00_data_fifo/inst/gen_fifo.fifo_gen_inst/inst_fifo_gen/reset_gen_cc.rstblk_cc/ngwrdrst.grst.g7serrst.gnsckt_wrst.rst_wr_reg2_inst'
Sourcing Tcl File [D:/Programmer/Xilinx/Vivado/2018.2/data/ip/xpm/xpm_cdc/tcl/xpm_cdc_async_rst.tcl] for cell 'hdmi_in_i/axi_mem_intercon/m00_couplers/m00_data_fifo/inst/gen_fifo.fifo_gen_inst/inst_fifo_gen/gaxi_full_lite.gread_ch.grach2.gaxi_arvld.rach_pkt_reg_slice/rstblk/ngwrdrst.grst.g7serrst.gnsckt_wrst.rst_wr_reg2_inst'
Finished Sourcing Tcl File [D:/Programmer/Xilinx/Vivado/2018.2/data/ip/xpm/xpm_cdc/tcl/xpm_cdc_async_rst.tcl] for cell 'hdmi_in_i/axi_mem_intercon/m00_couplers/m00_data_fifo/inst/gen_fifo.fifo_gen_inst/inst_fifo_gen/gaxi_full_lite.gread_ch.grach2.gaxi_arvld.rach_pkt_reg_slice/rstblk/ngwrdrst.grst.g7serrst.gnsckt_wrst.rst_wr_reg2_inst'
Sourcing Tcl File [D:/Programmer/Xilinx/Vivado/2018.2/data/ip/xpm/xpm_cdc/tcl/xpm_cdc_async_rst.tcl] for cell 'hdmi_in_i/axi_mem_intercon/m00_couplers/m00_data_fifo/inst/gen_fifo.fifo_gen_inst/inst_fifo_gen/gaxi_full_lite.gwrite_ch.gwach2.gawvld_pkt_fifo.wach_pkt_reg_slice/rstblk/ngwrdrst.grst.g7serrst.gnsckt_wrst.rst_wr_reg2_inst'
Finished Sourcing Tcl File [D:/Programmer/Xilinx/Vivado/2018.2/data/ip/xpm/xpm_cdc/tcl/xpm_cdc_async_rst.tcl] for cell 'hdmi_in_i/axi_mem_intercon/m00_couplers/m00_data_fifo/inst/gen_fifo.fifo_gen_inst/inst_fifo_gen/gaxi_full_lite.gwrite_ch.gwach2.gawvld_pkt_fifo.wach_pkt_reg_slice/rstblk/ngwrdrst.grst.g7serrst.gnsckt_wrst.rst_wr_reg2_inst'
Sourcing Tcl File [D:/Programmer/Xilinx/Vivado/2018.2/data/ip/xpm/xpm_cdc/tcl/xpm_cdc_async_rst.tcl] for cell 'hdmi_in_i/axi_mem_intercon/m00_couplers/m00_data_fifo/inst/gen_fifo.fifo_gen_inst/inst_fifo_gen/gaxi_full_lite.gread_ch.grach2.axi_rach/grf.rf/rstblk/ngwrdrst.grst.g7serrst.gnsckt_wrst.rst_wr_reg2_inst'
Finished Sourcing Tcl File [D:/Programmer/Xilinx/Vivado/2018.2/data/ip/xpm/xpm_cdc/tcl/xpm_cdc_async_rst.tcl] for cell 'hdmi_in_i/axi_mem_intercon/m00_couplers/m00_data_fifo/inst/gen_fifo.fifo_gen_inst/inst_fifo_gen/gaxi_full_lite.gread_ch.grach2.axi_rach/grf.rf/rstblk/ngwrdrst.grst.g7serrst.gnsckt_wrst.rst_wr_reg2_inst'
Sourcing Tcl File [D:/Programmer/Xilinx/Vivado/2018.2/data/ip/xpm/xpm_cdc/tcl/xpm_cdc_async_rst.tcl] for cell 'hdmi_in_i/axi_mem_intercon/m00_couplers/m00_data_fifo/inst/gen_fifo.fifo_gen_inst/inst_fifo_gen/gaxi_full_lite.gwrite_ch.gwach2.axi_wach/grf.rf/rstblk/ngwrdrst.grst.g7serrst.gnsckt_wrst.rst_wr_reg2_inst'
Finished Sourcing Tcl File [D:/Programmer/Xilinx/Vivado/2018.2/data/ip/xpm/xpm_cdc/tcl/xpm_cdc_async_rst.tcl] for cell 'hdmi_in_i/axi_mem_intercon/m00_couplers/m00_data_fifo/inst/gen_fifo.fifo_gen_inst/inst_fifo_gen/gaxi_full_lite.gwrite_ch.gwach2.axi_wach/grf.rf/rstblk/ngwrdrst.grst.g7serrst.gnsckt_wrst.rst_wr_reg2_inst'
Sourcing Tcl File [D:/Programmer/Xilinx/Vivado/2018.2/data/ip/xpm/xpm_cdc/tcl/xpm_cdc_async_rst.tcl] for cell 'hdmi_in_i/axi_mem_intercon/m00_couplers/m00_data_fifo/inst/gen_fifo.fifo_gen_inst/inst_fifo_gen/reset_gen_cc.rstblk_cc/ngwrdrst.grst.g7serrst.gnsckt_wrst.rst_wr_reg2_inst'
Finished Sourcing Tcl File [D:/Programmer/Xilinx/Vivado/2018.2/data/ip/xpm/xpm_cdc/tcl/xpm_cdc_async_rst.tcl] for cell 'hdmi_in_i/axi_mem_intercon/m00_couplers/m00_data_fifo/inst/gen_fifo.fifo_gen_inst/inst_fifo_gen/reset_gen_cc.rstblk_cc/ngwrdrst.grst.g7serrst.gnsckt_wrst.rst_wr_reg2_inst'
Sourcing Tcl File [D:/Programmer/Xilinx/Vivado/2018.2/data/ip/xpm/xpm_cdc/tcl/xpm_cdc_async_rst.tcl] for cell 'hdmi_in_i/axi_mem_intercon/m00_couplers/auto_pc/inst/gen_axi4_axi3.axi3_conv_inst/USE_READ.USE_SPLIT_R.read_addr_inst/USE_R_CHANNEL.cmd_queue/inst/fifo_gen_inst/inst_fifo_gen/gconvfifo.rf/grf.rf/rstblk/ngwrdrst.grst.g7serrst.gnsckt_wrst.rst_wr_reg2_inst'
Finished Sourcing Tcl File [D:/Programmer/Xilinx/Vivado/2018.2/data/ip/xpm/xpm_cdc/tcl/xpm_cdc_async_rst.tcl] for cell 'hdmi_in_i/axi_mem_intercon/m00_couplers/auto_pc/inst/gen_axi4_axi3.axi3_conv_inst/USE_READ.USE_SPLIT_R.read_addr_inst/USE_R_CHANNEL.cmd_queue/inst/fifo_gen_inst/inst_fifo_gen/gconvfifo.rf/grf.rf/rstblk/ngwrdrst.grst.g7serrst.gnsckt_wrst.rst_wr_reg2_inst'
Sourcing Tcl File [D:/Programmer/Xilinx/Vivado/2018.2/data/ip/xpm/xpm_cdc/tcl/xpm_cdc_async_rst.tcl] for cell 'hdmi_in_i/axi_mem_intercon/m00_couplers/auto_pc/inst/gen_axi4_axi3.axi3_conv_inst/USE_WRITE.write_addr_inst/USE_B_CHANNEL.cmd_b_queue/inst/fifo_gen_inst/inst_fifo_gen/gconvfifo.rf/grf.rf/rstblk/ngwrdrst.grst.g7serrst.gnsckt_wrst.rst_wr_reg2_inst'
Finished Sourcing Tcl File [D:/Programmer/Xilinx/Vivado/2018.2/data/ip/xpm/xpm_cdc/tcl/xpm_cdc_async_rst.tcl] for cell 'hdmi_in_i/axi_mem_intercon/m00_couplers/auto_pc/inst/gen_axi4_axi3.axi3_conv_inst/USE_WRITE.write_addr_inst/USE_B_CHANNEL.cmd_b_queue/inst/fifo_gen_inst/inst_fifo_gen/gconvfifo.rf/grf.rf/rstblk/ngwrdrst.grst.g7serrst.gnsckt_wrst.rst_wr_reg2_inst'
Sourcing Tcl File [D:/Programmer/Xilinx/Vivado/2018.2/data/ip/xpm/xpm_cdc/tcl/xpm_cdc_async_rst.tcl] for cell 'hdmi_in_i/axi_mem_intercon/s01_couplers/auto_us_df/inst/gen_upsizer.gen_full_upsizer.axi_upsizer_inst/USE_READ.gen_pktfifo_r_upsizer.pktfifo_read_data_inst/dw_fifogen_ar/inst_fifo_gen/gaxi_full_lite.gread_ch.grach2.axi_rach/grf.rf/rstblk/ngwrdrst.grst.g7serrst.gnsckt_wrst.rst_wr_reg2_inst'
Finished Sourcing Tcl File [D:/Programmer/Xilinx/Vivado/2018.2/data/ip/xpm/xpm_cdc/tcl/xpm_cdc_async_rst.tcl] for cell 'hdmi_in_i/axi_mem_intercon/s01_couplers/auto_us_df/inst/gen_upsizer.gen_full_upsizer.axi_upsizer_inst/USE_READ.gen_pktfifo_r_upsizer.pktfifo_read_data_inst/dw_fifogen_ar/inst_fifo_gen/gaxi_full_lite.gread_ch.grach2.axi_rach/grf.rf/rstblk/ngwrdrst.grst.g7serrst.gnsckt_wrst.rst_wr_reg2_inst'
Sourcing Tcl File [D:/Programmer/Xilinx/Vivado/2018.2/data/ip/xpm/xpm_cdc/tcl/xpm_cdc_async_rst.tcl] for cell 'hdmi_in_i/axi_mem_intercon/s00_couplers/s00_data_fifo/inst/gen_fifo.fifo_gen_inst/inst_fifo_gen/gaxi_full_lite.gread_ch.grach2.gaxi_arvld.rach_pkt_reg_slice/rstblk/ngwrdrst.grst.g7serrst.gnsckt_wrst.rst_wr_reg2_inst'
Finished Sourcing Tcl File [D:/Programmer/Xilinx/Vivado/2018.2/data/ip/xpm/xpm_cdc/tcl/xpm_cdc_async_rst.tcl] for cell 'hdmi_in_i/axi_mem_intercon/s00_couplers/s00_data_fifo/inst/gen_fifo.fifo_gen_inst/inst_fifo_gen/gaxi_full_lite.gread_ch.grach2.gaxi_arvld.rach_pkt_reg_slice/rstblk/ngwrdrst.grst.g7serrst.gnsckt_wrst.rst_wr_reg2_inst'
Sourcing Tcl File [D:/Programmer/Xilinx/Vivado/2018.2/data/ip/xpm/xpm_cdc/tcl/xpm_cdc_single.tcl] for cell 'hdmi_in_i/v_axi4s_vid_out_0/inst/CDC_SINGLE_REMAP_UNDERFLOW_INST/xpm_cdc_single_inst'
Finished Sourcing Tcl File [D:/Programmer/Xilinx/Vivado/2018.2/data/ip/xpm/xpm_cdc/tcl/xpm_cdc_single.tcl] for cell 'hdmi_in_i/v_axi4s_vid_out_0/inst/CDC_SINGLE_REMAP_UNDERFLOW_INST/xpm_cdc_single_inst'
Sourcing Tcl File [D:/Programmer/Xilinx/Vivado/2018.2/data/ip/xpm/xpm_cdc/tcl/xpm_cdc_single.tcl] for cell 'hdmi_in_i/v_axi4s_vid_out_0/inst/CDC_SINGLE_LOCKED_INST/xpm_cdc_single_inst'
Finished Sourcing Tcl File [D:/Programmer/Xilinx/Vivado/2018.2/data/ip/xpm/xpm_cdc/tcl/xpm_cdc_single.tcl] for cell 'hdmi_in_i/v_axi4s_vid_out_0/inst/CDC_SINGLE_LOCKED_INST/xpm_cdc_single_inst'
Sourcing Tcl File [D:/Programmer/Xilinx/Vivado/2018.2/data/ip/xpm/xpm_cdc/tcl/xpm_cdc_sync_rst.tcl] for cell 'hdmi_in_i/axi_mem_intercon/m00_couplers/m00_data_fifo/inst/gen_fifo.fifo_gen_inst/inst_fifo_gen/gaxi_full_lite.gwrite_ch.gwdch2.axi_wdch/grf.rf/rstblk/ngwrdrst.grst.g7serrst.gsckt_wrst.xpm_cdc_sync_rst_inst_wrst'
Finished Sourcing Tcl File [D:/Programmer/Xilinx/Vivado/2018.2/data/ip/xpm/xpm_cdc/tcl/xpm_cdc_sync_rst.tcl] for cell 'hdmi_in_i/axi_mem_intercon/m00_couplers/m00_data_fifo/inst/gen_fifo.fifo_gen_inst/inst_fifo_gen/gaxi_full_lite.gwrite_ch.gwdch2.axi_wdch/grf.rf/rstblk/ngwrdrst.grst.g7serrst.gsckt_wrst.xpm_cdc_sync_rst_inst_wrst'
Sourcing Tcl File [D:/Programmer/Xilinx/Vivado/2018.2/data/ip/xpm/xpm_cdc/tcl/xpm_cdc_sync_rst.tcl] for cell 'hdmi_in_i/axi_mem_intercon/s00_couplers/s00_data_fifo/inst/gen_fifo.fifo_gen_inst/inst_fifo_gen/gaxi_full_lite.gread_ch.grdch2.axi_rdch/grf.rf/rstblk/ngwrdrst.grst.g7serrst.gsckt_wrst.xpm_cdc_sync_rst_inst_wrst'
Finished Sourcing Tcl File [D:/Programmer/Xilinx/Vivado/2018.2/data/ip/xpm/xpm_cdc/tcl/xpm_cdc_sync_rst.tcl] for cell 'hdmi_in_i/axi_mem_intercon/s00_couplers/s00_data_fifo/inst/gen_fifo.fifo_gen_inst/inst_fifo_gen/gaxi_full_lite.gread_ch.grdch2.axi_rdch/grf.rf/rstblk/ngwrdrst.grst.g7serrst.gsckt_wrst.xpm_cdc_sync_rst_inst_wrst'
Sourcing Tcl File [D:/Programmer/Xilinx/Vivado/2018.2/data/ip/xpm/xpm_cdc/tcl/xpm_cdc_sync_rst.tcl] for cell 'hdmi_in_i/axi_mem_intercon/s00_couplers/s00_data_fifo/inst/gen_fifo.fifo_gen_inst/inst_fifo_gen/gaxi_full_lite.gwrite_ch.gwdch2.axi_wdch/grf.rf/rstblk/ngwrdrst.grst.g7serrst.gsckt_wrst.xpm_cdc_sync_rst_inst_wrst'
Finished Sourcing Tcl File [D:/Programmer/Xilinx/Vivado/2018.2/data/ip/xpm/xpm_cdc/tcl/xpm_cdc_sync_rst.tcl] for cell 'hdmi_in_i/axi_mem_intercon/s00_couplers/s00_data_fifo/inst/gen_fifo.fifo_gen_inst/inst_fifo_gen/gaxi_full_lite.gwrite_ch.gwdch2.axi_wdch/grf.rf/rstblk/ngwrdrst.grst.g7serrst.gsckt_wrst.xpm_cdc_sync_rst_inst_wrst'
Sourcing Tcl File [D:/Programmer/Xilinx/Vivado/2018.2/data/ip/xpm/xpm_cdc/tcl/xpm_cdc_sync_rst.tcl] for cell 'hdmi_in_i/axi_mem_intercon/m00_couplers/m00_data_fifo/inst/gen_fifo.fifo_gen_inst/inst_fifo_gen/gaxi_full_lite.gread_ch.grdch2.axi_rdch/grf.rf/rstblk/ngwrdrst.grst.g7serrst.gsckt_wrst.xpm_cdc_sync_rst_inst_wrst'
Finished Sourcing Tcl File [D:/Programmer/Xilinx/Vivado/2018.2/data/ip/xpm/xpm_cdc/tcl/xpm_cdc_sync_rst.tcl] for cell 'hdmi_in_i/axi_mem_intercon/m00_couplers/m00_data_fifo/inst/gen_fifo.fifo_gen_inst/inst_fifo_gen/gaxi_full_lite.gread_ch.grdch2.axi_rdch/grf.rf/rstblk/ngwrdrst.grst.g7serrst.gsckt_wrst.xpm_cdc_sync_rst_inst_wrst'
Sourcing Tcl File [D:/Programmer/Xilinx/Vivado/2018.2/data/ip/xpm/xpm_fifo/tcl/xpm_fifo_rst.tcl] for cell 'hdmi_in_i/v_axi4s_vid_out_0/inst/COUPLER_INST/generate_sync_fifo.FIFO_INST/XPM_FIFO_SYNC_INST/xpm_fifo_base_inst'
Finished Sourcing Tcl File [D:/Programmer/Xilinx/Vivado/2018.2/data/ip/xpm/xpm_fifo/tcl/xpm_fifo_rst.tcl] for cell 'hdmi_in_i/v_axi4s_vid_out_0/inst/COUPLER_INST/generate_sync_fifo.FIFO_INST/XPM_FIFO_SYNC_INST/xpm_fifo_base_inst'
INFO: [Opt 31-138] Pushed 0 inverter(s) to 0 load pin(s).
INFO: [Project 1-111] Unisim Transformation Summary:
  A total of 86 instances were transformed.
  IOBUF => IOBUF (IBUF, OBUFT): 6 instances
  RAM32M => RAM32M (RAMD32, RAMD32, RAMD32, RAMD32, RAMD32, RAMD32, RAMS32, RAMS32): 71 instances
  RAM32X1D => RAM32X1D (RAMD32, RAMD32): 1 instances
  RAM64M => RAM64M (RAMD64E, RAMD64E, RAMD64E, RAMD64E): 8 instances

open_run: Time (s): cpu = 00:00:41 ; elapsed = 00:00:38 . Memory (MB): peak = 2227.813 ; gain = 928.980
launch_runs impl_1 -jobs 4
INFO: [Timing 38-480] Writing timing data to binary archive.
Writing placer database...
Writing XDEF routing.
Writing XDEF routing logical nets.
Writing XDEF routing special nets.
Write XDEF Complete: Time (s): cpu = 00:00:00 ; elapsed = 00:00:00.124 . Memory (MB): peak = 2355.250 ; gain = 23.414
[Tue Jan  8 12:00:34 2019] Launched impl_1...
Run output will be captured here: C:/SpaceInvaders/SpaceInvaders.runs/impl_1/runme.log
launch_runs: Time (s): cpu = 00:00:09 ; elapsed = 00:00:06 . Memory (MB): peak = 2364.344 ; gain = 33.438
open_bd_design {C:/SpaceInvaders/SpaceInvaders.srcs/sources_1/bd/hdmi_in/hdmi_in.bd}
open_bd_design {C:/SpaceInvaders/SpaceInvaders.srcs/sources_1/bd/hdmi_in/hdmi_in.bd}
delete_bd_objs [get_bd_intf_nets processing_system7_0_IIC_0]
save_bd_design
Wrote  : <C:/SpaceInvaders/SpaceInvaders.srcs/sources_1/bd/hdmi_in/hdmi_in.bd> 
Wrote  : <C:/SpaceInvaders/SpaceInvaders.srcs/sources_1/bd/hdmi_in/ui/bd_3e36a3ac.ui> 
validate_bd_design
INFO: [xilinx.com:ip:axi_vdma:6.3-16] /axi_vdma_0 
                    All clocks connected to AXI VDMA are not identical, therefore configuring AXI-VDMA in ASYNC mode.
WARNING: [BD 41-927] Following properties on pin /axi_dynclk_0/REF_CLK_I have been updated from connected ip. They may not be synchronized with cell properties. You can set property on pin directly to confirm the value and resolve the warning.
	CLK_DOMAIN=hdmi_in_processing_system7_0_0_FCLK_CLK0 
WARNING: [BD 41-927] Following properties on pin /axi_dynclk_0/PXL_CLK_O have been updated from connected ip. They may not be synchronized with cell properties. You can set property on pin directly to confirm the value and resolve the warning.
	CLK_DOMAIN=hdmi_in_axi_dynclk_0_0_PXL_CLK_O 
WARNING: [BD 41-927] Following properties on pin /axi_dynclk_0/s00_axi_aclk have been updated from connected ip. They may not be synchronized with cell properties. You can set property on pin directly to confirm the value and resolve the warning.
	CLK_DOMAIN=hdmi_in_processing_system7_0_0_FCLK_CLK0 
WARNING: [BD 41-927] Following properties on pin /rgb2vga_0/PixelClk have been updated from connected ip. They may not be synchronized with cell properties. You can set property on pin directly to confirm the value and resolve the warning.
	CLK_DOMAIN=hdmi_in_axi_dynclk_0_0_PXL_CLK_O 
validate_bd_design: Time (s): cpu = 00:00:07 ; elapsed = 00:00:09 . Memory (MB): peak = 2372.262 ; gain = 0.000
save_bd_design
Wrote  : <C:/SpaceInvaders/SpaceInvaders.srcs/sources_1/bd/hdmi_in/hdmi_in.bd> 
reset_run synth_1
launch_runs synth_1 -jobs 4
INFO: [BD 41-1662] The design 'hdmi_in.bd' is already validated. Therefore parameter propagation will not be re-run.
WARNING: [BD 41-235] Width mismatch when connecting pin: '/axi_mem_intercon/m00_couplers/m00_regslice/m_axi_rid'(1) to net 'm00_regslice_to_m00_couplers_RID'(6) - Only lower order bits will be connected.
WARNING: [BD 41-235] Width mismatch when connecting pin: '/axi_mem_intercon/m00_couplers/m00_regslice/m_axi_bid'(1) to net 'm00_regslice_to_m00_couplers_BID'(6) - Only lower order bits will be connected.
WARNING: [BD 41-235] Width mismatch when connecting pin: '/processing_system7_0/S_AXI_HP0_WID'(6) to net 'axi_mem_intercon_M00_AXI_WID'(1) - Only lower order bits will be connected.
WARNING: [BD 41-235] Width mismatch when connecting pin: '/processing_system7_0/S_AXI_HP0_ARID'(6) to net 'axi_mem_intercon_M00_AXI_ARID'(1) - Only lower order bits will be connected.
WARNING: [BD 41-235] Width mismatch when connecting pin: '/processing_system7_0/S_AXI_HP0_AWID'(6) to net 'axi_mem_intercon_M00_AXI_AWID'(1) - Only lower order bits will be connected.
VHDL Output written to : C:/SpaceInvaders/SpaceInvaders.srcs/sources_1/bd/hdmi_in/synth/hdmi_in.vhd
WARNING: [BD 41-235] Width mismatch when connecting pin: '/axi_mem_intercon/m00_couplers/m00_regslice/m_axi_rid'(1) to net 'm00_regslice_to_m00_couplers_RID'(6) - Only lower order bits will be connected.
WARNING: [BD 41-235] Width mismatch when connecting pin: '/axi_mem_intercon/m00_couplers/m00_regslice/m_axi_bid'(1) to net 'm00_regslice_to_m00_couplers_BID'(6) - Only lower order bits will be connected.
WARNING: [BD 41-235] Width mismatch when connecting pin: '/processing_system7_0/S_AXI_HP0_WID'(6) to net 'axi_mem_intercon_M00_AXI_WID'(1) - Only lower order bits will be connected.
WARNING: [BD 41-235] Width mismatch when connecting pin: '/processing_system7_0/S_AXI_HP0_ARID'(6) to net 'axi_mem_intercon_M00_AXI_ARID'(1) - Only lower order bits will be connected.
WARNING: [BD 41-235] Width mismatch when connecting pin: '/processing_system7_0/S_AXI_HP0_AWID'(6) to net 'axi_mem_intercon_M00_AXI_AWID'(1) - Only lower order bits will be connected.
VHDL Output written to : C:/SpaceInvaders/SpaceInvaders.srcs/sources_1/bd/hdmi_in/sim/hdmi_in.vhd
VHDL Output written to : C:/SpaceInvaders/SpaceInvaders.srcs/sources_1/bd/hdmi_in/hdl/hdmi_in_wrapper.vhd
INFO: [BD 41-1029] Generation completed for the IP Integrator block axi_dynclk_0 .
INFO: [BD 41-1029] Generation completed for the IP Integrator block axi_gpio_btn .
INFO: [BD 41-1029] Generation completed for the IP Integrator block axi_gpio_led .
INFO: [BD 41-1029] Generation completed for the IP Integrator block axi_gpio_sw .
INFO: [BD 41-1029] Generation completed for the IP Integrator block axi_vdma_0 .
INFO: [BD 41-1029] Generation completed for the IP Integrator block proc_sys_reset_0 .
INFO: [BD 41-1029] Generation completed for the IP Integrator block processing_system7_0 .
INFO: [BD 41-1029] Generation completed for the IP Integrator block rgb2vga_0 .
INFO: [BD 41-1029] Generation completed for the IP Integrator block rst_processing_system7_0_100M .
INFO: [BD 41-1029] Generation completed for the IP Integrator block rst_processing_system7_0_150M .
INFO: [BD 41-1029] Generation completed for the IP Integrator block v_axi4s_vid_out_0 .
INFO: [BD 41-1029] Generation completed for the IP Integrator block v_tc_0 .
INFO: [BD 41-1029] Generation completed for the IP Integrator block v_tc_1 .
INFO: [BD 41-1029] Generation completed for the IP Integrator block xlconcat_0 .
INFO: [BD 41-1029] Generation completed for the IP Integrator block processing_system7_0_axi_periph/xbar .
INFO: [BD 41-1029] Generation completed for the IP Integrator block axi_mem_intercon/xbar .
WARNING: [IP_Flow 19-4994] Overwriting existing constraint file 'c:/SpaceInvaders/SpaceInvaders.srcs/sources_1/bd/hdmi_in/ip/hdmi_in_auto_pc_1/hdmi_in_auto_pc_1_ooc.xdc'
INFO: [BD 41-1029] Generation completed for the IP Integrator block processing_system7_0_axi_periph/s00_couplers/auto_pc .
WARNING: [IP_Flow 19-4994] Overwriting existing constraint file 'c:/SpaceInvaders/SpaceInvaders.srcs/sources_1/bd/hdmi_in/ip/hdmi_in_m00_data_fifo_0/hdmi_in_m00_data_fifo_0_ooc.xdc'
INFO: [BD 41-1029] Generation completed for the IP Integrator block axi_mem_intercon/m00_couplers/m00_data_fifo .
INFO: [BD 41-1029] Generation completed for the IP Integrator block axi_mem_intercon/m00_couplers/m00_regslice .
WARNING: [IP_Flow 19-4994] Overwriting existing constraint file 'c:/SpaceInvaders/SpaceInvaders.srcs/sources_1/bd/hdmi_in/ip/hdmi_in_auto_pc_0/hdmi_in_auto_pc_0_ooc.xdc'
INFO: [BD 41-1029] Generation completed for the IP Integrator block axi_mem_intercon/m00_couplers/auto_pc .
INFO: [BD 41-1029] Generation completed for the IP Integrator block axi_mem_intercon/s01_couplers/s01_regslice .
WARNING: [IP_Flow 19-4994] Overwriting existing constraint file 'c:/SpaceInvaders/SpaceInvaders.srcs/sources_1/bd/hdmi_in/ip/hdmi_in_auto_us_df_0/hdmi_in_auto_us_df_0_ooc.xdc'
INFO: [BD 41-1029] Generation completed for the IP Integrator block axi_mem_intercon/s01_couplers/auto_us_df .
INFO: [BD 41-1029] Generation completed for the IP Integrator block axi_mem_intercon/s00_couplers/s00_regslice .
WARNING: [IP_Flow 19-4994] Overwriting existing constraint file 'c:/SpaceInvaders/SpaceInvaders.srcs/sources_1/bd/hdmi_in/ip/hdmi_in_s00_data_fifo_0/hdmi_in_s00_data_fifo_0_ooc.xdc'
INFO: [BD 41-1029] Generation completed for the IP Integrator block axi_mem_intercon/s00_couplers/s00_data_fifo .
Exporting to file C:/SpaceInvaders/SpaceInvaders.srcs/sources_1/bd/hdmi_in/hw_handoff/hdmi_in.hwh
Generated Block Design Tcl file C:/SpaceInvaders/SpaceInvaders.srcs/sources_1/bd/hdmi_in/hw_handoff/hdmi_in_bd.tcl
Generated Hardware Definition File C:/SpaceInvaders/SpaceInvaders.srcs/sources_1/bd/hdmi_in/synth/hdmi_in.hwdef
[Tue Jan  8 12:15:05 2019] Launched synth_1...
Run output will be captured here: C:/SpaceInvaders/SpaceInvaders.runs/synth_1/runme.log
launch_runs: Time (s): cpu = 00:00:06 ; elapsed = 00:00:08 . Memory (MB): peak = 2405.195 ; gain = 32.934
launch_runs impl_1 -jobs 4
WARNING: [Project 1-478] Design 'synth_1' is stale and will not be used when launching 'impl_1'
[Tue Jan  8 12:27:01 2019] Launched impl_1...
Run output will be captured here: C:/SpaceInvaders/SpaceInvaders.runs/impl_1/runme.log
open_run impl_1
INFO: [Netlist 29-17] Analyzing 647 Unisim elements for replacement
INFO: [Netlist 29-28] Unisim Transformation completed in 0 CPU seconds
INFO: [Project 1-479] Netlist was created with Vivado 2018.2
INFO: [Project 1-570] Preparing netlist for logic optimization
INFO: [Timing 38-478] Restoring timing data from binary archive.
INFO: [Timing 38-479] Binary timing data restore complete.
INFO: [Project 1-856] Restoring constraints from binary archive.
INFO: [Project 1-853] Binary constraint restore complete.
Reading XDEF placement.
Reading placer database...
Reading XDEF routing.
Read XDEF File: Time (s): cpu = 00:00:02 ; elapsed = 00:00:03 . Memory (MB): peak = 2657.004 ; gain = 0.000
Restored from archive | CPU: 2.000000 secs | Memory: 0.000000 MB |
Finished XDEF File Restore: Time (s): cpu = 00:00:02 ; elapsed = 00:00:03 . Memory (MB): peak = 2657.004 ; gain = 0.000
INFO: [Project 1-111] Unisim Transformation Summary:
  A total of 85 instances were transformed.
  IOBUF => IOBUF (IBUF, OBUFT): 4 instances
  RAM32M => RAM32M (RAMD32, RAMD32, RAMD32, RAMD32, RAMD32, RAMD32, RAMS32, RAMS32): 71 instances
  RAM32X1D => RAM32X1D (RAMD32, RAMD32): 1 instances
  RAM64M => RAM64M (RAMD64E, RAMD64E, RAMD64E, RAMD64E): 8 instances
  SRLC32E => SRL16E: 1 instances

open_run: Time (s): cpu = 00:00:22 ; elapsed = 00:00:15 . Memory (MB): peak = 2701.953 ; gain = 294.172
open_report: Time (s): cpu = 00:00:14 ; elapsed = 00:00:11 . Memory (MB): peak = 2757.148 ; gain = 52.078
CRITICAL WARNING: [Timing 38-282] The design failed to meet the timing requirements. Please see the timing summary report for details on the timing violations.
export_ip_user_files -of_objects  [get_files C:/SpaceInvaders/SpaceInvaders.srcs/sources_1/bd/hdmi_in/hdl/hdmi_in_wrapper.vhd] -no_script -reset -force -quiet
remove_files  C:/SpaceInvaders/SpaceInvaders.srcs/sources_1/bd/hdmi_in/hdl/hdmi_in_wrapper.vhd
file delete -force C:/SpaceInvaders/SpaceInvaders.srcs/sources_1/bd/hdmi_in/hdl/hdmi_in_wrapper.vhd
remove_files  C:/SpaceInvaders/SpaceInvaders.srcs/sources_1/bd/hdmi_in/hdl/hdmi_in_wrapper.vhd
WARNING: [Vivado 12-818] No files matched 'C:/SpaceInvaders/SpaceInvaders.srcs/sources_1/bd/hdmi_in/hdl/hdmi_in_wrapper.vhd'
make_wrapper -files [get_files C:/SpaceInvaders/SpaceInvaders.srcs/sources_1/bd/hdmi_in/hdmi_in.bd] -top
INFO: [BD 41-1662] The design 'hdmi_in.bd' is already validated. Therefore parameter propagation will not be re-run.
WARNING: [BD 41-235] Width mismatch when connecting pin: '/axi_mem_intercon/m00_couplers/m00_regslice/m_axi_rid'(1) to net 'm00_regslice_to_m00_couplers_RID'(6) - Only lower order bits will be connected.
WARNING: [BD 41-235] Width mismatch when connecting pin: '/axi_mem_intercon/m00_couplers/m00_regslice/m_axi_bid'(1) to net 'm00_regslice_to_m00_couplers_BID'(6) - Only lower order bits will be connected.
WARNING: [BD 41-235] Width mismatch when connecting pin: '/processing_system7_0/S_AXI_HP0_WID'(6) to net 'axi_mem_intercon_M00_AXI_WID'(1) - Only lower order bits will be connected.
WARNING: [BD 41-235] Width mismatch when connecting pin: '/processing_system7_0/S_AXI_HP0_ARID'(6) to net 'axi_mem_intercon_M00_AXI_ARID'(1) - Only lower order bits will be connected.
WARNING: [BD 41-235] Width mismatch when connecting pin: '/processing_system7_0/S_AXI_HP0_AWID'(6) to net 'axi_mem_intercon_M00_AXI_AWID'(1) - Only lower order bits will be connected.
VHDL Output written to : C:/SpaceInvaders/SpaceInvaders.srcs/sources_1/bd/hdmi_in/synth/hdmi_in.vhd
WARNING: [BD 41-235] Width mismatch when connecting pin: '/axi_mem_intercon/m00_couplers/m00_regslice/m_axi_rid'(1) to net 'm00_regslice_to_m00_couplers_RID'(6) - Only lower order bits will be connected.
WARNING: [BD 41-235] Width mismatch when connecting pin: '/axi_mem_intercon/m00_couplers/m00_regslice/m_axi_bid'(1) to net 'm00_regslice_to_m00_couplers_BID'(6) - Only lower order bits will be connected.
WARNING: [BD 41-235] Width mismatch when connecting pin: '/processing_system7_0/S_AXI_HP0_WID'(6) to net 'axi_mem_intercon_M00_AXI_WID'(1) - Only lower order bits will be connected.
WARNING: [BD 41-235] Width mismatch when connecting pin: '/processing_system7_0/S_AXI_HP0_ARID'(6) to net 'axi_mem_intercon_M00_AXI_ARID'(1) - Only lower order bits will be connected.
WARNING: [BD 41-235] Width mismatch when connecting pin: '/processing_system7_0/S_AXI_HP0_AWID'(6) to net 'axi_mem_intercon_M00_AXI_AWID'(1) - Only lower order bits will be connected.
VHDL Output written to : C:/SpaceInvaders/SpaceInvaders.srcs/sources_1/bd/hdmi_in/sim/hdmi_in.vhd
VHDL Output written to : C:/SpaceInvaders/SpaceInvaders.srcs/sources_1/bd/hdmi_in/hdl/hdmi_in_wrapper.vhd
add_files -norecurse C:/SpaceInvaders/SpaceInvaders.srcs/sources_1/bd/hdmi_in/hdl/hdmi_in_wrapper.vhd
update_compile_order -fileset sources_1
reset_run synth_1
close_design
launch_runs impl_1 -to_step write_bitstream -jobs 4
INFO: [BD 41-1662] The design 'hdmi_in.bd' is already validated. Therefore parameter propagation will not be re-run.
WARNING: [BD 41-235] Width mismatch when connecting pin: '/axi_mem_intercon/m00_couplers/m00_regslice/m_axi_rid'(1) to net 'm00_regslice_to_m00_couplers_RID'(6) - Only lower order bits will be connected.
WARNING: [BD 41-235] Width mismatch when connecting pin: '/axi_mem_intercon/m00_couplers/m00_regslice/m_axi_bid'(1) to net 'm00_regslice_to_m00_couplers_BID'(6) - Only lower order bits will be connected.
WARNING: [BD 41-235] Width mismatch when connecting pin: '/processing_system7_0/S_AXI_HP0_WID'(6) to net 'axi_mem_intercon_M00_AXI_WID'(1) - Only lower order bits will be connected.
WARNING: [BD 41-235] Width mismatch when connecting pin: '/processing_system7_0/S_AXI_HP0_ARID'(6) to net 'axi_mem_intercon_M00_AXI_ARID'(1) - Only lower order bits will be connected.
WARNING: [BD 41-235] Width mismatch when connecting pin: '/processing_system7_0/S_AXI_HP0_AWID'(6) to net 'axi_mem_intercon_M00_AXI_AWID'(1) - Only lower order bits will be connected.
VHDL Output written to : C:/SpaceInvaders/SpaceInvaders.srcs/sources_1/bd/hdmi_in/synth/hdmi_in.vhd
WARNING: [BD 41-235] Width mismatch when connecting pin: '/axi_mem_intercon/m00_couplers/m00_regslice/m_axi_rid'(1) to net 'm00_regslice_to_m00_couplers_RID'(6) - Only lower order bits will be connected.
WARNING: [BD 41-235] Width mismatch when connecting pin: '/axi_mem_intercon/m00_couplers/m00_regslice/m_axi_bid'(1) to net 'm00_regslice_to_m00_couplers_BID'(6) - Only lower order bits will be connected.
WARNING: [BD 41-235] Width mismatch when connecting pin: '/processing_system7_0/S_AXI_HP0_WID'(6) to net 'axi_mem_intercon_M00_AXI_WID'(1) - Only lower order bits will be connected.
WARNING: [BD 41-235] Width mismatch when connecting pin: '/processing_system7_0/S_AXI_HP0_ARID'(6) to net 'axi_mem_intercon_M00_AXI_ARID'(1) - Only lower order bits will be connected.
WARNING: [BD 41-235] Width mismatch when connecting pin: '/processing_system7_0/S_AXI_HP0_AWID'(6) to net 'axi_mem_intercon_M00_AXI_AWID'(1) - Only lower order bits will be connected.
VHDL Output written to : C:/SpaceInvaders/SpaceInvaders.srcs/sources_1/bd/hdmi_in/sim/hdmi_in.vhd
VHDL Output written to : C:/SpaceInvaders/SpaceInvaders.srcs/sources_1/bd/hdmi_in/hdl/hdmi_in_wrapper.vhd
INFO: [BD 41-1029] Generation completed for the IP Integrator block axi_dynclk_0 .
INFO: [BD 41-1029] Generation completed for the IP Integrator block axi_gpio_btn .
INFO: [BD 41-1029] Generation completed for the IP Integrator block axi_gpio_led .
INFO: [BD 41-1029] Generation completed for the IP Integrator block axi_gpio_sw .
INFO: [BD 41-1029] Generation completed for the IP Integrator block axi_vdma_0 .
INFO: [BD 41-1029] Generation completed for the IP Integrator block proc_sys_reset_0 .
INFO: [BD 41-1029] Generation completed for the IP Integrator block processing_system7_0 .
INFO: [BD 41-1029] Generation completed for the IP Integrator block rgb2vga_0 .
INFO: [BD 41-1029] Generation completed for the IP Integrator block rst_processing_system7_0_100M .
INFO: [BD 41-1029] Generation completed for the IP Integrator block rst_processing_system7_0_150M .
INFO: [BD 41-1029] Generation completed for the IP Integrator block v_axi4s_vid_out_0 .
INFO: [BD 41-1029] Generation completed for the IP Integrator block v_tc_0 .
INFO: [BD 41-1029] Generation completed for the IP Integrator block v_tc_1 .
INFO: [BD 41-1029] Generation completed for the IP Integrator block xlconcat_0 .
INFO: [BD 41-1029] Generation completed for the IP Integrator block processing_system7_0_axi_periph/xbar .
INFO: [BD 41-1029] Generation completed for the IP Integrator block axi_mem_intercon/xbar .
INFO: [BD 41-1029] Generation completed for the IP Integrator block processing_system7_0_axi_periph/s00_couplers/auto_pc .
INFO: [BD 41-1029] Generation completed for the IP Integrator block axi_mem_intercon/m00_couplers/m00_data_fifo .
INFO: [BD 41-1029] Generation completed for the IP Integrator block axi_mem_intercon/m00_couplers/m00_regslice .
INFO: [BD 41-1029] Generation completed for the IP Integrator block axi_mem_intercon/m00_couplers/auto_pc .
INFO: [BD 41-1029] Generation completed for the IP Integrator block axi_mem_intercon/s01_couplers/s01_regslice .
INFO: [BD 41-1029] Generation completed for the IP Integrator block axi_mem_intercon/s01_couplers/auto_us_df .
INFO: [BD 41-1029] Generation completed for the IP Integrator block axi_mem_intercon/s00_couplers/s00_regslice .
INFO: [BD 41-1029] Generation completed for the IP Integrator block axi_mem_intercon/s00_couplers/s00_data_fifo .
Exporting to file C:/SpaceInvaders/SpaceInvaders.srcs/sources_1/bd/hdmi_in/hw_handoff/hdmi_in.hwh
Generated Block Design Tcl file C:/SpaceInvaders/SpaceInvaders.srcs/sources_1/bd/hdmi_in/hw_handoff/hdmi_in_bd.tcl
Generated Hardware Definition File C:/SpaceInvaders/SpaceInvaders.srcs/sources_1/bd/hdmi_in/synth/hdmi_in.hwdef
WARNING: [Project 1-478] Design 'synth_1' is stale and will not be used when launching 'impl_1'
[Tue Jan  8 12:33:05 2019] Launched synth_1...
Run output will be captured here: C:/SpaceInvaders/SpaceInvaders.runs/synth_1/runme.log
[Tue Jan  8 12:33:05 2019] Launched impl_1...
Run output will be captured here: C:/SpaceInvaders/SpaceInvaders.runs/impl_1/runme.log
launch_runs: Time (s): cpu = 00:00:03 ; elapsed = 00:00:08 . Memory (MB): peak = 2797.090 ; gain = 0.000
close_design
open_run impl_1
INFO: [Netlist 29-17] Analyzing 647 Unisim elements for replacement
INFO: [Netlist 29-28] Unisim Transformation completed in 0 CPU seconds
INFO: [Project 1-479] Netlist was created with Vivado 2018.2
INFO: [Project 1-570] Preparing netlist for logic optimization
INFO: [Timing 38-478] Restoring timing data from binary archive.
INFO: [Timing 38-479] Binary timing data restore complete.
INFO: [Project 1-856] Restoring constraints from binary archive.
INFO: [Project 1-853] Binary constraint restore complete.
Reading XDEF placement.
Reading placer database...
Reading XDEF routing.
Read XDEF File: Time (s): cpu = 00:00:01 ; elapsed = 00:00:02 . Memory (MB): peak = 2797.090 ; gain = 0.000
Restored from archive | CPU: 1.000000 secs | Memory: 0.000000 MB |
Finished XDEF File Restore: Time (s): cpu = 00:00:01 ; elapsed = 00:00:02 . Memory (MB): peak = 2797.090 ; gain = 0.000
INFO: [Project 1-111] Unisim Transformation Summary:
  A total of 85 instances were transformed.
  IOBUF => IOBUF (IBUF, OBUFT): 4 instances
  RAM32M => RAM32M (RAMD32, RAMD32, RAMD32, RAMD32, RAMD32, RAMD32, RAMS32, RAMS32): 71 instances
  RAM32X1D => RAM32X1D (RAMD32, RAMD32): 1 instances
  RAM64M => RAM64M (RAMD64E, RAMD64E, RAMD64E, RAMD64E): 8 instances
  SRLC32E => SRL16E: 1 instances

open_run: Time (s): cpu = 00:00:13 ; elapsed = 00:00:10 . Memory (MB): peak = 2797.090 ; gain = 0.000
open_report: Time (s): cpu = 00:00:09 ; elapsed = 00:00:07 . Memory (MB): peak = 2797.090 ; gain = 0.000
CRITICAL WARNING: [Timing 38-282] The design failed to meet the timing requirements. Please see the timing summary report for details on the timing violations.
file copy -force C:/SpaceInvaders/SpaceInvaders.runs/impl_1/hdmi_in_wrapper.sysdef C:/SpaceInvaders/SpaceInvaders.sdk/hdmi_in_wrapper.hdf

launch_sdk -workspace C:/SpaceInvaders/SpaceInvaders.sdk -hwspec C:/SpaceInvaders/SpaceInvaders.sdk/hdmi_in_wrapper.hdf
INFO: [Vivado 12-393] Launching SDK...
INFO: [Vivado 12-417] Running xsdk -workspace C:/SpaceInvaders/SpaceInvaders.sdk -hwspec C:/SpaceInvaders/SpaceInvaders.sdk/hdmi_in_wrapper.hdf
INFO: [Vivado 12-3157] SDK launch initiated. Please check console for any further messages.
open_bd_design {C:/SpaceInvaders/SpaceInvaders.srcs/sources_1/bd/hdmi_in/hdmi_in.bd}
reset_run impl_1 -prev_step 
launch_runs impl_1 -to_step write_bitstream -jobs 4
[Tue Jan  8 13:53:46 2019] Launched impl_1...
Run output will be captured here: C:/SpaceInvaders/SpaceInvaders.runs/impl_1/runme.log
regenerate_bd_layout -routing
regenerate_bd_layout
regenerate_bd_layout -routing
validate_bd_design -force
INFO: [xilinx.com:ip:axi_vdma:6.3-16] /axi_vdma_0 
                    All clocks connected to AXI VDMA are not identical, therefore configuring AXI-VDMA in ASYNC mode.
WARNING: [BD 41-927] Following properties on pin /axi_dynclk_0/REF_CLK_I have been updated from connected ip. They may not be synchronized with cell properties. You can set property on pin directly to confirm the value and resolve the warning.
	CLK_DOMAIN=hdmi_in_processing_system7_0_0_FCLK_CLK0 
WARNING: [BD 41-927] Following properties on pin /axi_dynclk_0/PXL_CLK_O have been updated from connected ip. They may not be synchronized with cell properties. You can set property on pin directly to confirm the value and resolve the warning.
	CLK_DOMAIN=hdmi_in_axi_dynclk_0_0_PXL_CLK_O 
WARNING: [BD 41-927] Following properties on pin /axi_dynclk_0/s00_axi_aclk have been updated from connected ip. They may not be synchronized with cell properties. You can set property on pin directly to confirm the value and resolve the warning.
	CLK_DOMAIN=hdmi_in_processing_system7_0_0_FCLK_CLK0 
WARNING: [BD 41-927] Following properties on pin /rgb2vga_0/PixelClk have been updated from connected ip. They may not be synchronized with cell properties. You can set property on pin directly to confirm the value and resolve the warning.
	CLK_DOMAIN=hdmi_in_axi_dynclk_0_0_PXL_CLK_O 
validate_bd_design: Time (s): cpu = 00:00:07 ; elapsed = 00:00:08 . Memory (MB): peak = 2797.090 ; gain = 0.000
save_bd_design
Wrote  : <C:/SpaceInvaders/SpaceInvaders.srcs/sources_1/bd/hdmi_in/hdmi_in.bd> 
Wrote  : <C:/SpaceInvaders/SpaceInvaders.srcs/sources_1/bd/hdmi_in/ui/bd_3e36a3ac.ui> 
reset_run synth_1
launch_runs impl_1 -to_step write_bitstream -jobs 4
INFO: [BD 41-1662] The design 'hdmi_in.bd' is already validated. Therefore parameter propagation will not be re-run.
WARNING: [BD 41-235] Width mismatch when connecting pin: '/axi_mem_intercon/m00_couplers/m00_regslice/m_axi_rid'(1) to net 'm00_regslice_to_m00_couplers_RID'(6) - Only lower order bits will be connected.
WARNING: [BD 41-235] Width mismatch when connecting pin: '/axi_mem_intercon/m00_couplers/m00_regslice/m_axi_bid'(1) to net 'm00_regslice_to_m00_couplers_BID'(6) - Only lower order bits will be connected.
WARNING: [BD 41-235] Width mismatch when connecting pin: '/processing_system7_0/S_AXI_HP0_WID'(6) to net 'axi_mem_intercon_M00_AXI_WID'(1) - Only lower order bits will be connected.
WARNING: [BD 41-235] Width mismatch when connecting pin: '/processing_system7_0/S_AXI_HP0_ARID'(6) to net 'axi_mem_intercon_M00_AXI_ARID'(1) - Only lower order bits will be connected.
WARNING: [BD 41-235] Width mismatch when connecting pin: '/processing_system7_0/S_AXI_HP0_AWID'(6) to net 'axi_mem_intercon_M00_AXI_AWID'(1) - Only lower order bits will be connected.
VHDL Output written to : C:/SpaceInvaders/SpaceInvaders.srcs/sources_1/bd/hdmi_in/synth/hdmi_in.vhd
WARNING: [BD 41-235] Width mismatch when connecting pin: '/axi_mem_intercon/m00_couplers/m00_regslice/m_axi_rid'(1) to net 'm00_regslice_to_m00_couplers_RID'(6) - Only lower order bits will be connected.
WARNING: [BD 41-235] Width mismatch when connecting pin: '/axi_mem_intercon/m00_couplers/m00_regslice/m_axi_bid'(1) to net 'm00_regslice_to_m00_couplers_BID'(6) - Only lower order bits will be connected.
WARNING: [BD 41-235] Width mismatch when connecting pin: '/processing_system7_0/S_AXI_HP0_WID'(6) to net 'axi_mem_intercon_M00_AXI_WID'(1) - Only lower order bits will be connected.
WARNING: [BD 41-235] Width mismatch when connecting pin: '/processing_system7_0/S_AXI_HP0_ARID'(6) to net 'axi_mem_intercon_M00_AXI_ARID'(1) - Only lower order bits will be connected.
WARNING: [BD 41-235] Width mismatch when connecting pin: '/processing_system7_0/S_AXI_HP0_AWID'(6) to net 'axi_mem_intercon_M00_AXI_AWID'(1) - Only lower order bits will be connected.
VHDL Output written to : C:/SpaceInvaders/SpaceInvaders.srcs/sources_1/bd/hdmi_in/sim/hdmi_in.vhd
VHDL Output written to : C:/SpaceInvaders/SpaceInvaders.srcs/sources_1/bd/hdmi_in/hdl/hdmi_in_wrapper.vhd
INFO: [BD 41-1029] Generation completed for the IP Integrator block axi_dynclk_0 .
INFO: [BD 41-1029] Generation completed for the IP Integrator block axi_gpio_btn .
INFO: [BD 41-1029] Generation completed for the IP Integrator block axi_gpio_led .
INFO: [BD 41-1029] Generation completed for the IP Integrator block axi_gpio_sw .
INFO: [BD 41-1029] Generation completed for the IP Integrator block axi_vdma_0 .
INFO: [BD 41-1029] Generation completed for the IP Integrator block proc_sys_reset_0 .
INFO: [BD 41-1029] Generation completed for the IP Integrator block processing_system7_0 .
INFO: [BD 41-1029] Generation completed for the IP Integrator block rgb2vga_0 .
INFO: [BD 41-1029] Generation completed for the IP Integrator block rst_processing_system7_0_100M .
INFO: [BD 41-1029] Generation completed for the IP Integrator block rst_processing_system7_0_150M .
INFO: [BD 41-1029] Generation completed for the IP Integrator block v_axi4s_vid_out_0 .
INFO: [BD 41-1029] Generation completed for the IP Integrator block v_tc_0 .
INFO: [BD 41-1029] Generation completed for the IP Integrator block v_tc_1 .
INFO: [BD 41-1029] Generation completed for the IP Integrator block xlconcat_0 .
INFO: [BD 41-1029] Generation completed for the IP Integrator block processing_system7_0_axi_periph/xbar .
INFO: [BD 41-1029] Generation completed for the IP Integrator block axi_mem_intercon/xbar .
WARNING: [IP_Flow 19-4994] Overwriting existing constraint file 'c:/SpaceInvaders/SpaceInvaders.srcs/sources_1/bd/hdmi_in/ip/hdmi_in_auto_pc_1/hdmi_in_auto_pc_1_ooc.xdc'
INFO: [BD 41-1029] Generation completed for the IP Integrator block processing_system7_0_axi_periph/s00_couplers/auto_pc .
WARNING: [IP_Flow 19-4994] Overwriting existing constraint file 'c:/SpaceInvaders/SpaceInvaders.srcs/sources_1/bd/hdmi_in/ip/hdmi_in_m00_data_fifo_0/hdmi_in_m00_data_fifo_0_ooc.xdc'
INFO: [BD 41-1029] Generation completed for the IP Integrator block axi_mem_intercon/m00_couplers/m00_data_fifo .
INFO: [BD 41-1029] Generation completed for the IP Integrator block axi_mem_intercon/m00_couplers/m00_regslice .
WARNING: [IP_Flow 19-4994] Overwriting existing constraint file 'c:/SpaceInvaders/SpaceInvaders.srcs/sources_1/bd/hdmi_in/ip/hdmi_in_auto_pc_0/hdmi_in_auto_pc_0_ooc.xdc'
INFO: [BD 41-1029] Generation completed for the IP Integrator block axi_mem_intercon/m00_couplers/auto_pc .
INFO: [BD 41-1029] Generation completed for the IP Integrator block axi_mem_intercon/s01_couplers/s01_regslice .
WARNING: [IP_Flow 19-4994] Overwriting existing constraint file 'c:/SpaceInvaders/SpaceInvaders.srcs/sources_1/bd/hdmi_in/ip/hdmi_in_auto_us_df_0/hdmi_in_auto_us_df_0_ooc.xdc'
INFO: [BD 41-1029] Generation completed for the IP Integrator block axi_mem_intercon/s01_couplers/auto_us_df .
INFO: [BD 41-1029] Generation completed for the IP Integrator block axi_mem_intercon/s00_couplers/s00_regslice .
WARNING: [IP_Flow 19-4994] Overwriting existing constraint file 'c:/SpaceInvaders/SpaceInvaders.srcs/sources_1/bd/hdmi_in/ip/hdmi_in_s00_data_fifo_0/hdmi_in_s00_data_fifo_0_ooc.xdc'
INFO: [BD 41-1029] Generation completed for the IP Integrator block axi_mem_intercon/s00_couplers/s00_data_fifo .
Exporting to file C:/SpaceInvaders/SpaceInvaders.srcs/sources_1/bd/hdmi_in/hw_handoff/hdmi_in.hwh
Generated Block Design Tcl file C:/SpaceInvaders/SpaceInvaders.srcs/sources_1/bd/hdmi_in/hw_handoff/hdmi_in_bd.tcl
Generated Hardware Definition File C:/SpaceInvaders/SpaceInvaders.srcs/sources_1/bd/hdmi_in/synth/hdmi_in.hwdef
[Tue Jan  8 13:59:31 2019] Launched synth_1...
Run output will be captured here: C:/SpaceInvaders/SpaceInvaders.runs/synth_1/runme.log
[Tue Jan  8 13:59:31 2019] Launched impl_1...
Run output will be captured here: C:/SpaceInvaders/SpaceInvaders.runs/impl_1/runme.log
launch_runs: Time (s): cpu = 00:00:03 ; elapsed = 00:00:10 . Memory (MB): peak = 2797.090 ; gain = 0.000
CRITICAL WARNING: [PSU-1]  Parameter : PCW_UIPARAM_DDR_DQS_TO_CLK_DELAY_0 has negative value -0.073 . PS DDR interfaces might fail when entering negative DQS skew values. 
CRITICAL WARNING: [PSU-2]  Parameter : PCW_UIPARAM_DDR_DQS_TO_CLK_DELAY_1 has negative value -0.034 . PS DDR interfaces might fail when entering negative DQS skew values. 
CRITICAL WARNING: [PSU-3]  Parameter : PCW_UIPARAM_DDR_DQS_TO_CLK_DELAY_2 has negative value -0.03 . PS DDR interfaces might fail when entering negative DQS skew values. 
CRITICAL WARNING: [PSU-4]  Parameter : PCW_UIPARAM_DDR_DQS_TO_CLK_DELAY_3 has negative value -0.082 . PS DDR interfaces might fail when entering negative DQS skew values. 
CRITICAL WARNING: [PSU-1]  Parameter : PCW_UIPARAM_DDR_DQS_TO_CLK_DELAY_0 has negative value -0.073 . PS DDR interfaces might fail when entering negative DQS skew values. 
CRITICAL WARNING: [PSU-2]  Parameter : PCW_UIPARAM_DDR_DQS_TO_CLK_DELAY_1 has negative value -0.034 . PS DDR interfaces might fail when entering negative DQS skew values. 
CRITICAL WARNING: [PSU-3]  Parameter : PCW_UIPARAM_DDR_DQS_TO_CLK_DELAY_2 has negative value -0.03 . PS DDR interfaces might fail when entering negative DQS skew values. 
CRITICAL WARNING: [PSU-4]  Parameter : PCW_UIPARAM_DDR_DQS_TO_CLK_DELAY_3 has negative value -0.082 . PS DDR interfaces might fail when entering negative DQS skew values. 
WARNING: [IP_Flow 19-474] Invalid Parameter 'Component_Name'
CRITICAL WARNING: [PSU-1]  Parameter : PCW_UIPARAM_DDR_DQS_TO_CLK_DELAY_0 has negative value -0.073 . PS DDR interfaces might fail when entering negative DQS skew values. 
CRITICAL WARNING: [PSU-2]  Parameter : PCW_UIPARAM_DDR_DQS_TO_CLK_DELAY_1 has negative value -0.034 . PS DDR interfaces might fail when entering negative DQS skew values. 
CRITICAL WARNING: [PSU-3]  Parameter : PCW_UIPARAM_DDR_DQS_TO_CLK_DELAY_2 has negative value -0.03 . PS DDR interfaces might fail when entering negative DQS skew values. 
CRITICAL WARNING: [PSU-4]  Parameter : PCW_UIPARAM_DDR_DQS_TO_CLK_DELAY_3 has negative value -0.082 . PS DDR interfaces might fail when entering negative DQS skew values. 
open_bd_design {C:/SpaceInvaders/SpaceInvaders.srcs/sources_1/bd/hdmi_in/hdmi_in.bd}
set_property location {2136 99} [get_bd_intf_ports IIC_0]
INFO: [Vivado 12-4159] Implementation run is out of date. Exported hardware information may be inconsistent with respect to the current state of the design. It is recommended that you re-run implementation and re-generate bitstream before doing hardware export.
save_bd_design
Wrote  : <C:/SpaceInvaders/SpaceInvaders.srcs/sources_1/bd/hdmi_in/ui/bd_3e36a3ac.ui> 
file copy -force C:/SpaceInvaders/SpaceInvaders.runs/impl_1/hdmi_in_wrapper.sysdef C:/SpaceInvaders/SpaceInvaders.sdk/hdmi_in_wrapper.hdf

INFO: [Vivado 12-4158] Exported Hardware file is out of date. Exported hardware information may be inconsistent with respect to the current state of the design. It is recommended that you re-export the design and launch SDK otherwise SDK is launched with out of date hardware system file.
INFO: [Vivado 12-4159] Implementation run is out of date. Exported hardware information may be inconsistent with respect to the current state of the design. It is recommended that you re-run implementation and re-generate bitstream before doing hardware export.
export_ip_user_files -of_objects  [get_files C:/SpaceInvaders/SpaceInvaders.srcs/sources_1/bd/hdmi_in/hdl/hdmi_in_wrapper.vhd] -no_script -reset -force -quiet
remove_files  C:/SpaceInvaders/SpaceInvaders.srcs/sources_1/bd/hdmi_in/hdl/hdmi_in_wrapper.vhd
file delete -force C:/SpaceInvaders/SpaceInvaders.srcs/sources_1/bd/hdmi_in/hdl/hdmi_in_wrapper.vhd
make_wrapper -files [get_files C:/SpaceInvaders/SpaceInvaders.srcs/sources_1/bd/hdmi_in/hdmi_in.bd] -top
INFO: [BD 41-1662] The design 'hdmi_in.bd' is already validated. Therefore parameter propagation will not be re-run.
WARNING: [BD 41-235] Width mismatch when connecting pin: '/axi_mem_intercon/m00_couplers/m00_regslice/m_axi_rid'(1) to net 'm00_regslice_to_m00_couplers_RID'(6) - Only lower order bits will be connected.
WARNING: [BD 41-235] Width mismatch when connecting pin: '/axi_mem_intercon/m00_couplers/m00_regslice/m_axi_bid'(1) to net 'm00_regslice_to_m00_couplers_BID'(6) - Only lower order bits will be connected.
WARNING: [BD 41-235] Width mismatch when connecting pin: '/processing_system7_0/S_AXI_HP0_WID'(6) to net 'axi_mem_intercon_M00_AXI_WID'(1) - Only lower order bits will be connected.
WARNING: [BD 41-235] Width mismatch when connecting pin: '/processing_system7_0/S_AXI_HP0_ARID'(6) to net 'axi_mem_intercon_M00_AXI_ARID'(1) - Only lower order bits will be connected.
WARNING: [BD 41-235] Width mismatch when connecting pin: '/processing_system7_0/S_AXI_HP0_AWID'(6) to net 'axi_mem_intercon_M00_AXI_AWID'(1) - Only lower order bits will be connected.
VHDL Output written to : C:/SpaceInvaders/SpaceInvaders.srcs/sources_1/bd/hdmi_in/synth/hdmi_in.vhd
WARNING: [BD 41-235] Width mismatch when connecting pin: '/axi_mem_intercon/m00_couplers/m00_regslice/m_axi_rid'(1) to net 'm00_regslice_to_m00_couplers_RID'(6) - Only lower order bits will be connected.
WARNING: [BD 41-235] Width mismatch when connecting pin: '/axi_mem_intercon/m00_couplers/m00_regslice/m_axi_bid'(1) to net 'm00_regslice_to_m00_couplers_BID'(6) - Only lower order bits will be connected.
WARNING: [BD 41-235] Width mismatch when connecting pin: '/processing_system7_0/S_AXI_HP0_WID'(6) to net 'axi_mem_intercon_M00_AXI_WID'(1) - Only lower order bits will be connected.
WARNING: [BD 41-235] Width mismatch when connecting pin: '/processing_system7_0/S_AXI_HP0_ARID'(6) to net 'axi_mem_intercon_M00_AXI_ARID'(1) - Only lower order bits will be connected.
WARNING: [BD 41-235] Width mismatch when connecting pin: '/processing_system7_0/S_AXI_HP0_AWID'(6) to net 'axi_mem_intercon_M00_AXI_AWID'(1) - Only lower order bits will be connected.
VHDL Output written to : C:/SpaceInvaders/SpaceInvaders.srcs/sources_1/bd/hdmi_in/sim/hdmi_in.vhd
VHDL Output written to : C:/SpaceInvaders/SpaceInvaders.srcs/sources_1/bd/hdmi_in/hdl/hdmi_in_wrapper.vhd
add_files -norecurse C:/SpaceInvaders/SpaceInvaders.srcs/sources_1/bd/hdmi_in/hdl/hdmi_in_wrapper.vhd
update_compile_order -fileset sources_1
reset_run synth_1
launch_runs impl_1 -to_step write_bitstream -jobs 8
INFO: [BD 41-1662] The design 'hdmi_in.bd' is already validated. Therefore parameter propagation will not be re-run.
WARNING: [BD 41-235] Width mismatch when connecting pin: '/axi_mem_intercon/m00_couplers/m00_regslice/m_axi_rid'(1) to net 'm00_regslice_to_m00_couplers_RID'(6) - Only lower order bits will be connected.
WARNING: [BD 41-235] Width mismatch when connecting pin: '/axi_mem_intercon/m00_couplers/m00_regslice/m_axi_bid'(1) to net 'm00_regslice_to_m00_couplers_BID'(6) - Only lower order bits will be connected.
WARNING: [BD 41-235] Width mismatch when connecting pin: '/processing_system7_0/S_AXI_HP0_WID'(6) to net 'axi_mem_intercon_M00_AXI_WID'(1) - Only lower order bits will be connected.
WARNING: [BD 41-235] Width mismatch when connecting pin: '/processing_system7_0/S_AXI_HP0_ARID'(6) to net 'axi_mem_intercon_M00_AXI_ARID'(1) - Only lower order bits will be connected.
WARNING: [BD 41-235] Width mismatch when connecting pin: '/processing_system7_0/S_AXI_HP0_AWID'(6) to net 'axi_mem_intercon_M00_AXI_AWID'(1) - Only lower order bits will be connected.
VHDL Output written to : C:/SpaceInvaders/SpaceInvaders.srcs/sources_1/bd/hdmi_in/synth/hdmi_in.vhd
WARNING: [BD 41-235] Width mismatch when connecting pin: '/axi_mem_intercon/m00_couplers/m00_regslice/m_axi_rid'(1) to net 'm00_regslice_to_m00_couplers_RID'(6) - Only lower order bits will be connected.
WARNING: [BD 41-235] Width mismatch when connecting pin: '/axi_mem_intercon/m00_couplers/m00_regslice/m_axi_bid'(1) to net 'm00_regslice_to_m00_couplers_BID'(6) - Only lower order bits will be connected.
WARNING: [BD 41-235] Width mismatch when connecting pin: '/processing_system7_0/S_AXI_HP0_WID'(6) to net 'axi_mem_intercon_M00_AXI_WID'(1) - Only lower order bits will be connected.
WARNING: [BD 41-235] Width mismatch when connecting pin: '/processing_system7_0/S_AXI_HP0_ARID'(6) to net 'axi_mem_intercon_M00_AXI_ARID'(1) - Only lower order bits will be connected.
WARNING: [BD 41-235] Width mismatch when connecting pin: '/processing_system7_0/S_AXI_HP0_AWID'(6) to net 'axi_mem_intercon_M00_AXI_AWID'(1) - Only lower order bits will be connected.
VHDL Output written to : C:/SpaceInvaders/SpaceInvaders.srcs/sources_1/bd/hdmi_in/sim/hdmi_in.vhd
VHDL Output written to : C:/SpaceInvaders/SpaceInvaders.srcs/sources_1/bd/hdmi_in/hdl/hdmi_in_wrapper.vhd
INFO: [BD 41-1029] Generation completed for the IP Integrator block axi_dynclk_0 .
INFO: [BD 41-1029] Generation completed for the IP Integrator block axi_gpio_btn .
INFO: [BD 41-1029] Generation completed for the IP Integrator block axi_gpio_led .
INFO: [BD 41-1029] Generation completed for the IP Integrator block axi_gpio_sw .
INFO: [BD 41-1029] Generation completed for the IP Integrator block axi_vdma_0 .
INFO: [BD 41-1029] Generation completed for the IP Integrator block proc_sys_reset_0 .
INFO: [BD 41-1029] Generation completed for the IP Integrator block processing_system7_0 .
INFO: [BD 41-1029] Generation completed for the IP Integrator block rgb2vga_0 .
INFO: [BD 41-1029] Generation completed for the IP Integrator block rst_processing_system7_0_100M .
INFO: [BD 41-1029] Generation completed for the IP Integrator block rst_processing_system7_0_150M .
INFO: [BD 41-1029] Generation completed for the IP Integrator block v_axi4s_vid_out_0 .
INFO: [BD 41-1029] Generation completed for the IP Integrator block v_tc_0 .
INFO: [BD 41-1029] Generation completed for the IP Integrator block v_tc_1 .
INFO: [BD 41-1029] Generation completed for the IP Integrator block xlconcat_0 .
INFO: [BD 41-1029] Generation completed for the IP Integrator block processing_system7_0_axi_periph/xbar .
INFO: [BD 41-1029] Generation completed for the IP Integrator block axi_mem_intercon/xbar .
INFO: [BD 41-1029] Generation completed for the IP Integrator block processing_system7_0_axi_periph/s00_couplers/auto_pc .
INFO: [BD 41-1029] Generation completed for the IP Integrator block axi_mem_intercon/m00_couplers/m00_data_fifo .
INFO: [BD 41-1029] Generation completed for the IP Integrator block axi_mem_intercon/m00_couplers/m00_regslice .
INFO: [BD 41-1029] Generation completed for the IP Integrator block axi_mem_intercon/m00_couplers/auto_pc .
INFO: [BD 41-1029] Generation completed for the IP Integrator block axi_mem_intercon/s01_couplers/s01_regslice .
INFO: [BD 41-1029] Generation completed for the IP Integrator block axi_mem_intercon/s01_couplers/auto_us_df .
INFO: [BD 41-1029] Generation completed for the IP Integrator block axi_mem_intercon/s00_couplers/s00_regslice .
INFO: [BD 41-1029] Generation completed for the IP Integrator block axi_mem_intercon/s00_couplers/s00_data_fifo .
Exporting to file C:/SpaceInvaders/SpaceInvaders.srcs/sources_1/bd/hdmi_in/hw_handoff/hdmi_in.hwh
Generated Block Design Tcl file C:/SpaceInvaders/SpaceInvaders.srcs/sources_1/bd/hdmi_in/hw_handoff/hdmi_in_bd.tcl
Generated Hardware Definition File C:/SpaceInvaders/SpaceInvaders.srcs/sources_1/bd/hdmi_in/synth/hdmi_in.hwdef
[Tue Jan  8 14:24:53 2019] Launched synth_1...
Run output will be captured here: C:/SpaceInvaders/SpaceInvaders.runs/synth_1/runme.log
[Tue Jan  8 14:24:53 2019] Launched impl_1...
Run output will be captured here: C:/SpaceInvaders/SpaceInvaders.runs/impl_1/runme.log
launch_runs: Time (s): cpu = 00:00:24 ; elapsed = 00:00:31 . Memory (MB): peak = 2875.340 ; gain = 78.250
file copy -force C:/SpaceInvaders/SpaceInvaders.runs/impl_1/hdmi_in_wrapper.sysdef C:/SpaceInvaders/SpaceInvaders.sdk/hdmi_in_wrapper.hdf

launch_sdk -workspace C:/SpaceInvaders/SpaceInvaders.sdk -hwspec C:/SpaceInvaders/SpaceInvaders.sdk/hdmi_in_wrapper.hdf
INFO: [Vivado 12-393] Launching SDK...
INFO: [Vivado 12-417] Running xsdk -workspace C:/SpaceInvaders/SpaceInvaders.sdk -hwspec C:/SpaceInvaders/SpaceInvaders.sdk/hdmi_in_wrapper.hdf
INFO: [Vivado 12-3157] SDK launch initiated. Please check console for any further messages.
open_bd_design {C:/SpaceInvaders/SpaceInvaders.srcs/sources_1/bd/hdmi_in/hdmi_in.bd}
open_bd_design {C:/SpaceInvaders/SpaceInvaders.srcs/sources_1/bd/hdmi_in/hdmi_in.bd}
delete_bd_objs [get_bd_intf_ports IIC_0]
save_bd_design
Wrote  : <C:/SpaceInvaders/SpaceInvaders.srcs/sources_1/bd/hdmi_in/hdmi_in.bd> 
Wrote  : <C:/SpaceInvaders/SpaceInvaders.srcs/sources_1/bd/hdmi_in/ui/bd_3e36a3ac.ui> 
export_ip_user_files -of_objects  [get_files C:/SpaceInvaders/SpaceInvaders.srcs/sources_1/bd/hdmi_in/hdl/hdmi_in_wrapper.vhd] -no_script -reset -force -quiet
remove_files  C:/SpaceInvaders/SpaceInvaders.srcs/sources_1/bd/hdmi_in/hdl/hdmi_in_wrapper.vhd
file delete -force C:/SpaceInvaders/SpaceInvaders.srcs/sources_1/bd/hdmi_in/hdl/hdmi_in_wrapper.vhd
open_bd_design {C:/SpaceInvaders/SpaceInvaders.srcs/sources_1/bd/hdmi_in/hdmi_in.bd}
open_bd_design {C:/SpaceInvaders/SpaceInvaders.srcs/sources_1/bd/hdmi_in/hdmi_in.bd}
open_bd_design {C:/SpaceInvaders/SpaceInvaders.srcs/sources_1/bd/hdmi_in/hdmi_in.bd}
open_bd_design {C:/SpaceInvaders/SpaceInvaders.srcs/sources_1/bd/hdmi_in/hdmi_in.bd}
regenerate_bd_layout
save_bd_design
Wrote  : <C:/SpaceInvaders/SpaceInvaders.srcs/sources_1/bd/hdmi_in/ui/bd_3e36a3ac.ui> 
exit
INFO: [Common 17-206] Exiting Vivado at Tue Jan  8 14:54:16 2019...
