#-----------------------------------------------------------
# Vivado v2018.2 (64-bit)
# SW Build 2258646 on Thu Jun 14 20:03:12 MDT 2018
# IP Build 2256618 on Thu Jun 14 22:10:49 MDT 2018
# Start of session at: Fri Jan 11 13:26:03 2019
# Process ID: 7676
# Current directory: C:/SpaceInvaders
# Command line: vivado.exe -gui_launcher_event rodinguilauncherevent1780 C:\SpaceInvaders\SpaceInvaders.xpr
# Log file: C:/SpaceInvaders/vivado.log
# Journal file: C:/SpaceInvaders\vivado.jou
#-----------------------------------------------------------
start_gui
open_project C:/SpaceInvaders/SpaceInvaders.xpr
Scanning sources...
Finished scanning sources
WARNING: [filemgmt 56-3] IP Repository Path: Could not find the directory 'C:/Users/John/Desktop/hdmi/hdmi-in/hdmi-in.ipdefs/repo_0_0'.
INFO: [IP_Flow 19-234] Refreshing IP repositories
WARNING: [IP_Flow 19-2248] Failed to load user IP repository 'c:/Users/John/Desktop/hdmi/hdmi-in/hdmi-in.ipdefs/repo_0_0'; Can't find the specified path.
If this directory should no longer be in your list of user repositories, go to the IP Settings dialog and remove it.
INFO: [IP_Flow 19-2313] Loaded Vivado IP repository 'C:/Xilinx/Vivado/2018.2/data/ip'.
WARNING: [BD 41-1661] One or more IPs have been locked in the design 'hdmi_in.bd'. Please run report_ip_status for more details and recommendations on how to fix this issue.
List of locked IPs:
hdmi_in_axi_dynclk_0_0
hdmi_in_rgb2vga_0_0

open_project: Time (s): cpu = 00:00:23 ; elapsed = 00:00:16 . Memory (MB): peak = 822.855 ; gain = 117.145
update_compile_order -fileset sources_1
INFO: [Vivado 12-4158] Exported Hardware file is out of date. Exported hardware information may be inconsistent with respect to the current state of the design. It is recommended that you re-export the design and launch SDK otherwise SDK is launched with out of date hardware system file.
launch_sdk -workspace C:/SpaceInvaders/SpaceInvaders.sdk -hwspec C:/SpaceInvaders/SpaceInvaders.sdk/hdmi_in_wrapper.hdf
INFO: [Vivado 12-393] Launching SDK...
INFO: [Vivado 12-417] Running xsdk -workspace C:/SpaceInvaders/SpaceInvaders.sdk -hwspec C:/SpaceInvaders/SpaceInvaders.sdk/hdmi_in_wrapper.hdf
INFO: [Vivado 12-3157] SDK launch initiated. Please check console for any further messages.
