
*** Running vivado
    with args -log hdmi_in_v_axi4s_vid_out_0_0.vds -m64 -product Vivado -mode batch -messageDb vivado.pb -notrace -source hdmi_in_v_axi4s_vid_out_0_0.tcl


****** Vivado v2018.2 (64-bit)
  **** SW Build 2258646 on Thu Jun 14 20:03:12 MDT 2018
  **** IP Build 2256618 on Thu Jun 14 22:10:49 MDT 2018
    ** Copyright 1986-2018 Xilinx, Inc. All Rights Reserved.

source hdmi_in_v_axi4s_vid_out_0_0.tcl -notrace
Command: synth_design -top hdmi_in_v_axi4s_vid_out_0_0 -part xc7z010clg400-1 -mode out_of_context
Starting synth_design
INFO: [IP_Flow 19-2162] IP 'hdmi_in_v_axi4s_vid_out_0_0' is locked:
* IP definition 'AXI4-Stream to Video Out (4.0)' for IP 'hdmi_in_v_axi4s_vid_out_0_0' (customized with software release 2017.2) has a different revision in the IP Catalog.
Please select 'Report IP Status' from the 'Tools/Report' menu or run Tcl command 'report_ip_status' for more information.
Attempting to get a license for feature 'Synthesis' and/or device 'xc7z010'
INFO: [Common 17-349] Got license for feature 'Synthesis' and/or device 'xc7z010'
INFO: Launching helper process for spawning children vivado processes
INFO: Helper process launched with PID 8832 
---------------------------------------------------------------------------------
Starting RTL Elaboration : Time (s): cpu = 00:00:15 ; elapsed = 00:00:24 . Memory (MB): peak = 404.789 ; gain = 98.254
---------------------------------------------------------------------------------
INFO: [Synth 8-6157] synthesizing module 'hdmi_in_v_axi4s_vid_out_0_0' [c:/Users/shuha/OneDrive/Skrivebord/Kurser/3.Semester/3 Ugers Projekt/Zip filer/Spaceinvaders/Spaceinvaders.srcs/sources_1/bd/hdmi_in/ip/hdmi_in_v_axi4s_vid_out_0_0/synth/hdmi_in_v_axi4s_vid_out_0_0.v:58]
INFO: [Synth 8-6157] synthesizing module 'v_axi4s_vid_out_v4_0_6' [c:/Users/shuha/OneDrive/Skrivebord/Kurser/3.Semester/3 Ugers Projekt/Zip filer/Spaceinvaders/Spaceinvaders.srcs/sources_1/bd/hdmi_in/ipshared/6e4e/hdl/v_axi4s_vid_out_v4_0_vl_rfs.v:2283]
	Parameter C_FAMILY bound to: zynq - type: string 
	Parameter C_PIXELS_PER_CLOCK bound to: 1 - type: integer 
	Parameter C_COMPONENTS_PER_PIXEL bound to: 3 - type: integer 
	Parameter C_S_AXIS_COMPONENT_WIDTH bound to: 8 - type: integer 
	Parameter C_NATIVE_COMPONENT_WIDTH bound to: 8 - type: integer 
	Parameter C_NATIVE_DATA_WIDTH bound to: 24 - type: integer 
	Parameter C_S_AXIS_TDATA_WIDTH bound to: 24 - type: integer 
	Parameter C_HAS_ASYNC_CLK bound to: 0 - type: integer 
	Parameter C_ADDR_WIDTH bound to: 5 - type: integer 
	Parameter C_VTG_MASTER_SLAVE bound to: 1 - type: integer 
	Parameter C_HYSTERESIS_LEVEL bound to: 12 - type: integer 
	Parameter C_SYNC_LOCK_THRESHOLD bound to: 4 - type: integer 
	Parameter C_INCLUDE_PIXEL_REPEAT bound to: 0 - type: integer 
	Parameter C_INCLUDE_PIXEL_REMAP_420 bound to: 0 - type: integer 
	Parameter C_ADDR_WIDTH_PIXEL_REMAP_420 bound to: 10 - type: integer 
INFO: [Synth 8-6157] synthesizing module 'v_axi4s_vid_out_v4_0_6_coupler' [c:/Users/shuha/OneDrive/Skrivebord/Kurser/3.Semester/3 Ugers Projekt/Zip filer/Spaceinvaders/Spaceinvaders.srcs/sources_1/bd/hdmi_in/ipshared/6e4e/hdl/v_axi4s_vid_out_v4_0_vl_rfs.v:538]
	Parameter C_FAMILY bound to: zynq - type: string 
	Parameter C_HAS_ASYNC_CLK bound to: 0 - type: integer 
	Parameter C_ADDR_WIDTH bound to: 5 - type: integer 
	Parameter C_PIXELS_PER_CLOCK bound to: 1 - type: integer 
	Parameter C_COMPONENTS_PER_PIXEL bound to: 3 - type: integer 
	Parameter C_S_AXIS_COMPONENT_WIDTH bound to: 8 - type: integer 
	Parameter C_NATIVE_COMPONENT_WIDTH bound to: 8 - type: integer 
	Parameter C_S_AXIS_TDATA_WIDTH bound to: 24 - type: integer 
	Parameter C_NATIVE_DATA_WIDTH bound to: 24 - type: integer 
	Parameter C_NUM_COMPONENTS bound to: 3 - type: integer 
	Parameter C_DO_TRIM bound to: 1'b0 
	Parameter C_DO_PAD bound to: 1'b0 
	Parameter C_DATA_WIDTH bound to: 27 - type: integer 
	Parameter C_DIFF_COMPONENT_WIDTH bound to: 0 - type: integer 
INFO: [Synth 8-6157] synthesizing module 'v_axi4s_vid_out_v4_0_6_fifo' [c:/Users/shuha/OneDrive/Skrivebord/Kurser/3.Semester/3 Ugers Projekt/Zip filer/Spaceinvaders/Spaceinvaders.srcs/sources_1/bd/hdmi_in/ipshared/6e4e/hdl/v_axi4s_vid_out_v4_0_vl_rfs.v:59]
	Parameter C_FAMILY bound to: zynq - type: string 
	Parameter C_HAS_ASYNC_CLK bound to: 0 - type: integer 
	Parameter C_ADDR_WIDTH bound to: 5 - type: integer 
	Parameter C_DATA_WIDTH bound to: 27 - type: integer 
	Parameter C_IMPLEMENTATION_TYPE bound to: 0 - type: integer 
	Parameter C_EN_SAFETY_CKT bound to: 0 - type: integer 
WARNING: [Synth 8-350] instance 'FIFO_INST' of module 'fifo_generator_v13_1_4' requires 231 connections, but only 116 given [c:/Users/shuha/OneDrive/Skrivebord/Kurser/3.Semester/3 Ugers Projekt/Zip filer/Spaceinvaders/Spaceinvaders.srcs/sources_1/bd/hdmi_in/ipshared/6e4e/hdl/v_axi4s_vid_out_v4_0_vl_rfs.v:328]
INFO: [Synth 8-6155] done synthesizing module 'v_axi4s_vid_out_v4_0_6_fifo' (29#1) [c:/Users/shuha/OneDrive/Skrivebord/Kurser/3.Semester/3 Ugers Projekt/Zip filer/Spaceinvaders/Spaceinvaders.srcs/sources_1/bd/hdmi_in/ipshared/6e4e/hdl/v_axi4s_vid_out_v4_0_vl_rfs.v:59]
INFO: [Synth 8-6155] done synthesizing module 'v_axi4s_vid_out_v4_0_6_coupler' (30#1) [c:/Users/shuha/OneDrive/Skrivebord/Kurser/3.Semester/3 Ugers Projekt/Zip filer/Spaceinvaders/Spaceinvaders.srcs/sources_1/bd/hdmi_in/ipshared/6e4e/hdl/v_axi4s_vid_out_v4_0_vl_rfs.v:538]
INFO: [Synth 8-6157] synthesizing module 'v_axi4s_vid_out_v4_0_6_sync' [c:/Users/shuha/OneDrive/Skrivebord/Kurser/3.Semester/3 Ugers Projekt/Zip filer/Spaceinvaders/Spaceinvaders.srcs/sources_1/bd/hdmi_in/ipshared/6e4e/hdl/v_axi4s_vid_out_v4_0_vl_rfs.v:724]
	Parameter C_ADDR_WIDTH bound to: 5 - type: integer 
	Parameter C_VTG_MASTER_SLAVE bound to: 1 - type: integer 
	Parameter C_HYSTERESIS_LEVEL bound to: 12 - type: integer 
	Parameter C_SYNC_LOCK_THRESHOLD bound to: 4 - type: integer 
	Parameter C_SYNC_VTG_LAG_MAX bound to: 32'b00000000000000000000000000100000 
	Parameter C_SYNC_IDLE bound to: 4'b0000 
	Parameter C_SYNC_CALN_SOF_VTG bound to: 4'b0001 
	Parameter C_SYNC_CALN_SOF_FIFO bound to: 4'b0010 
	Parameter C_SYNC_FALN_EOL_LEADING bound to: 4'b0011 
	Parameter C_SYNC_FALN_EOL_LAGGING bound to: 4'b0100 
	Parameter C_SYNC_FALN_SOF_LEADING bound to: 4'b0101 
	Parameter C_SYNC_FALN_SOF_LAGGING bound to: 4'b0110 
	Parameter C_SYNC_FALN_ACTIVE bound to: 4'b0111 
	Parameter C_SYNC_FALN_LOCK bound to: 4'b1000 
	Parameter C_SYNC_LALN_EOL_LEADING bound to: 4'b1001 
	Parameter C_SYNC_LALN_EOL_LAGGING bound to: 4'b1010 
	Parameter C_SYNC_LALN_SOF_LEADING bound to: 4'b1011 
	Parameter C_SYNC_LALN_SOF_LAGGING bound to: 4'b1100 
INFO: [Synth 8-155] case statement is not full and has no default [c:/Users/shuha/OneDrive/Skrivebord/Kurser/3.Semester/3 Ugers Projekt/Zip filer/Spaceinvaders/Spaceinvaders.srcs/sources_1/bd/hdmi_in/ipshared/6e4e/hdl/v_axi4s_vid_out_v4_0_vl_rfs.v:1167]
INFO: [Synth 8-155] case statement is not full and has no default [c:/Users/shuha/OneDrive/Skrivebord/Kurser/3.Semester/3 Ugers Projekt/Zip filer/Spaceinvaders/Spaceinvaders.srcs/sources_1/bd/hdmi_in/ipshared/6e4e/hdl/v_axi4s_vid_out_v4_0_vl_rfs.v:865]
WARNING: [Synth 8-6014] Unused sequential element fifo_fid_dly_reg was removed.  [c:/Users/shuha/OneDrive/Skrivebord/Kurser/3.Semester/3 Ugers Projekt/Zip filer/Spaceinvaders/Spaceinvaders.srcs/sources_1/bd/hdmi_in/ipshared/6e4e/hdl/v_axi4s_vid_out_v4_0_vl_rfs.v:892]
WARNING: [Synth 8-6014] Unused sequential element vtg_fid_dly_reg was removed.  [c:/Users/shuha/OneDrive/Skrivebord/Kurser/3.Semester/3 Ugers Projekt/Zip filer/Spaceinvaders/Spaceinvaders.srcs/sources_1/bd/hdmi_in/ipshared/6e4e/hdl/v_axi4s_vid_out_v4_0_vl_rfs.v:919]
INFO: [Synth 8-6155] done synthesizing module 'v_axi4s_vid_out_v4_0_6_sync' (31#1) [c:/Users/shuha/OneDrive/Skrivebord/Kurser/3.Semester/3 Ugers Projekt/Zip filer/Spaceinvaders/Spaceinvaders.srcs/sources_1/bd/hdmi_in/ipshared/6e4e/hdl/v_axi4s_vid_out_v4_0_vl_rfs.v:724]
INFO: [Synth 8-6157] synthesizing module 'v_axi4s_vid_out_v4_0_6_formatter' [c:/Users/shuha/OneDrive/Skrivebord/Kurser/3.Semester/3 Ugers Projekt/Zip filer/Spaceinvaders/Spaceinvaders.srcs/sources_1/bd/hdmi_in/ipshared/6e4e/hdl/v_axi4s_vid_out_v4_0_vl_rfs.v:1355]
	Parameter C_NATIVE_DATA_WIDTH bound to: 24 - type: integer 
INFO: [Synth 8-6155] done synthesizing module 'v_axi4s_vid_out_v4_0_6_formatter' (32#1) [c:/Users/shuha/OneDrive/Skrivebord/Kurser/3.Semester/3 Ugers Projekt/Zip filer/Spaceinvaders/Spaceinvaders.srcs/sources_1/bd/hdmi_in/ipshared/6e4e/hdl/v_axi4s_vid_out_v4_0_vl_rfs.v:1355]
INFO: [Synth 8-6155] done synthesizing module 'v_axi4s_vid_out_v4_0_6' (33#1) [c:/Users/shuha/OneDrive/Skrivebord/Kurser/3.Semester/3 Ugers Projekt/Zip filer/Spaceinvaders/Spaceinvaders.srcs/sources_1/bd/hdmi_in/ipshared/6e4e/hdl/v_axi4s_vid_out_v4_0_vl_rfs.v:2283]
INFO: [Synth 8-6155] done synthesizing module 'hdmi_in_v_axi4s_vid_out_0_0' (34#1) [c:/Users/shuha/OneDrive/Skrivebord/Kurser/3.Semester/3 Ugers Projekt/Zip filer/Spaceinvaders/Spaceinvaders.srcs/sources_1/bd/hdmi_in/ip/hdmi_in_v_axi4s_vid_out_0_0/synth/hdmi_in_v_axi4s_vid_out_0_0.v:58]
WARNING: [Synth 8-3331] design v_axi4s_vid_out_v4_0_6_sync has unconnected port VTG_HSYNC
WARNING: [Synth 8-3331] design wr_handshaking_flags has unconnected port WR_ACK
WARNING: [Synth 8-3331] design wr_handshaking_flags has unconnected port WR_RST
WARNING: [Synth 8-3331] design wr_handshaking_flags has unconnected port SRST
WARNING: [Synth 8-3331] design wr_status_flags_ss has unconnected port RST_FULL_FF
WARNING: [Synth 8-3331] design wr_status_flags_ss has unconnected port WR_RST
WARNING: [Synth 8-3331] design wr_status_flags_ss has unconnected port SRST
WARNING: [Synth 8-3331] design wr_status_flags_ss has unconnected port SAFETY_CKT_WR_RST
WARNING: [Synth 8-3331] design wr_status_flags_ss has unconnected port WR_PNTR_PLUS2[4]
WARNING: [Synth 8-3331] design wr_status_flags_ss has unconnected port WR_PNTR_PLUS2[3]
WARNING: [Synth 8-3331] design wr_status_flags_ss has unconnected port WR_PNTR_PLUS2[2]
WARNING: [Synth 8-3331] design wr_status_flags_ss has unconnected port WR_PNTR_PLUS2[1]
WARNING: [Synth 8-3331] design wr_status_flags_ss has unconnected port WR_PNTR_PLUS2[0]
WARNING: [Synth 8-3331] design wr_status_flags_ss has unconnected port WR_PNTR_PLUS3[4]
WARNING: [Synth 8-3331] design wr_status_flags_ss has unconnected port WR_PNTR_PLUS3[3]
WARNING: [Synth 8-3331] design wr_status_flags_ss has unconnected port WR_PNTR_PLUS3[2]
WARNING: [Synth 8-3331] design wr_status_flags_ss has unconnected port WR_PNTR_PLUS3[1]
WARNING: [Synth 8-3331] design wr_status_flags_ss has unconnected port WR_PNTR_PLUS3[0]
WARNING: [Synth 8-3331] design wr_bin_cntr has unconnected port RST
WARNING: [Synth 8-3331] design wr_logic has unconnected port WR_EN_INTO_LOGIC
WARNING: [Synth 8-3331] design wr_logic has unconnected port WR_RST_INTO_LOGIC
WARNING: [Synth 8-3331] design wr_logic has unconnected port RD_EN
WARNING: [Synth 8-3331] design wr_logic has unconnected port EMPTY
WARNING: [Synth 8-3331] design wr_logic has unconnected port ALMOST_EMPTY
WARNING: [Synth 8-3331] design wr_logic has unconnected port PROG_FULL_THRESH[4]
WARNING: [Synth 8-3331] design wr_logic has unconnected port PROG_FULL_THRESH[3]
WARNING: [Synth 8-3331] design wr_logic has unconnected port PROG_FULL_THRESH[2]
WARNING: [Synth 8-3331] design wr_logic has unconnected port PROG_FULL_THRESH[1]
WARNING: [Synth 8-3331] design wr_logic has unconnected port PROG_FULL_THRESH[0]
WARNING: [Synth 8-3331] design wr_logic has unconnected port PROG_FULL_THRESH_ASSERT[4]
WARNING: [Synth 8-3331] design wr_logic has unconnected port PROG_FULL_THRESH_ASSERT[3]
WARNING: [Synth 8-3331] design wr_logic has unconnected port PROG_FULL_THRESH_ASSERT[2]
WARNING: [Synth 8-3331] design wr_logic has unconnected port PROG_FULL_THRESH_ASSERT[1]
WARNING: [Synth 8-3331] design wr_logic has unconnected port PROG_FULL_THRESH_ASSERT[0]
WARNING: [Synth 8-3331] design wr_logic has unconnected port PROG_FULL_THRESH_NEGATE[4]
WARNING: [Synth 8-3331] design wr_logic has unconnected port PROG_FULL_THRESH_NEGATE[3]
WARNING: [Synth 8-3331] design wr_logic has unconnected port PROG_FULL_THRESH_NEGATE[2]
WARNING: [Synth 8-3331] design wr_logic has unconnected port PROG_FULL_THRESH_NEGATE[1]
WARNING: [Synth 8-3331] design wr_logic has unconnected port PROG_FULL_THRESH_NEGATE[0]
WARNING: [Synth 8-3331] design updn_cntr has unconnected port RST
WARNING: [Synth 8-3331] design rd_fwft has unconnected port RD_RST
WARNING: [Synth 8-3331] design rd_fwft has unconnected port SAFETY_CKT_RD_RST
WARNING: [Synth 8-3331] design rd_fwft has unconnected port RAM_ALMOST_EMPTY
WARNING: [Synth 8-3331] design rd_handshaking_flags has unconnected port RD_RST
WARNING: [Synth 8-3331] design rd_status_flags_ss has unconnected port RD_RST
WARNING: [Synth 8-3331] design rd_status_flags_ss has unconnected port SAFETY_CKT_RD_RST
WARNING: [Synth 8-3331] design rd_status_flags_ss has unconnected port RD_PNTR_PLUS2[4]
WARNING: [Synth 8-3331] design rd_status_flags_ss has unconnected port RD_PNTR_PLUS2[3]
WARNING: [Synth 8-3331] design rd_status_flags_ss has unconnected port RD_PNTR_PLUS2[2]
WARNING: [Synth 8-3331] design rd_status_flags_ss has unconnected port RD_PNTR_PLUS2[1]
WARNING: [Synth 8-3331] design rd_status_flags_ss has unconnected port RD_PNTR_PLUS2[0]
WARNING: [Synth 8-3331] design rd_bin_cntr has unconnected port RST
WARNING: [Synth 8-3331] design rd_logic has unconnected port RD_EN_INTO_LOGIC
WARNING: [Synth 8-3331] design rd_logic has unconnected port RD_RST_INTO_LOGIC
WARNING: [Synth 8-3331] design rd_logic has unconnected port RST_FULL_FF
WARNING: [Synth 8-3331] design rd_logic has unconnected port ALMOST_FULL_FB
WARNING: [Synth 8-3331] design rd_logic has unconnected port FULL
WARNING: [Synth 8-3331] design rd_logic has unconnected port WR_PNTR_PLUS1_RD[4]
WARNING: [Synth 8-3331] design rd_logic has unconnected port WR_PNTR_PLUS1_RD[3]
WARNING: [Synth 8-3331] design rd_logic has unconnected port WR_PNTR_PLUS1_RD[2]
WARNING: [Synth 8-3331] design rd_logic has unconnected port WR_PNTR_PLUS1_RD[1]
WARNING: [Synth 8-3331] design rd_logic has unconnected port WR_PNTR_PLUS1_RD[0]
WARNING: [Synth 8-3331] design rd_logic has unconnected port PROG_EMPTY_THRESH[4]
WARNING: [Synth 8-3331] design rd_logic has unconnected port PROG_EMPTY_THRESH[3]
WARNING: [Synth 8-3331] design rd_logic has unconnected port PROG_EMPTY_THRESH[2]
WARNING: [Synth 8-3331] design rd_logic has unconnected port PROG_EMPTY_THRESH[1]
WARNING: [Synth 8-3331] design rd_logic has unconnected port PROG_EMPTY_THRESH[0]
WARNING: [Synth 8-3331] design rd_logic has unconnected port PROG_EMPTY_THRESH_ASSERT[4]
WARNING: [Synth 8-3331] design rd_logic has unconnected port PROG_EMPTY_THRESH_ASSERT[3]
WARNING: [Synth 8-3331] design rd_logic has unconnected port PROG_EMPTY_THRESH_ASSERT[2]
WARNING: [Synth 8-3331] design rd_logic has unconnected port PROG_EMPTY_THRESH_ASSERT[1]
WARNING: [Synth 8-3331] design rd_logic has unconnected port PROG_EMPTY_THRESH_ASSERT[0]
WARNING: [Synth 8-3331] design rd_logic has unconnected port PROG_EMPTY_THRESH_NEGATE[4]
WARNING: [Synth 8-3331] design rd_logic has unconnected port PROG_EMPTY_THRESH_NEGATE[3]
WARNING: [Synth 8-3331] design rd_logic has unconnected port PROG_EMPTY_THRESH_NEGATE[2]
WARNING: [Synth 8-3331] design rd_logic has unconnected port PROG_EMPTY_THRESH_NEGATE[1]
WARNING: [Synth 8-3331] design rd_logic has unconnected port PROG_EMPTY_THRESH_NEGATE[0]
WARNING: [Synth 8-3331] design blk_mem_gen_prim_wrapper has unconnected port SSRA
WARNING: [Synth 8-3331] design blk_mem_gen_prim_wrapper has unconnected port REGCEA
WARNING: [Synth 8-3331] design blk_mem_gen_prim_wrapper has unconnected port SSRB
WARNING: [Synth 8-3331] design blk_mem_gen_prim_wrapper has unconnected port WEB[0]
WARNING: [Synth 8-3331] design blk_mem_gen_prim_wrapper has unconnected port DINB[35]
WARNING: [Synth 8-3331] design blk_mem_gen_prim_wrapper has unconnected port DINB[34]
WARNING: [Synth 8-3331] design blk_mem_gen_prim_wrapper has unconnected port DINB[33]
WARNING: [Synth 8-3331] design blk_mem_gen_prim_wrapper has unconnected port DINB[32]
WARNING: [Synth 8-3331] design blk_mem_gen_prim_wrapper has unconnected port DINB[31]
WARNING: [Synth 8-3331] design blk_mem_gen_prim_wrapper has unconnected port DINB[30]
WARNING: [Synth 8-3331] design blk_mem_gen_prim_wrapper has unconnected port DINB[29]
WARNING: [Synth 8-3331] design blk_mem_gen_prim_wrapper has unconnected port DINB[28]
WARNING: [Synth 8-3331] design blk_mem_gen_prim_wrapper has unconnected port DINB[27]
WARNING: [Synth 8-3331] design blk_mem_gen_prim_wrapper has unconnected port DINB[26]
WARNING: [Synth 8-3331] design blk_mem_gen_prim_wrapper has unconnected port DINB[25]
WARNING: [Synth 8-3331] design blk_mem_gen_prim_wrapper has unconnected port DINB[24]
WARNING: [Synth 8-3331] design blk_mem_gen_prim_wrapper has unconnected port DINB[23]
WARNING: [Synth 8-3331] design blk_mem_gen_prim_wrapper has unconnected port DINB[22]
WARNING: [Synth 8-3331] design blk_mem_gen_prim_wrapper has unconnected port DINB[21]
WARNING: [Synth 8-3331] design blk_mem_gen_prim_wrapper has unconnected port DINB[20]
WARNING: [Synth 8-3331] design blk_mem_gen_prim_wrapper has unconnected port DINB[19]
WARNING: [Synth 8-3331] design blk_mem_gen_prim_wrapper has unconnected port DINB[18]
WARNING: [Synth 8-3331] design blk_mem_gen_prim_wrapper has unconnected port DINB[17]
INFO: [Common 17-14] Message 'Synth 8-3331' appears 100 times and further instances of the messages will be disabled. Use the Tcl command set_msg_config to change the current settings.
---------------------------------------------------------------------------------
Finished RTL Elaboration : Time (s): cpu = 00:02:14 ; elapsed = 00:02:55 . Memory (MB): peak = 686.973 ; gain = 380.438
---------------------------------------------------------------------------------

Report Check Netlist: 
+------+------------------+-------+---------+-------+------------------+
|      |Item              |Errors |Warnings |Status |Description       |
+------+------------------+-------+---------+-------+------------------+
|1     |multi_driven_nets |      0|        0|Passed |Multi driven nets |
+------+------------------+-------+---------+-------+------------------+
---------------------------------------------------------------------------------
Start Handling Custom Attributes
---------------------------------------------------------------------------------
---------------------------------------------------------------------------------
Finished Handling Custom Attributes : Time (s): cpu = 00:02:14 ; elapsed = 00:02:56 . Memory (MB): peak = 686.973 ; gain = 380.438
---------------------------------------------------------------------------------
---------------------------------------------------------------------------------
Finished RTL Optimization Phase 1 : Time (s): cpu = 00:02:14 ; elapsed = 00:02:56 . Memory (MB): peak = 686.973 ; gain = 380.438
---------------------------------------------------------------------------------
INFO: [Netlist 29-17] Analyzing 1 Unisim elements for replacement
INFO: [Netlist 29-28] Unisim Transformation completed in 0 CPU seconds
INFO: [Device 21-403] Loading part xc7z010clg400-1
INFO: [Project 1-570] Preparing netlist for logic optimization

Processing XDC Constraints
Initializing timing engine
Parsing XDC File [c:/Users/shuha/OneDrive/Skrivebord/Kurser/3.Semester/3 Ugers Projekt/Zip filer/Spaceinvaders/Spaceinvaders.srcs/sources_1/bd/hdmi_in/ip/hdmi_in_v_axi4s_vid_out_0_0/hdmi_in_v_axi4s_vid_out_0_0_ooc.xdc] for cell 'inst'
Finished Parsing XDC File [c:/Users/shuha/OneDrive/Skrivebord/Kurser/3.Semester/3 Ugers Projekt/Zip filer/Spaceinvaders/Spaceinvaders.srcs/sources_1/bd/hdmi_in/ip/hdmi_in_v_axi4s_vid_out_0_0/hdmi_in_v_axi4s_vid_out_0_0_ooc.xdc] for cell 'inst'
Parsing XDC File [C:/Users/shuha/OneDrive/Skrivebord/Kurser/3.Semester/3 Ugers Projekt/Zip filer/Spaceinvaders/Spaceinvaders.runs/hdmi_in_v_axi4s_vid_out_0_0_synth_1/dont_touch.xdc]
Finished Parsing XDC File [C:/Users/shuha/OneDrive/Skrivebord/Kurser/3.Semester/3 Ugers Projekt/Zip filer/Spaceinvaders/Spaceinvaders.runs/hdmi_in_v_axi4s_vid_out_0_0_synth_1/dont_touch.xdc]
Parsing XDC File [c:/Users/shuha/OneDrive/Skrivebord/Kurser/3.Semester/3 Ugers Projekt/Zip filer/Spaceinvaders/Spaceinvaders.srcs/sources_1/bd/hdmi_in/ip/hdmi_in_v_axi4s_vid_out_0_0/hdmi_in_v_axi4s_vid_out_0_0_clocks.xdc] for cell 'inst'
Finished Parsing XDC File [c:/Users/shuha/OneDrive/Skrivebord/Kurser/3.Semester/3 Ugers Projekt/Zip filer/Spaceinvaders/Spaceinvaders.srcs/sources_1/bd/hdmi_in/ip/hdmi_in_v_axi4s_vid_out_0_0/hdmi_in_v_axi4s_vid_out_0_0_clocks.xdc] for cell 'inst'
Completed Processing XDC Constraints

INFO: [Project 1-111] Unisim Transformation Summary:
No Unisim elements were transformed.

Constraint Validation Runtime : Time (s): cpu = 00:00:00 ; elapsed = 00:00:00.076 . Memory (MB): peak = 798.504 ; gain = 1.566
---------------------------------------------------------------------------------
Finished Constraint Validation : Time (s): cpu = 00:02:36 ; elapsed = 00:03:29 . Memory (MB): peak = 798.504 ; gain = 491.969
---------------------------------------------------------------------------------
---------------------------------------------------------------------------------
Start Loading Part and Timing Information
---------------------------------------------------------------------------------
Loading part: xc7z010clg400-1
---------------------------------------------------------------------------------
Finished Loading Part and Timing Information : Time (s): cpu = 00:02:36 ; elapsed = 00:03:29 . Memory (MB): peak = 798.504 ; gain = 491.969
---------------------------------------------------------------------------------
---------------------------------------------------------------------------------
Start Applying 'set_property' XDC Constraints
---------------------------------------------------------------------------------
Applied set_property DONT_TOUCH = true for inst. (constraint file  {C:/Users/shuha/OneDrive/Skrivebord/Kurser/3.Semester/3 Ugers Projekt/Zip filer/Spaceinvaders/Spaceinvaders.runs/hdmi_in_v_axi4s_vid_out_0_0_synth_1/dont_touch.xdc}, line 9).
---------------------------------------------------------------------------------
Finished applying 'set_property' XDC Constraints : Time (s): cpu = 00:02:36 ; elapsed = 00:03:29 . Memory (MB): peak = 798.504 ; gain = 491.969
---------------------------------------------------------------------------------
INFO: [Synth 8-5544] ROM "leaving_empty_fwft" won't be mapped to Block RAM because address size (2) smaller than threshold (5)
INFO: [Synth 8-802] inferred FSM for state register 'state_reg' in module 'v_axi4s_vid_out_v4_0_6_sync'
INFO: [Synth 8-5544] ROM "status_reg" won't be mapped to Block RAM because address size (4) smaller than threshold (5)
INFO: [Synth 8-5544] ROM "next_state" won't be mapped to Block RAM because address size (1) smaller than threshold (5)
INFO: [Synth 8-5544] ROM "next_state" won't be mapped to Block RAM because address size (1) smaller than threshold (5)
INFO: [Synth 8-5544] ROM "next_state" won't be mapped to Block RAM because address size (1) smaller than threshold (5)
INFO: [Synth 8-5544] ROM "next_state" won't be mapped to Block RAM because address size (1) smaller than threshold (5)
INFO: [Synth 8-5544] ROM "next_state" won't be mapped to Block RAM because address size (1) smaller than threshold (5)
INFO: [Synth 8-5544] ROM "next_state" won't be mapped to Block RAM because address size (1) smaller than threshold (5)
INFO: [Synth 8-5544] ROM "next_state" won't be mapped to Block RAM because address size (1) smaller than threshold (5)
---------------------------------------------------------------------------------------------------
                   State |                     New Encoding |                Previous Encoding 
---------------------------------------------------------------------------------------------------
             C_SYNC_IDLE |                             0001 |                             0000
    C_SYNC_CALN_SOF_FIFO |                             0100 |                             0010
     C_SYNC_CALN_SOF_VTG |                             0101 |                             0001
      C_SYNC_FALN_ACTIVE |                             0010 |                             0111
 C_SYNC_FALN_EOL_LEADING |                             0000 |                             0011
 C_SYNC_FALN_EOL_LAGGING |                             0011 |                             0100
 C_SYNC_FALN_SOF_LEADING |                             1001 |                             0101
 C_SYNC_FALN_SOF_LAGGING |                             1010 |                             0110
        C_SYNC_FALN_LOCK |                             1011 |                             1000
 C_SYNC_LALN_EOL_LEADING |                             1100 |                             1001
 C_SYNC_LALN_EOL_LAGGING |                             1000 |                             1010
 C_SYNC_LALN_SOF_LEADING |                             0111 |                             1011
 C_SYNC_LALN_SOF_LAGGING |                             0110 |                             1100
---------------------------------------------------------------------------------------------------
INFO: [Synth 8-3354] encoded FSM with state register 'state_reg' using encoding 'sequential' in module 'v_axi4s_vid_out_v4_0_6_sync'
---------------------------------------------------------------------------------
Finished RTL Optimization Phase 2 : Time (s): cpu = 00:02:38 ; elapsed = 00:03:32 . Memory (MB): peak = 798.504 ; gain = 491.969
---------------------------------------------------------------------------------

Report RTL Partitions: 
+-+--------------+------------+----------+
| |RTL Partition |Replication |Instances |
+-+--------------+------------+----------+
+-+--------------+------------+----------+
---------------------------------------------------------------------------------
Start RTL Component Statistics 
---------------------------------------------------------------------------------
Detailed RTL Component Info : 
+---Adders : 
	   2 Input      8 Bit       Adders := 2     
	   2 Input      6 Bit       Adders := 1     
	   2 Input      5 Bit       Adders := 2     
+---XORs : 
	   2 Input      1 Bit         XORs := 21    
+---Registers : 
	               32 Bit    Registers := 1     
	               24 Bit    Registers := 1     
	               13 Bit    Registers := 2     
	                8 Bit    Registers := 2     
	                6 Bit    Registers := 1     
	                5 Bit    Registers := 4     
	                4 Bit    Registers := 1     
	                2 Bit    Registers := 1     
	                1 Bit    Registers := 33    
+---Muxes : 
	  13 Input     32 Bit        Muxes := 1     
	   2 Input     32 Bit        Muxes := 1     
	  13 Input     13 Bit        Muxes := 1     
	   2 Input     13 Bit        Muxes := 1     
	  13 Input      4 Bit        Muxes := 1     
	  30 Input      4 Bit        Muxes := 1     
	   2 Input      2 Bit        Muxes := 4     
	   5 Input      2 Bit        Muxes := 1     
	   2 Input      1 Bit        Muxes := 10    
	   3 Input      1 Bit        Muxes := 1     
	   4 Input      1 Bit        Muxes := 2     
---------------------------------------------------------------------------------
Finished RTL Component Statistics 
---------------------------------------------------------------------------------
---------------------------------------------------------------------------------
Start RTL Hierarchical Component Statistics 
---------------------------------------------------------------------------------
Hierarchical RTL Component report 
Module rd_bin_cntr 
Detailed RTL Component Info : 
+---Adders : 
	   2 Input      5 Bit       Adders := 1     
+---Registers : 
	                5 Bit    Registers := 2     
Module compare 
Detailed RTL Component Info : 
+---XORs : 
	   2 Input      1 Bit         XORs := 5     
Module rd_status_flags_ss 
Detailed RTL Component Info : 
+---Registers : 
	                1 Bit    Registers := 2     
+---Muxes : 
	   2 Input      1 Bit        Muxes := 1     
Module rd_handshaking_flags 
Detailed RTL Component Info : 
+---Registers : 
	                1 Bit    Registers := 3     
Module rd_fwft 
Detailed RTL Component Info : 
+---Registers : 
	                2 Bit    Registers := 1     
	                1 Bit    Registers := 6     
+---Muxes : 
	   2 Input      2 Bit        Muxes := 4     
	   5 Input      2 Bit        Muxes := 1     
	   3 Input      1 Bit        Muxes := 1     
	   2 Input      1 Bit        Muxes := 5     
	   4 Input      1 Bit        Muxes := 2     
Module updn_cntr 
Detailed RTL Component Info : 
+---Adders : 
	   2 Input      6 Bit       Adders := 1     
+---Registers : 
	                6 Bit    Registers := 1     
Module dc_ss_fwft 
Detailed RTL Component Info : 
+---XORs : 
	   2 Input      1 Bit         XORs := 1     
Module wr_bin_cntr 
Detailed RTL Component Info : 
+---Adders : 
	   2 Input      5 Bit       Adders := 1     
+---Registers : 
	                5 Bit    Registers := 2     
Module wr_status_flags_ss 
Detailed RTL Component Info : 
+---Registers : 
	                1 Bit    Registers := 2     
Module wr_handshaking_flags 
Detailed RTL Component Info : 
+---Registers : 
	                1 Bit    Registers := 1     
Module v_axi4s_vid_out_v4_0_6_sync 
Detailed RTL Component Info : 
+---Adders : 
	   2 Input      8 Bit       Adders := 2     
+---Registers : 
	               32 Bit    Registers := 1     
	               13 Bit    Registers := 2     
	                8 Bit    Registers := 2     
	                4 Bit    Registers := 1     
	                1 Bit    Registers := 10    
+---Muxes : 
	  13 Input     32 Bit        Muxes := 1     
	   2 Input     32 Bit        Muxes := 1     
	  13 Input     13 Bit        Muxes := 1     
	   2 Input     13 Bit        Muxes := 1     
	  13 Input      4 Bit        Muxes := 1     
	  30 Input      4 Bit        Muxes := 1     
	   2 Input      1 Bit        Muxes := 4     
Module v_axi4s_vid_out_v4_0_6_formatter 
Detailed RTL Component Info : 
+---Registers : 
	               24 Bit    Registers := 1     
	                1 Bit    Registers := 9     
---------------------------------------------------------------------------------
Finished RTL Hierarchical Component Statistics
---------------------------------------------------------------------------------
---------------------------------------------------------------------------------
Start Part Resource Summary
---------------------------------------------------------------------------------
Part Resources:
DSPs: 80 (col length:40)
BRAMs: 120 (col length: RAMB18 40 RAMB36 20)
---------------------------------------------------------------------------------
Finished Part Resource Summary
---------------------------------------------------------------------------------
---------------------------------------------------------------------------------
Start Cross Boundary and Area Optimization
---------------------------------------------------------------------------------
Warning: Parallel synthesis criteria is not met 
INFO: [Synth 8-3886] merging instance 'inst/SYNC_INST/status_reg_reg[15]' (FDRE) to 'inst/SYNC_INST/status_reg_reg[21]'
INFO: [Synth 8-3886] merging instance 'inst/SYNC_INST/status_reg_reg[21]' (FDRE) to 'inst/SYNC_INST/status_reg_reg[22]'
INFO: [Synth 8-3886] merging instance 'inst/SYNC_INST/status_reg_reg[22]' (FDRE) to 'inst/SYNC_INST/status_reg_reg[23]'
INFO: [Synth 8-3886] merging instance 'inst/SYNC_INST/status_reg_reg[23]' (FDRE) to 'inst/SYNC_INST/status_reg_reg[24]'
INFO: [Synth 8-3886] merging instance 'inst/SYNC_INST/status_reg_reg[24]' (FDRE) to 'inst/SYNC_INST/status_reg_reg[25]'
INFO: [Synth 8-3886] merging instance 'inst/SYNC_INST/status_reg_reg[25]' (FDRE) to 'inst/SYNC_INST/status_reg_reg[26]'
INFO: [Synth 8-3886] merging instance 'inst/SYNC_INST/status_reg_reg[26]' (FDRE) to 'inst/SYNC_INST/status_reg_reg[27]'
INFO: [Synth 8-3886] merging instance 'inst/SYNC_INST/status_reg_reg[27]' (FDRE) to 'inst/SYNC_INST/status_reg_reg[28]'
INFO: [Synth 8-3886] merging instance 'inst/SYNC_INST/status_reg_reg[28]' (FDRE) to 'inst/SYNC_INST/status_reg_reg[29]'
INFO: [Synth 8-3886] merging instance 'inst/SYNC_INST/status_reg_reg[29]' (FDRE) to 'inst/SYNC_INST/status_reg_reg[30]'
INFO: [Synth 8-3886] merging instance 'inst/SYNC_INST/status_reg_reg[30]' (FDRE) to 'inst/SYNC_INST/status_reg_reg[31]'
INFO: [Synth 8-3333] propagating constant 0 across sequential element (inst/\SYNC_INST/status_reg_reg[31] )
INFO: [Synth 8-3332] Sequential element (SYNC_INST/status_reg_reg[31]) is unused and will be removed from module v_axi4s_vid_out_v4_0_6.
---------------------------------------------------------------------------------
Finished Cross Boundary and Area Optimization : Time (s): cpu = 00:02:42 ; elapsed = 00:03:38 . Memory (MB): peak = 798.504 ; gain = 491.969
---------------------------------------------------------------------------------

Report RTL Partitions: 
+-+--------------+------------+----------+
| |RTL Partition |Replication |Instances |
+-+--------------+------------+----------+
+-+--------------+------------+----------+
---------------------------------------------------------------------------------
Start Applying XDC Timing Constraints
---------------------------------------------------------------------------------
---------------------------------------------------------------------------------
Finished Applying XDC Timing Constraints : Time (s): cpu = 00:03:04 ; elapsed = 00:04:10 . Memory (MB): peak = 798.504 ; gain = 491.969
---------------------------------------------------------------------------------
---------------------------------------------------------------------------------
Start Timing Optimization
---------------------------------------------------------------------------------
---------------------------------------------------------------------------------
Finished Timing Optimization : Time (s): cpu = 00:03:04 ; elapsed = 00:04:11 . Memory (MB): peak = 807.375 ; gain = 500.840
---------------------------------------------------------------------------------

Report RTL Partitions: 
+-+--------------+------------+----------+
| |RTL Partition |Replication |Instances |
+-+--------------+------------+----------+
+-+--------------+------------+----------+
---------------------------------------------------------------------------------
Start Technology Mapping
---------------------------------------------------------------------------------
---------------------------------------------------------------------------------
Finished Technology Mapping : Time (s): cpu = 00:03:05 ; elapsed = 00:04:11 . Memory (MB): peak = 817.418 ; gain = 510.883
---------------------------------------------------------------------------------

Report RTL Partitions: 
+-+--------------+------------+----------+
| |RTL Partition |Replication |Instances |
+-+--------------+------------+----------+
+-+--------------+------------+----------+
---------------------------------------------------------------------------------
Start IO Insertion
---------------------------------------------------------------------------------
---------------------------------------------------------------------------------
Start Flattening Before IO Insertion
---------------------------------------------------------------------------------
---------------------------------------------------------------------------------
Finished Flattening Before IO Insertion
---------------------------------------------------------------------------------
---------------------------------------------------------------------------------
Start Final Netlist Cleanup
---------------------------------------------------------------------------------
---------------------------------------------------------------------------------
Finished Final Netlist Cleanup
---------------------------------------------------------------------------------
---------------------------------------------------------------------------------
Finished IO Insertion : Time (s): cpu = 00:03:07 ; elapsed = 00:04:15 . Memory (MB): peak = 817.418 ; gain = 510.883
---------------------------------------------------------------------------------

Report Check Netlist: 
+------+------------------+-------+---------+-------+------------------+
|      |Item              |Errors |Warnings |Status |Description       |
+------+------------------+-------+---------+-------+------------------+
|1     |multi_driven_nets |      0|        0|Passed |Multi driven nets |
+------+------------------+-------+---------+-------+------------------+
---------------------------------------------------------------------------------
Start Renaming Generated Instances
---------------------------------------------------------------------------------
---------------------------------------------------------------------------------
Finished Renaming Generated Instances : Time (s): cpu = 00:03:07 ; elapsed = 00:04:15 . Memory (MB): peak = 817.418 ; gain = 510.883
---------------------------------------------------------------------------------

Report RTL Partitions: 
+-+--------------+------------+----------+
| |RTL Partition |Replication |Instances |
+-+--------------+------------+----------+
+-+--------------+------------+----------+
---------------------------------------------------------------------------------
Start Rebuilding User Hierarchy
---------------------------------------------------------------------------------
---------------------------------------------------------------------------------
Finished Rebuilding User Hierarchy : Time (s): cpu = 00:03:07 ; elapsed = 00:04:15 . Memory (MB): peak = 817.418 ; gain = 510.883
---------------------------------------------------------------------------------
---------------------------------------------------------------------------------
Start Renaming Generated Ports
---------------------------------------------------------------------------------
---------------------------------------------------------------------------------
Finished Renaming Generated Ports : Time (s): cpu = 00:03:07 ; elapsed = 00:04:15 . Memory (MB): peak = 817.418 ; gain = 510.883
---------------------------------------------------------------------------------
---------------------------------------------------------------------------------
Start Handling Custom Attributes
---------------------------------------------------------------------------------
---------------------------------------------------------------------------------
Finished Handling Custom Attributes : Time (s): cpu = 00:03:07 ; elapsed = 00:04:15 . Memory (MB): peak = 817.418 ; gain = 510.883
---------------------------------------------------------------------------------
---------------------------------------------------------------------------------
Start Renaming Generated Nets
---------------------------------------------------------------------------------
---------------------------------------------------------------------------------
Finished Renaming Generated Nets : Time (s): cpu = 00:03:07 ; elapsed = 00:04:15 . Memory (MB): peak = 817.418 ; gain = 510.883
---------------------------------------------------------------------------------
---------------------------------------------------------------------------------
Start Writing Synthesis Report
---------------------------------------------------------------------------------

Report BlackBoxes: 
+-+--------------+----------+
| |BlackBox name |Instances |
+-+--------------+----------+
+-+--------------+----------+

Report Cell Usage: 
+------+---------+------+
|      |Cell     |Count |
+------+---------+------+
|1     |CARRY4   |    20|
|2     |LUT1     |    12|
|3     |LUT2     |    24|
|4     |LUT3     |    19|
|5     |LUT4     |    33|
|6     |LUT5     |    33|
|7     |LUT6     |    65|
|8     |RAMB18E1 |     1|
|9     |FDRE     |   199|
|10    |FDSE     |    12|
+------+---------+------+

Report Instance Areas: 
+------+-------------------------------------------------------------+---------------------------------+------+
|      |Instance                                                     |Module                           |Cells |
+------+-------------------------------------------------------------+---------------------------------+------+
|1     |top                                                          |                                 |   418|
|2     |  inst                                                       |v_axi4s_vid_out_v4_0_6           |   418|
|3     |    COUPLER_INST                                             |v_axi4s_vid_out_v4_0_6_coupler   |    87|
|4     |      FIFO_INST                                              |v_axi4s_vid_out_v4_0_6_fifo      |    87|
|5     |        FIFO_INST                                            |fifo_generator_v13_1_4           |    81|
|6     |          inst_fifo_gen                                      |fifo_generator_v13_1_4_synth     |    81|
|7     |            \gconvfifo.rf                                    |fifo_generator_top               |    81|
|8     |              \grf.rf                                        |fifo_generator_ramfifo           |    81|
|9     |                \gntv_or_sync_fifo.gl0.rd                    |rd_logic                         |    49|
|10    |                  \gr1.gdcf.dc                               |dc_ss_fwft                       |    13|
|11    |                    dc                                       |updn_cntr                        |    13|
|12    |                  \gr1.gr1_int.rfwft                         |rd_fwft                          |    18|
|13    |                  \grhf.rhf                                  |rd_handshaking_flags             |     1|
|14    |                  \grss.rsts                                 |rd_status_flags_ss               |     2|
|15    |                  rpntr                                      |rd_bin_cntr                      |    15|
|16    |                \gntv_or_sync_fifo.gl0.wr                    |wr_logic                         |    31|
|17    |                  \gwhf.whf                                  |wr_handshaking_flags             |     1|
|18    |                  \gwss.wsts                                 |wr_status_flags_ss               |     7|
|19    |                  wpntr                                      |wr_bin_cntr                      |    23|
|20    |                \gntv_or_sync_fifo.mem                       |memory                           |     1|
|21    |                  \gbm.gbmg.gbmgb.ngecc.bmg                  |blk_mem_gen_v8_3_6               |     1|
|22    |                    inst_blk_mem_gen                         |blk_mem_gen_v8_3_6_synth         |     1|
|23    |                      \gnbram.gnativebmg.native_blk_mem_gen  |blk_mem_gen_top                  |     1|
|24    |                        \valid.cstr                          |blk_mem_gen_generic_cstr         |     1|
|25    |                          \ramloop[0].ram.r                  |blk_mem_gen_prim_width           |     1|
|26    |                            \prim_noinit.ram                 |blk_mem_gen_prim_wrapper         |     1|
|27    |    FORMATTER_INST                                           |v_axi4s_vid_out_v4_0_6_formatter |    37|
|28    |    SYNC_INST                                                |v_axi4s_vid_out_v4_0_6_sync      |   294|
+------+-------------------------------------------------------------+---------------------------------+------+
---------------------------------------------------------------------------------
Finished Writing Synthesis Report : Time (s): cpu = 00:03:07 ; elapsed = 00:04:15 . Memory (MB): peak = 817.418 ; gain = 510.883
---------------------------------------------------------------------------------
Synthesis finished with 0 errors, 0 critical warnings and 419 warnings.
Synthesis Optimization Runtime : Time (s): cpu = 00:00:38 ; elapsed = 00:03:50 . Memory (MB): peak = 817.418 ; gain = 399.352
Synthesis Optimization Complete : Time (s): cpu = 00:03:08 ; elapsed = 00:04:15 . Memory (MB): peak = 817.418 ; gain = 510.883
INFO: [Project 1-571] Translating synthesized netlist
INFO: [Netlist 29-17] Analyzing 21 Unisim elements for replacement
INFO: [Netlist 29-28] Unisim Transformation completed in 0 CPU seconds
INFO: [Project 1-570] Preparing netlist for logic optimization
INFO: [Opt 31-138] Pushed 0 inverter(s) to 0 load pin(s).
INFO: [Project 1-111] Unisim Transformation Summary:
No Unisim elements were transformed.

INFO: [Common 17-83] Releasing license: Synthesis
53 Infos, 103 Warnings, 0 Critical Warnings and 0 Errors encountered.
synth_design completed successfully
synth_design: Time (s): cpu = 00:03:12 ; elapsed = 00:04:22 . Memory (MB): peak = 817.418 ; gain = 518.293
INFO: [Coretcl 2-1174] Renamed 27 cell refs.
WARNING: [Constraints 18-5210] No constraint will be written out.
INFO: [Common 17-1381] The checkpoint 'C:/Users/shuha/OneDrive/Skrivebord/Kurser/3.Semester/3 Ugers Projekt/Zip filer/Spaceinvaders/Spaceinvaders.runs/hdmi_in_v_axi4s_vid_out_0_0_synth_1/hdmi_in_v_axi4s_vid_out_0_0.dcp' has been generated.
INFO: [runtcl-4] Executing : report_utilization -file hdmi_in_v_axi4s_vid_out_0_0_utilization_synth.rpt -pb hdmi_in_v_axi4s_vid_out_0_0_utilization_synth.pb
report_utilization: Time (s): cpu = 00:00:00 ; elapsed = 00:00:00.068 . Memory (MB): peak = 817.418 ; gain = 0.000
INFO: [Common 17-206] Exiting Vivado at Mon Jan  7 14:06:27 2019...
