11:02:00 INFO  : Registering command handlers for SDK TCF services
11:02:01 INFO  : Launching XSCT server: xsct.bat -interactive C:\Users\John\Documents\GitHub\SpaceInvaders\SpaceInvaders.sdk\temp_xsdb_launch_script.tcl
11:02:04 INFO  : XSCT server has started successfully.
11:02:07 INFO  : Successfully done setting XSCT server connection channel  
11:02:07 INFO  : Processing command line option -hwspec C:/Users/John/Documents/GitHub/SpaceInvaders/SpaceInvaders.sdk/block_design_wrapper.hdf.
11:02:07 INFO  : Successfully done setting SDK workspace  
11:11:51 INFO  : 'targets -set -filter {jtag_cable_name =~ "Digilent Zybo 210279654856A" && level==0} -index 1' command is executed.
11:11:51 INFO  : 'fpga -state' command is executed.
11:12:18 INFO  : Connected to target on host '127.0.0.1' and port '3121'.
11:12:18 INFO  : 'targets -set -filter {jtag_cable_name =~ "Digilent Zybo 210279654856A" && level==0} -index 1' command is executed.
11:12:19 INFO  : FPGA configured successfully with bitstream "C:/Users/John/Documents/GitHub/SpaceInvaders/SpaceInvaders.sdk/block_design_wrapper_hw_platform_0/block_design_wrapper.bit"
11:12:27 INFO  : 'targets -set -filter {jtag_cable_name =~ "Digilent Zybo 210279654856A" && level==0} -index 1' command is executed.
11:12:27 INFO  : 'fpga -state' command is executed.
11:12:27 INFO  : Connected to target on host '127.0.0.1' and port '3121'.
11:12:27 INFO  : Jtag cable 'Digilent Zybo 210279654856A' is selected.
11:12:27 INFO  : 'jtag frequency' command is executed.
11:12:27 INFO  : Sourcing of 'C:/Users/John/Documents/GitHub/SpaceInvaders/SpaceInvaders.sdk/block_design_wrapper_hw_platform_0/ps7_init.tcl' is done.
11:12:27 INFO  : Context for 'APU' is selected.
11:12:27 INFO  : Hardware design information is loaded from 'C:/Users/John/Documents/GitHub/SpaceInvaders/SpaceInvaders.sdk/block_design_wrapper_hw_platform_0/system.hdf'.
11:12:27 INFO  : 'configparams force-mem-access 1' command is executed.
11:12:27 INFO  : Context for 'APU' is selected.
11:12:27 INFO  : 'stop' command is executed.
11:12:28 INFO  : 'ps7_init' command is executed.
11:12:28 INFO  : 'ps7_post_config' command is executed.
11:12:28 INFO  : Context for processor 'ps7_cortexa9_0' is selected.
11:12:28 INFO  : Processor reset is completed for 'ps7_cortexa9_0'.
11:12:28 INFO  : Context for processor 'ps7_cortexa9_0' is selected.
11:12:28 INFO  : The application 'C:/Users/John/Documents/GitHub/SpaceInvaders/SpaceInvaders.sdk/Space_Invaders/Debug/Space_Invaders.elf' is downloaded to processor 'ps7_cortexa9_0'.
11:12:28 INFO  : 'configparams force-mem-access 0' command is executed.
11:12:28 INFO  : ----------------XSDB Script----------------
connect -url tcp:127.0.0.1:3121
source C:/Users/John/Documents/GitHub/SpaceInvaders/SpaceInvaders.sdk/block_design_wrapper_hw_platform_0/ps7_init.tcl
targets -set -nocase -filter {name =~"APU*" && jtag_cable_name =~ "Digilent Zybo 210279654856A"} -index 0
loadhw -hw C:/Users/John/Documents/GitHub/SpaceInvaders/SpaceInvaders.sdk/block_design_wrapper_hw_platform_0/system.hdf -mem-ranges [list {0x40000000 0xbfffffff}]
configparams force-mem-access 1
targets -set -nocase -filter {name =~"APU*" && jtag_cable_name =~ "Digilent Zybo 210279654856A"} -index 0
stop
ps7_init
ps7_post_config
targets -set -nocase -filter {name =~ "ARM*#0" && jtag_cable_name =~ "Digilent Zybo 210279654856A"} -index 0
rst -processor
targets -set -nocase -filter {name =~ "ARM*#0" && jtag_cable_name =~ "Digilent Zybo 210279654856A"} -index 0
dow C:/Users/John/Documents/GitHub/SpaceInvaders/SpaceInvaders.sdk/Space_Invaders/Debug/Space_Invaders.elf
configparams force-mem-access 0
----------------End of Script----------------

11:12:28 INFO  : Context for processor 'ps7_cortexa9_0' is selected.
11:12:28 INFO  : 'con' command is executed.
11:12:28 INFO  : ----------------XSDB Script (After Launch)----------------
targets -set -nocase -filter {name =~ "ARM*#0" && jtag_cable_name =~ "Digilent Zybo 210279654856A"} -index 0
con
----------------End of Script----------------

11:12:28 INFO  : Disconnected from the channel tcfchan#1.
