INFO: [VRFC 10-2263] Analyzing Verilog file "C:/SpaceInvaders/SpaceInvaders.sim/sim_1/impl/timing/xsim/hdmi_in_wrapper_time_impl.v" into library xil_defaultlib
INFO: [VRFC 10-311] analyzing module IOBUF_UNIQ_BASE_
INFO: [VRFC 10-311] analyzing module IOBUF_HD78
INFO: [VRFC 10-311] analyzing module IOBUF_HD79
INFO: [VRFC 10-311] analyzing module IOBUF_HD80
INFO: [VRFC 10-311] analyzing module RAM32M_UNIQ_BASE_
INFO: [VRFC 10-311] analyzing module RAM32M_HD1
INFO: [VRFC 10-311] analyzing module RAM32M_HD10
INFO: [VRFC 10-311] analyzing module RAM32M_HD11
INFO: [VRFC 10-311] analyzing module RAM32M_HD12
INFO: [VRFC 10-311] analyzing module RAM32M_HD13
INFO: [VRFC 10-311] analyzing module RAM32M_HD14
INFO: [VRFC 10-311] analyzing module RAM32M_HD15
INFO: [VRFC 10-311] analyzing module RAM32M_HD16
INFO: [VRFC 10-311] analyzing module RAM32M_HD17
INFO: [VRFC 10-311] analyzing module RAM32M_HD18
INFO: [VRFC 10-311] analyzing module RAM32M_HD19
INFO: [VRFC 10-311] analyzing module RAM32M_HD2
INFO: [VRFC 10-311] analyzing module RAM32M_HD20
INFO: [VRFC 10-311] analyzing module RAM32M_HD21
INFO: [VRFC 10-311] analyzing module RAM32M_HD22
INFO: [VRFC 10-311] analyzing module RAM32M_HD23
INFO: [VRFC 10-311] analyzing module RAM32M_HD24
INFO: [VRFC 10-311] analyzing module RAM32M_HD25
INFO: [VRFC 10-311] analyzing module RAM32M_HD26
INFO: [VRFC 10-311] analyzing module RAM32M_HD27
INFO: [VRFC 10-311] analyzing module RAM32M_HD28
INFO: [VRFC 10-311] analyzing module RAM32M_HD29
INFO: [VRFC 10-311] analyzing module RAM32M_HD3
INFO: [VRFC 10-311] analyzing module RAM32M_HD30
INFO: [VRFC 10-311] analyzing module RAM32M_HD31
INFO: [VRFC 10-311] analyzing module RAM32M_HD32
INFO: [VRFC 10-311] analyzing module RAM32M_HD33
INFO: [VRFC 10-311] analyzing module RAM32M_HD34
INFO: [VRFC 10-311] analyzing module RAM32M_HD35
INFO: [VRFC 10-311] analyzing module RAM32M_HD36
INFO: [VRFC 10-311] analyzing module RAM32M_HD37
INFO: [VRFC 10-311] analyzing module RAM32M_HD38
INFO: [VRFC 10-311] analyzing module RAM32M_HD39
INFO: [VRFC 10-311] analyzing module RAM32M_HD4
INFO: [VRFC 10-311] analyzing module RAM32M_HD40
INFO: [VRFC 10-311] analyzing module RAM32M_HD41
INFO: [VRFC 10-311] analyzing module RAM32M_HD42
INFO: [VRFC 10-311] analyzing module RAM32M_HD43
INFO: [VRFC 10-311] analyzing module RAM32M_HD44
INFO: [VRFC 10-311] analyzing module RAM32M_HD45
INFO: [VRFC 10-311] analyzing module RAM32M_HD46
INFO: [VRFC 10-311] analyzing module RAM32M_HD47
INFO: [VRFC 10-311] analyzing module RAM32M_HD48
INFO: [VRFC 10-311] analyzing module RAM32M_HD49
INFO: [VRFC 10-311] analyzing module RAM32M_HD5
INFO: [VRFC 10-311] analyzing module RAM32M_HD50
INFO: [VRFC 10-311] analyzing module RAM32M_HD51
INFO: [VRFC 10-311] analyzing module RAM32M_HD52
INFO: [VRFC 10-311] analyzing module RAM32M_HD53
INFO: [VRFC 10-311] analyzing module RAM32M_HD54
INFO: [VRFC 10-311] analyzing module RAM32M_HD55
INFO: [VRFC 10-311] analyzing module RAM32M_HD56
INFO: [VRFC 10-311] analyzing module RAM32M_HD6
INFO: [VRFC 10-311] analyzing module RAM32M_HD64
INFO: [VRFC 10-311] analyzing module RAM32M_HD65
INFO: [VRFC 10-311] analyzing module RAM32M_HD66
INFO: [VRFC 10-311] analyzing module RAM32M_HD67
INFO: [VRFC 10-311] analyzing module RAM32M_HD68
INFO: [VRFC 10-311] analyzing module RAM32M_HD69
INFO: [VRFC 10-311] analyzing module RAM32M_HD7
INFO: [VRFC 10-311] analyzing module RAM32M_HD70
INFO: [VRFC 10-311] analyzing module RAM32M_HD71
INFO: [VRFC 10-311] analyzing module RAM32M_HD72
INFO: [VRFC 10-311] analyzing module RAM32M_HD73
INFO: [VRFC 10-311] analyzing module RAM32M_HD74
INFO: [VRFC 10-311] analyzing module RAM32M_HD75
INFO: [VRFC 10-311] analyzing module RAM32M_HD76
INFO: [VRFC 10-311] analyzing module RAM32M_HD77
INFO: [VRFC 10-311] analyzing module RAM32M_HD8
INFO: [VRFC 10-311] analyzing module RAM32M_HD9
INFO: [VRFC 10-311] analyzing module RAM32X1D_UNIQ_BASE_
INFO: [VRFC 10-311] analyzing module RAM64M_UNIQ_BASE_
INFO: [VRFC 10-311] analyzing module RAM64M_HD57
INFO: [VRFC 10-311] analyzing module RAM64M_HD58
INFO: [VRFC 10-311] analyzing module RAM64M_HD59
INFO: [VRFC 10-311] analyzing module RAM64M_HD60
INFO: [VRFC 10-311] analyzing module RAM64M_HD61
INFO: [VRFC 10-311] analyzing module RAM64M_HD62
INFO: [VRFC 10-311] analyzing module RAM64M_HD63
INFO: [VRFC 10-311] analyzing module GPIO_Core
INFO: [VRFC 10-311] analyzing module GPIO_Core__1
INFO: [VRFC 10-311] analyzing module GPIO_Core__parameterized0
INFO: [VRFC 10-311] analyzing module address_decoder
INFO: [VRFC 10-311] analyzing module address_decoder__1
INFO: [VRFC 10-311] analyzing module address_decoder__2
INFO: [VRFC 10-311] analyzing module address_decoder__parameterized0
INFO: [VRFC 10-311] analyzing module address_decoder__parameterized0__1
INFO: [VRFC 10-311] analyzing module axi_crossbar_v2_1_18_addr_arbiter
INFO: [VRFC 10-311] analyzing module axi_crossbar_v2_1_18_addr_arbiter__1
INFO: [VRFC 10-311] analyzing module axi_crossbar_v2_1_18_addr_arbiter_sasd
INFO: [VRFC 10-311] analyzing module axi_crossbar_v2_1_18_addr_decoder
INFO: [VRFC 10-311] analyzing module axi_crossbar_v2_1_18_addr_decoder__1
INFO: [VRFC 10-311] analyzing module axi_crossbar_v2_1_18_addr_decoder__2
INFO: [VRFC 10-311] analyzing module axi_crossbar_v2_1_18_addr_decoder__parameterized0__1
INFO: [VRFC 10-311] analyzing module axi_crossbar_v2_1_18_addr_decoder__parameterized0__2
INFO: [VRFC 10-311] analyzing module axi_crossbar_v2_1_18_addr_decoder__parameterized2
INFO: [VRFC 10-311] analyzing module axi_crossbar_v2_1_18_axi_crossbar
INFO: [VRFC 10-311] analyzing module axi_crossbar_v2_1_18_axi_crossbar__parameterized0
INFO: [VRFC 10-311] analyzing module axi_crossbar_v2_1_18_crossbar
INFO: [VRFC 10-311] analyzing module axi_crossbar_v2_1_18_crossbar_sasd
INFO: [VRFC 10-311] analyzing module axi_crossbar_v2_1_18_decerr_slave
INFO: [VRFC 10-311] analyzing module axi_crossbar_v2_1_18_decerr_slave__parameterized0
INFO: [VRFC 10-311] analyzing module axi_crossbar_v2_1_18_si_transactor
INFO: [VRFC 10-311] analyzing module axi_crossbar_v2_1_18_si_transactor__parameterized0
INFO: [VRFC 10-311] analyzing module axi_crossbar_v2_1_18_si_transactor__parameterized1
INFO: [VRFC 10-311] analyzing module axi_crossbar_v2_1_18_splitter
INFO: [VRFC 10-311] analyzing module axi_crossbar_v2_1_18_splitter__1
INFO: [VRFC 10-311] analyzing module axi_crossbar_v2_1_18_splitter__2
INFO: [VRFC 10-311] analyzing module axi_crossbar_v2_1_18_splitter__parameterized0
INFO: [VRFC 10-311] analyzing module axi_crossbar_v2_1_18_wdata_mux
INFO: [VRFC 10-311] analyzing module axi_crossbar_v2_1_18_wdata_mux__parameterized0
INFO: [VRFC 10-311] analyzing module axi_crossbar_v2_1_18_wdata_router
INFO: [VRFC 10-311] analyzing module axi_data_fifo_v2_1_16_axi_data_fifo
INFO: [VRFC 10-311] analyzing module axi_data_fifo_v2_1_16_axi_data_fifo__xdcDup__1
INFO: [VRFC 10-311] analyzing module axi_data_fifo_v2_1_16_axic_fifo
INFO: [VRFC 10-311] analyzing module axi_data_fifo_v2_1_16_axic_fifo__parameterized0
INFO: [VRFC 10-311] analyzing module axi_data_fifo_v2_1_16_axic_fifo__xdcDup__1
INFO: [VRFC 10-311] analyzing module axi_data_fifo_v2_1_16_axic_reg_srl_fifo
INFO: [VRFC 10-311] analyzing module axi_data_fifo_v2_1_16_axic_reg_srl_fifo__parameterized0
INFO: [VRFC 10-311] analyzing module axi_data_fifo_v2_1_16_axic_reg_srl_fifo__parameterized1
INFO: [VRFC 10-311] analyzing module axi_data_fifo_v2_1_16_fifo_gen
INFO: [VRFC 10-311] analyzing module axi_data_fifo_v2_1_16_fifo_gen__parameterized0
INFO: [VRFC 10-311] analyzing module axi_data_fifo_v2_1_16_fifo_gen__xdcDup__1
INFO: [VRFC 10-311] analyzing module axi_data_fifo_v2_1_16_ndeep_srl
INFO: [VRFC 10-311] analyzing module axi_datamover
INFO: [VRFC 10-311] analyzing module axi_datamover_addr_cntl
INFO: [VRFC 10-311] analyzing module axi_datamover_cmd_status
INFO: [VRFC 10-311] analyzing module axi_datamover_fifo
INFO: [VRFC 10-311] analyzing module axi_datamover_fifo__parameterized0
INFO: [VRFC 10-311] analyzing module axi_datamover_fifo__parameterized1
INFO: [VRFC 10-311] analyzing module axi_datamover_fifo__parameterized2
INFO: [VRFC 10-311] analyzing module axi_datamover_mm2s_full_wrap
INFO: [VRFC 10-311] analyzing module axi_datamover_pcc
INFO: [VRFC 10-311] analyzing module axi_datamover_rd_status_cntl
INFO: [VRFC 10-311] analyzing module axi_datamover_rddata_cntl
INFO: [VRFC 10-311] analyzing module axi_datamover_reset
INFO: [VRFC 10-311] analyzing module axi_datamover_strb_gen2
INFO: [VRFC 10-311] analyzing module axi_datamover_strb_gen2__parameterized0
INFO: [VRFC 10-311] analyzing module axi_dwidth_converter_v2_1_17_a_upsizer
INFO: [VRFC 10-311] analyzing module axi_dwidth_converter_v2_1_17_axi_upsizer
INFO: [VRFC 10-311] analyzing module axi_dwidth_converter_v2_1_17_r_upsizer_pktfifo
INFO: [VRFC 10-311] analyzing module axi_dwidth_converter_v2_1_17_top
INFO: [VRFC 10-311] analyzing module axi_dynclk
INFO: [VRFC 10-311] analyzing module axi_dynclk_S00_AXI
INFO: [VRFC 10-311] analyzing module axi_gpio
INFO: [VRFC 10-311] analyzing module axi_gpio__1
INFO: [VRFC 10-311] analyzing module axi_gpio__parameterized1
INFO: [VRFC 10-311] analyzing module axi_lite_ipif
INFO: [VRFC 10-311] analyzing module axi_lite_ipif__1
INFO: [VRFC 10-311] analyzing module axi_lite_ipif__2
INFO: [VRFC 10-311] analyzing module axi_lite_ipif__parameterized0
INFO: [VRFC 10-311] analyzing module axi_lite_ipif__parameterized0__1
INFO: [VRFC 10-311] analyzing module axi_protocol_converter_v2_1_17_a_axi3_conv
INFO: [VRFC 10-311] analyzing module axi_protocol_converter_v2_1_17_a_axi3_conv__parameterized0
INFO: [VRFC 10-311] analyzing module axi_protocol_converter_v2_1_17_axi3_conv
INFO: [VRFC 10-311] analyzing module axi_protocol_converter_v2_1_17_axi_protocol_converter
INFO: [VRFC 10-311] analyzing module axi_protocol_converter_v2_1_17_axi_protocol_converter__parameterized0
INFO: [VRFC 10-311] analyzing module axi_protocol_converter_v2_1_17_b2s
INFO: [VRFC 10-311] analyzing module axi_protocol_converter_v2_1_17_b2s_ar_channel
INFO: [VRFC 10-311] analyzing module axi_protocol_converter_v2_1_17_b2s_aw_channel
INFO: [VRFC 10-311] analyzing module axi_protocol_converter_v2_1_17_b2s_b_channel
INFO: [VRFC 10-311] analyzing module axi_protocol_converter_v2_1_17_b2s_cmd_translator
INFO: [VRFC 10-311] analyzing module axi_protocol_converter_v2_1_17_b2s_cmd_translator__1
INFO: [VRFC 10-311] analyzing module axi_protocol_converter_v2_1_17_b2s_incr_cmd
INFO: [VRFC 10-311] analyzing module axi_protocol_converter_v2_1_17_b2s_incr_cmd__1
INFO: [VRFC 10-311] analyzing module axi_protocol_converter_v2_1_17_b2s_r_channel
INFO: [VRFC 10-311] analyzing module axi_protocol_converter_v2_1_17_b2s_rd_cmd_fsm
INFO: [VRFC 10-311] analyzing module axi_protocol_converter_v2_1_17_b2s_simple_fifo
INFO: [VRFC 10-311] analyzing module axi_protocol_converter_v2_1_17_b2s_simple_fifo__parameterized0
INFO: [VRFC 10-311] analyzing module axi_protocol_converter_v2_1_17_b2s_simple_fifo__parameterized1
INFO: [VRFC 10-311] analyzing module axi_protocol_converter_v2_1_17_b2s_simple_fifo__parameterized2
INFO: [VRFC 10-311] analyzing module axi_protocol_converter_v2_1_17_b2s_wr_cmd_fsm
INFO: [VRFC 10-311] analyzing module axi_protocol_converter_v2_1_17_b2s_wrap_cmd
INFO: [VRFC 10-311] analyzing module axi_protocol_converter_v2_1_17_b2s_wrap_cmd__1
INFO: [VRFC 10-311] analyzing module axi_protocol_converter_v2_1_17_b_downsizer
INFO: [VRFC 10-311] analyzing module axi_protocol_converter_v2_1_17_r_axi3_conv
INFO: [VRFC 10-311] analyzing module axi_protocol_converter_v2_1_17_w_axi3_conv
INFO: [VRFC 10-311] analyzing module axi_register_slice_v2_1_17_axi_register_slice
INFO: [VRFC 10-311] analyzing module axi_register_slice_v2_1_17_axi_register_slice__parameterized0
INFO: [VRFC 10-311] analyzing module axi_register_slice_v2_1_17_axi_register_slice__parameterized1
INFO: [VRFC 10-311] analyzing module axi_register_slice_v2_1_17_axi_register_slice__parameterized2
INFO: [VRFC 10-311] analyzing module axi_register_slice_v2_1_17_axi_register_slice__parameterized3
INFO: [VRFC 10-311] analyzing module axi_register_slice_v2_1_17_axi_register_slice__parameterized3__1
INFO: [VRFC 10-311] analyzing module axi_register_slice_v2_1_17_axi_register_slice__parameterized4
INFO: [VRFC 10-311] analyzing module axi_register_slice_v2_1_17_axic_register_slice
INFO: [VRFC 10-311] analyzing module axi_register_slice_v2_1_17_axic_register_slice__1
INFO: [VRFC 10-311] analyzing module axi_register_slice_v2_1_17_axic_register_slice__parameterized0
INFO: [VRFC 10-311] analyzing module axi_register_slice_v2_1_17_axic_register_slice__parameterized1
INFO: [VRFC 10-311] analyzing module axi_register_slice_v2_1_17_axic_register_slice__parameterized12
INFO: [VRFC 10-311] analyzing module axi_register_slice_v2_1_17_axic_register_slice__parameterized12__1
INFO: [VRFC 10-311] analyzing module axi_register_slice_v2_1_17_axic_register_slice__parameterized14
INFO: [VRFC 10-311] analyzing module axi_register_slice_v2_1_17_axic_register_slice__parameterized15
INFO: [VRFC 10-311] analyzing module axi_register_slice_v2_1_17_axic_register_slice__parameterized1__1
INFO: [VRFC 10-311] analyzing module axi_register_slice_v2_1_17_axic_register_slice__parameterized1__3
INFO: [VRFC 10-311] analyzing module axi_register_slice_v2_1_17_axic_register_slice__parameterized1__4
INFO: [VRFC 10-311] analyzing module axi_register_slice_v2_1_17_axic_register_slice__parameterized2
INFO: [VRFC 10-311] analyzing module axi_register_slice_v2_1_17_axic_register_slice__parameterized2__1
INFO: [VRFC 10-311] analyzing module axi_register_slice_v2_1_17_axic_register_slice__parameterized2__2
INFO: [VRFC 10-311] analyzing module axi_register_slice_v2_1_17_axic_register_slice__parameterized2__3
INFO: [VRFC 10-311] analyzing module axi_register_slice_v2_1_17_axic_register_slice__parameterized3
INFO: [VRFC 10-311] analyzing module axi_register_slice_v2_1_17_axic_register_slice__parameterized3__1
INFO: [VRFC 10-311] analyzing module axi_register_slice_v2_1_17_axic_register_slice__parameterized3__2
INFO: [VRFC 10-311] analyzing module axi_register_slice_v2_1_17_axic_register_slice__parameterized3__3
INFO: [VRFC 10-311] analyzing module axi_register_slice_v2_1_17_axic_register_slice__parameterized4
INFO: [VRFC 10-311] analyzing module axi_register_slice_v2_1_17_axic_register_slice__parameterized7__1
INFO: [VRFC 10-311] analyzing module axi_register_slice_v2_1_17_axic_register_slice__parameterized7__2
INFO: [VRFC 10-311] analyzing module axi_vdma
INFO: [VRFC 10-311] analyzing module axi_vdma_afifo_builtin
INFO: [VRFC 10-311] analyzing module axi_vdma_cmdsts_if
INFO: [VRFC 10-311] analyzing module axi_vdma_fsync_gen
INFO: [VRFC 10-311] analyzing module axi_vdma_intrpt
INFO: [VRFC 10-311] analyzing module axi_vdma_lite_if
INFO: [VRFC 10-311] analyzing module axi_vdma_mm2s_axis_dwidth_converter
INFO: [VRFC 10-311] analyzing module axi_vdma_mm2s_linebuf
INFO: [VRFC 10-311] analyzing module axi_vdma_mngr
INFO: [VRFC 10-311] analyzing module axi_vdma_reg_if
INFO: [VRFC 10-311] analyzing module axi_vdma_reg_module
INFO: [VRFC 10-311] analyzing module axi_vdma_reg_mux
INFO: [VRFC 10-311] analyzing module axi_vdma_regdirect
INFO: [VRFC 10-311] analyzing module axi_vdma_register
INFO: [VRFC 10-311] analyzing module axi_vdma_reset
INFO: [VRFC 10-311] analyzing module axi_vdma_rst_module
INFO: [VRFC 10-311] analyzing module axi_vdma_skid_buf
INFO: [VRFC 10-311] analyzing module axi_vdma_sm
INFO: [VRFC 10-311] analyzing module axi_vdma_sof_gen
INFO: [VRFC 10-311] analyzing module axi_vdma_sts_mngr
INFO: [VRFC 10-311] analyzing module axi_vdma_v6_3_5_axis_dwidth_converter_v1_0_axis_dwidth_converter
INFO: [VRFC 10-311] analyzing module axi_vdma_v6_3_5_axis_dwidth_converter_v1_0_axisc_downsizer
INFO: [VRFC 10-311] analyzing module axi_vdma_v6_3_5_axis_dwidth_converter_v1_0_axisc_upsizer
INFO: [VRFC 10-311] analyzing module axi_vdma_vaddrreg_mux
INFO: [VRFC 10-311] analyzing module axi_vdma_vid_cdc
INFO: [VRFC 10-311] analyzing module axi_vdma_vidreg_module
INFO: [VRFC 10-311] analyzing module axi_vdma_vregister
INFO: [VRFC 10-311] analyzing module cdc_sync
INFO: [VRFC 10-311] analyzing module cdc_sync__1
INFO: [VRFC 10-311] analyzing module cdc_sync__2
INFO: [VRFC 10-311] analyzing module cdc_sync__parameterized0
INFO: [VRFC 10-311] analyzing module cdc_sync__parameterized0__1
INFO: [VRFC 10-311] analyzing module cdc_sync__parameterized0__2
INFO: [VRFC 10-311] analyzing module cdc_sync__parameterized0__3
INFO: [VRFC 10-311] analyzing module cdc_sync__parameterized1
INFO: [VRFC 10-311] analyzing module cdc_sync__parameterized1__1
INFO: [VRFC 10-311] analyzing module cdc_sync__parameterized1__2
INFO: [VRFC 10-311] analyzing module cdc_sync__parameterized1__3
INFO: [VRFC 10-311] analyzing module cdc_sync__parameterized1__4
INFO: [VRFC 10-311] analyzing module cdc_sync__parameterized1__5
INFO: [VRFC 10-311] analyzing module cdc_sync__parameterized2
INFO: [VRFC 10-311] analyzing module cdc_sync__parameterized2__3
INFO: [VRFC 10-311] analyzing module cdc_sync__parameterized2__5
INFO: [VRFC 10-311] analyzing module cdc_sync__parameterized3
INFO: [VRFC 10-311] analyzing module cdc_sync__parameterized4
INFO: [VRFC 10-311] analyzing module cdc_sync__parameterized4__1
INFO: [VRFC 10-311] analyzing module cdc_sync__parameterized5
INFO: [VRFC 10-311] analyzing module cdc_sync__parameterized5__1
INFO: [VRFC 10-311] analyzing module cdc_sync__parameterized5__2
INFO: [VRFC 10-311] analyzing module cdc_sync__parameterized5__3
INFO: [VRFC 10-311] analyzing module cdc_sync__parameterized5__4
INFO: [VRFC 10-311] analyzing module cdc_sync__parameterized5__5
INFO: [VRFC 10-311] analyzing module cntr_incr_decr_addn_f
INFO: [VRFC 10-311] analyzing module cntr_incr_decr_addn_f__1
INFO: [VRFC 10-311] analyzing module cntr_incr_decr_addn_f__2
INFO: [VRFC 10-311] analyzing module cntr_incr_decr_addn_f__3
INFO: [VRFC 10-311] analyzing module dynshreg_f
INFO: [VRFC 10-311] analyzing module dynshreg_f__parameterized0
INFO: [VRFC 10-311] analyzing module dynshreg_f__parameterized1
INFO: [VRFC 10-311] analyzing module dynshreg_f__parameterized2
INFO: [VRFC 10-311] analyzing module generic_baseblocks_v2_1_0_carry_and__10
INFO: [VRFC 10-311] analyzing module generic_baseblocks_v2_1_0_carry_and__14
INFO: [VRFC 10-311] analyzing module generic_baseblocks_v2_1_0_carry_and__15
INFO: [VRFC 10-311] analyzing module generic_baseblocks_v2_1_0_carry_and__19
INFO: [VRFC 10-311] analyzing module generic_baseblocks_v2_1_0_carry_and__20
INFO: [VRFC 10-311] analyzing module generic_baseblocks_v2_1_0_carry_and__24
INFO: [VRFC 10-311] analyzing module generic_baseblocks_v2_1_0_carry_and__25
INFO: [VRFC 10-311] analyzing module generic_baseblocks_v2_1_0_carry_and__29
INFO: [VRFC 10-311] analyzing module generic_baseblocks_v2_1_0_carry_and__30
INFO: [VRFC 10-311] analyzing module generic_baseblocks_v2_1_0_carry_and__34
INFO: [VRFC 10-311] analyzing module generic_baseblocks_v2_1_0_carry_and__35
INFO: [VRFC 10-311] analyzing module generic_baseblocks_v2_1_0_carry_and__4
INFO: [VRFC 10-311] analyzing module generic_baseblocks_v2_1_0_carry_and__5
INFO: [VRFC 10-311] analyzing module generic_baseblocks_v2_1_0_carry_and__9
INFO: [VRFC 10-311] analyzing module generic_baseblocks_v2_1_0_comparator_static
INFO: [VRFC 10-311] analyzing module generic_baseblocks_v2_1_0_comparator_static__1
INFO: [VRFC 10-311] analyzing module generic_baseblocks_v2_1_0_comparator_static__2
INFO: [VRFC 10-311] analyzing module generic_baseblocks_v2_1_0_comparator_static__parameterized0
INFO: [VRFC 10-311] analyzing module generic_baseblocks_v2_1_0_comparator_static__parameterized1
INFO: [VRFC 10-311] analyzing module generic_baseblocks_v2_1_0_comparator_static__parameterized2
INFO: [VRFC 10-311] analyzing module generic_baseblocks_v2_1_0_comparator_static__parameterized3
INFO: [VRFC 10-311] analyzing module generic_baseblocks_v2_1_0_comparator_static__parameterized4
INFO: [VRFC 10-311] analyzing module generic_baseblocks_v2_1_0_comparator_static__parameterized5
INFO: [VRFC 10-311] analyzing module generic_baseblocks_v2_1_0_comparator_static__parameterized6
INFO: [VRFC 10-311] analyzing module generic_baseblocks_v2_1_0_mux_enc
INFO: [VRFC 10-311] analyzing module generic_baseblocks_v2_1_0_mux_enc__1
INFO: [VRFC 10-311] analyzing module generic_baseblocks_v2_1_0_mux_enc__parameterized1
INFO: [VRFC 10-311] analyzing module generic_baseblocks_v2_1_0_mux_enc__parameterized2
INFO: [VRFC 10-311] analyzing module generic_baseblocks_v2_1_0_mux_enc__parameterized3
INFO: [VRFC 10-311] analyzing module generic_baseblocks_v2_1_0_mux_enc__parameterized4
INFO: [VRFC 10-311] analyzing module generic_baseblocks_v2_1_0_mux_enc__parameterized4__1
INFO: [VRFC 10-311] analyzing module generic_baseblocks_v2_1_0_mux_enc__parameterized4__2
INFO: [VRFC 10-311] analyzing module generic_baseblocks_v2_1_0_mux_enc__parameterized4__3
INFO: [VRFC 10-311] analyzing module generic_baseblocks_v2_1_0_mux_enc__parameterized4__4
INFO: [VRFC 10-311] analyzing module generic_baseblocks_v2_1_0_mux_enc__parameterized5
INFO: [VRFC 10-311] analyzing module generic_baseblocks_v2_1_0_mux_enc__parameterized5__1
INFO: [VRFC 10-311] analyzing module generic_baseblocks_v2_1_0_mux_enc__parameterized6
INFO: [VRFC 10-311] analyzing module generic_baseblocks_v2_1_0_mux_enc__parameterized7
INFO: [VRFC 10-311] analyzing module hdmi_in
INFO: [VRFC 10-311] analyzing module hdmi_in_auto_pc_0
INFO: [VRFC 10-311] analyzing module hdmi_in_auto_pc_1
INFO: [VRFC 10-311] analyzing module hdmi_in_auto_us_df_0
INFO: [VRFC 10-311] analyzing module hdmi_in_axi_dynclk_0_0
INFO: [VRFC 10-311] analyzing module hdmi_in_axi_gpio_btn_0
INFO: [VRFC 10-311] analyzing module hdmi_in_axi_gpio_led_0
INFO: [VRFC 10-311] analyzing module hdmi_in_axi_gpio_sw_0
INFO: [VRFC 10-311] analyzing module hdmi_in_axi_mem_intercon_0
INFO: [VRFC 10-311] analyzing module hdmi_in_axi_vdma_0_0
INFO: [VRFC 10-311] analyzing module hdmi_in_m00_data_fifo_0
INFO: [VRFC 10-311] analyzing module hdmi_in_m00_regslice_0
INFO: [VRFC 10-311] analyzing module hdmi_in_proc_sys_reset_0_0
INFO: [VRFC 10-311] analyzing module hdmi_in_processing_system7_0_0
INFO: [VRFC 10-311] analyzing module hdmi_in_processing_system7_0_axi_periph_0
INFO: [VRFC 10-311] analyzing module hdmi_in_rgb2vga_0_0
INFO: [VRFC 10-311] analyzing module hdmi_in_rst_processing_system7_0_100M_0
INFO: [VRFC 10-311] analyzing module hdmi_in_rst_processing_system7_0_150M_0
INFO: [VRFC 10-311] analyzing module hdmi_in_s00_data_fifo_0
INFO: [VRFC 10-311] analyzing module hdmi_in_s00_regslice_0
INFO: [VRFC 10-311] analyzing module hdmi_in_s01_regslice_0
INFO: [VRFC 10-311] analyzing module hdmi_in_v_axi4s_vid_out_0_0
INFO: [VRFC 10-311] analyzing module hdmi_in_v_tc_0_0
INFO: [VRFC 10-311] analyzing module hdmi_in_v_tc_1_0
INFO: [VRFC 10-311] analyzing module hdmi_in_wrapper
INFO: [VRFC 10-311] analyzing module hdmi_in_xbar_0
INFO: [VRFC 10-311] analyzing module hdmi_in_xbar_1
INFO: [VRFC 10-311] analyzing module hdmi_in_xlconcat_0_0
INFO: [VRFC 10-311] analyzing module lpf
INFO: [VRFC 10-311] analyzing module lpf__1
INFO: [VRFC 10-311] analyzing module lpf__2
INFO: [VRFC 10-311] analyzing module m00_couplers_imp_KM5YEW
INFO: [VRFC 10-311] analyzing module mmcme2_drp
INFO: [VRFC 10-311] analyzing module proc_sys_reset
INFO: [VRFC 10-311] analyzing module proc_sys_reset__1
INFO: [VRFC 10-311] analyzing module proc_sys_reset__2
INFO: [VRFC 10-311] analyzing module processing_system7_v5_5_processing_system7
INFO: [VRFC 10-311] analyzing module pselect_f
INFO: [VRFC 10-311] analyzing module pselect_f__1
INFO: [VRFC 10-311] analyzing module pselect_f__2
INFO: [VRFC 10-311] analyzing module pselect_f__parameterized0
INFO: [VRFC 10-311] analyzing module pselect_f__parameterized0__1
INFO: [VRFC 10-311] analyzing module pselect_f__parameterized0__2
INFO: [VRFC 10-311] analyzing module pselect_f__parameterized1
INFO: [VRFC 10-311] analyzing module pselect_f__parameterized1__1
INFO: [VRFC 10-311] analyzing module pselect_f__parameterized1__2
INFO: [VRFC 10-311] analyzing module pselect_f__parameterized2
INFO: [VRFC 10-311] analyzing module pselect_f__parameterized2__1
INFO: [VRFC 10-311] analyzing module pselect_f__parameterized2__2
INFO: [VRFC 10-311] analyzing module pselect_f__parameterized3
INFO: [VRFC 10-311] analyzing module pselect_f__parameterized3__1
INFO: [VRFC 10-311] analyzing module pselect_f__parameterized4
INFO: [VRFC 10-311] analyzing module pselect_f__parameterized4__1
INFO: [VRFC 10-311] analyzing module rgb2vga
INFO: [VRFC 10-311] analyzing module s00_couplers_imp_1B1CMQG
INFO: [VRFC 10-311] analyzing module s00_couplers_imp_1L07FMS
INFO: [VRFC 10-311] analyzing module s01_couplers_imp_KRH6EF
INFO: [VRFC 10-311] analyzing module sequence_psr
INFO: [VRFC 10-311] analyzing module sequence_psr__1
INFO: [VRFC 10-311] analyzing module sequence_psr__2
INFO: [VRFC 10-311] analyzing module slave_attachment
INFO: [VRFC 10-311] analyzing module slave_attachment__1
INFO: [VRFC 10-311] analyzing module slave_attachment__2
INFO: [VRFC 10-311] analyzing module slave_attachment__parameterized0
INFO: [VRFC 10-311] analyzing module slave_attachment__parameterized0__1
INFO: [VRFC 10-311] analyzing module srl_fifo_f
INFO: [VRFC 10-311] analyzing module srl_fifo_f__parameterized0
INFO: [VRFC 10-311] analyzing module srl_fifo_f__parameterized1
INFO: [VRFC 10-311] analyzing module srl_fifo_f__parameterized2
INFO: [VRFC 10-311] analyzing module srl_fifo_rbu_f
INFO: [VRFC 10-311] analyzing module srl_fifo_rbu_f__parameterized0
INFO: [VRFC 10-311] analyzing module srl_fifo_rbu_f__parameterized1
INFO: [VRFC 10-311] analyzing module srl_fifo_rbu_f__parameterized2
INFO: [VRFC 10-311] analyzing module upcnt_n
INFO: [VRFC 10-311] analyzing module upcnt_n__1
INFO: [VRFC 10-311] analyzing module upcnt_n__2
INFO: [VRFC 10-311] analyzing module v_axi4s_vid_out_v4_0_9
INFO: [VRFC 10-311] analyzing module v_axi4s_vid_out_v4_0_9_coupler
INFO: [VRFC 10-311] analyzing module v_axi4s_vid_out_v4_0_9_fifo_sync
INFO: [VRFC 10-311] analyzing module v_axi4s_vid_out_v4_0_9_formatter
INFO: [VRFC 10-311] analyzing module v_axi4s_vid_out_v4_0_9_sync
INFO: [VRFC 10-311] analyzing module xpm_cdc_async_rst
INFO: [VRFC 10-311] analyzing module xpm_cdc_async_rst__10
INFO: [VRFC 10-311] analyzing module xpm_cdc_async_rst__11
INFO: [VRFC 10-311] analyzing module xpm_cdc_async_rst__12
INFO: [VRFC 10-311] analyzing module xpm_cdc_async_rst__13
INFO: [VRFC 10-311] analyzing module xpm_cdc_async_rst__14
INFO: [VRFC 10-311] analyzing module xpm_cdc_async_rst__15
INFO: [VRFC 10-311] analyzing module xpm_cdc_async_rst__16
INFO: [VRFC 10-311] analyzing module xpm_cdc_async_rst__17
INFO: [VRFC 10-311] analyzing module xpm_cdc_async_rst__18
INFO: [VRFC 10-311] analyzing module xpm_cdc_async_rst__19
INFO: [VRFC 10-311] analyzing module xpm_cdc_async_rst__20
INFO: [VRFC 10-311] analyzing module xpm_cdc_async_rst__8
INFO: [VRFC 10-311] analyzing module xpm_cdc_async_rst__9
INFO: [VRFC 10-311] analyzing module xpm_cdc_sync_rst
INFO: [VRFC 10-311] analyzing module xpm_cdc_sync_rst__4
INFO: [VRFC 10-311] analyzing module xpm_cdc_sync_rst__5
INFO: [VRFC 10-311] analyzing module xpm_cdc_sync_rst__6
INFO: [VRFC 10-311] analyzing module xpm_counter_updn
INFO: [VRFC 10-311] analyzing module xpm_counter_updn__parameterized0
INFO: [VRFC 10-311] analyzing module xpm_counter_updn__parameterized0__1
INFO: [VRFC 10-311] analyzing module xpm_counter_updn__parameterized1
INFO: [VRFC 10-311] analyzing module xpm_counter_updn__parameterized1__1
INFO: [VRFC 10-311] analyzing module xpm_fifo_base
INFO: [VRFC 10-311] analyzing module xpm_fifo_reg_bit__4
INFO: [VRFC 10-311] analyzing module xpm_fifo_rst
INFO: [VRFC 10-311] analyzing module xpm_fifo_sync
INFO: [VRFC 10-311] analyzing module xpm_memory_base
INFO: [VRFC 10-311] analyzing module axi_reg_slice
INFO: [VRFC 10-311] analyzing module axi_reg_slice__xdcDup__1
INFO: [VRFC 10-311] analyzing module axi_reg_slice__xdcDup__2
INFO: [VRFC 10-311] analyzing module axi_reg_slice__xdcDup__3
INFO: [VRFC 10-311] analyzing module blk_mem_gen_generic_cstr
INFO: [VRFC 10-311] analyzing module blk_mem_gen_generic_cstr__2
INFO: [VRFC 10-311] analyzing module blk_mem_gen_generic_cstr__parameterized0
INFO: [VRFC 10-311] analyzing module blk_mem_gen_prim_width
INFO: [VRFC 10-311] analyzing module blk_mem_gen_prim_width__2
INFO: [VRFC 10-311] analyzing module blk_mem_gen_prim_width__parameterized0
INFO: [VRFC 10-311] analyzing module blk_mem_gen_prim_width__parameterized0__2
INFO: [VRFC 10-311] analyzing module blk_mem_gen_prim_width__parameterized1
INFO: [VRFC 10-311] analyzing module blk_mem_gen_prim_wrapper
INFO: [VRFC 10-311] analyzing module blk_mem_gen_prim_wrapper__2
INFO: [VRFC 10-311] analyzing module blk_mem_gen_prim_wrapper__parameterized0
INFO: [VRFC 10-311] analyzing module blk_mem_gen_prim_wrapper__parameterized0__2
INFO: [VRFC 10-311] analyzing module blk_mem_gen_prim_wrapper__parameterized1
INFO: [VRFC 10-311] analyzing module blk_mem_gen_top
INFO: [VRFC 10-311] analyzing module blk_mem_gen_top__2
INFO: [VRFC 10-311] analyzing module blk_mem_gen_top__parameterized0
INFO: [VRFC 10-311] analyzing module blk_mem_gen_v8_4_1
INFO: [VRFC 10-311] analyzing module blk_mem_gen_v8_4_1__2
INFO: [VRFC 10-311] analyzing module blk_mem_gen_v8_4_1__parameterized1
INFO: [VRFC 10-311] analyzing module blk_mem_gen_v8_4_1_synth
INFO: [VRFC 10-311] analyzing module blk_mem_gen_v8_4_1_synth__2
INFO: [VRFC 10-311] analyzing module blk_mem_gen_v8_4_1_synth__parameterized0
INFO: [VRFC 10-311] analyzing module builtin_extdepth_v6
INFO: [VRFC 10-311] analyzing module builtin_extdepth_v6__1
INFO: [VRFC 10-311] analyzing module builtin_extdepth_v6__2
INFO: [VRFC 10-311] analyzing module builtin_extdepth_v6__3
INFO: [VRFC 10-311] analyzing module builtin_extdepth_v6__4
INFO: [VRFC 10-311] analyzing module builtin_prim_v6
INFO: [VRFC 10-311] analyzing module builtin_prim_v6__1
INFO: [VRFC 10-311] analyzing module builtin_prim_v6__2
INFO: [VRFC 10-311] analyzing module builtin_prim_v6__3
INFO: [VRFC 10-311] analyzing module builtin_prim_v6__4
INFO: [VRFC 10-311] analyzing module builtin_top_v6
INFO: [VRFC 10-311] analyzing module compare
INFO: [VRFC 10-311] analyzing module compare__10
INFO: [VRFC 10-311] analyzing module compare__11
INFO: [VRFC 10-311] analyzing module compare__12
INFO: [VRFC 10-311] analyzing module compare__13
INFO: [VRFC 10-311] analyzing module compare__14
INFO: [VRFC 10-311] analyzing module compare__15
INFO: [VRFC 10-311] analyzing module compare__16
INFO: [VRFC 10-311] analyzing module compare__17
INFO: [VRFC 10-311] analyzing module compare__18
INFO: [VRFC 10-311] analyzing module compare__19
INFO: [VRFC 10-311] analyzing module compare__20
INFO: [VRFC 10-311] analyzing module compare__21
INFO: [VRFC 10-311] analyzing module compare__22
INFO: [VRFC 10-311] analyzing module compare__23
INFO: [VRFC 10-311] analyzing module compare__24
INFO: [VRFC 10-311] analyzing module compare__25
INFO: [VRFC 10-311] analyzing module compare__26
INFO: [VRFC 10-311] analyzing module compare__27
INFO: [VRFC 10-311] analyzing module compare__28
INFO: [VRFC 10-311] analyzing module compare__29
INFO: [VRFC 10-311] analyzing module compare__30
INFO: [VRFC 10-311] analyzing module compare__31
INFO: [VRFC 10-311] analyzing module compare__32
INFO: [VRFC 10-311] analyzing module compare__33
INFO: [VRFC 10-311] analyzing module compare__34
INFO: [VRFC 10-311] analyzing module compare__35
INFO: [VRFC 10-311] analyzing module compare__36
INFO: [VRFC 10-311] analyzing module compare__37
INFO: [VRFC 10-311] analyzing module compare__38
INFO: [VRFC 10-311] analyzing module compare__39
INFO: [VRFC 10-311] analyzing module compare__40
INFO: [VRFC 10-311] analyzing module compare__41
INFO: [VRFC 10-311] analyzing module compare__42
INFO: [VRFC 10-311] analyzing module compare__43
INFO: [VRFC 10-311] analyzing module compare__5
INFO: [VRFC 10-311] analyzing module compare__6
INFO: [VRFC 10-311] analyzing module compare__7
INFO: [VRFC 10-311] analyzing module compare__8
INFO: [VRFC 10-311] analyzing module compare__9
INFO: [VRFC 10-311] analyzing module compare__parameterized0
INFO: [VRFC 10-311] analyzing module compare__parameterized0__10
INFO: [VRFC 10-311] analyzing module compare__parameterized0__11
INFO: [VRFC 10-311] analyzing module compare__parameterized0__12
INFO: [VRFC 10-311] analyzing module compare__parameterized0__13
INFO: [VRFC 10-311] analyzing module compare__parameterized0__14
INFO: [VRFC 10-311] analyzing module compare__parameterized0__15
INFO: [VRFC 10-311] analyzing module compare__parameterized0__16
INFO: [VRFC 10-311] analyzing module compare__parameterized0__17
INFO: [VRFC 10-311] analyzing module compare__parameterized0__18
INFO: [VRFC 10-311] analyzing module compare__parameterized0__19
INFO: [VRFC 10-311] analyzing module compare__parameterized0__2
INFO: [VRFC 10-311] analyzing module compare__parameterized0__20
INFO: [VRFC 10-311] analyzing module compare__parameterized0__3
INFO: [VRFC 10-311] analyzing module compare__parameterized0__4
INFO: [VRFC 10-311] analyzing module compare__parameterized0__5
INFO: [VRFC 10-311] analyzing module compare__parameterized0__6
INFO: [VRFC 10-311] analyzing module compare__parameterized0__7
INFO: [VRFC 10-311] analyzing module compare__parameterized0__8
INFO: [VRFC 10-311] analyzing module compare__parameterized0__9
INFO: [VRFC 10-311] analyzing module dmem
INFO: [VRFC 10-311] analyzing module dmem__2
INFO: [VRFC 10-311] analyzing module dmem__parameterized0
INFO: [VRFC 10-311] analyzing module dmem__parameterized1
INFO: [VRFC 10-311] analyzing module dmem__parameterized1__4
INFO: [VRFC 10-311] analyzing module dmem__parameterized1__5
INFO: [VRFC 10-311] analyzing module dmem__parameterized1__6
INFO: [VRFC 10-311] analyzing module dmem__parameterized2
INFO: [VRFC 10-311] analyzing module dmem__parameterized3
INFO: [VRFC 10-311] analyzing module dmem__parameterized4
INFO: [VRFC 10-311] analyzing module dmem__parameterized5
INFO: [VRFC 10-311] analyzing module fifo_generator_ramfifo
INFO: [VRFC 10-311] analyzing module fifo_generator_ramfifo__parameterized0
INFO: [VRFC 10-311] analyzing module fifo_generator_ramfifo__parameterized1
INFO: [VRFC 10-311] analyzing module fifo_generator_ramfifo__parameterized1__xdcDup__1
INFO: [VRFC 10-311] analyzing module fifo_generator_ramfifo__parameterized1__xdcDup__2
INFO: [VRFC 10-311] analyzing module fifo_generator_ramfifo__parameterized1__xdcDup__3
INFO: [VRFC 10-311] analyzing module fifo_generator_ramfifo__parameterized2
INFO: [VRFC 10-311] analyzing module fifo_generator_ramfifo__parameterized2__xdcDup__1
INFO: [VRFC 10-311] analyzing module fifo_generator_ramfifo__parameterized3
INFO: [VRFC 10-311] analyzing module fifo_generator_ramfifo__parameterized3__xdcDup__1
INFO: [VRFC 10-311] analyzing module fifo_generator_ramfifo__parameterized4
INFO: [VRFC 10-311] analyzing module fifo_generator_ramfifo__parameterized5
INFO: [VRFC 10-311] analyzing module fifo_generator_ramfifo__parameterized6
INFO: [VRFC 10-311] analyzing module fifo_generator_ramfifo__parameterized7
INFO: [VRFC 10-311] analyzing module fifo_generator_ramfifo__xdcDup__1
INFO: [VRFC 10-311] analyzing module fifo_generator_top
INFO: [VRFC 10-311] analyzing module fifo_generator_top__parameterized0
INFO: [VRFC 10-311] analyzing module fifo_generator_top__parameterized1
INFO: [VRFC 10-311] analyzing module fifo_generator_top__parameterized1__xdcDup__1
INFO: [VRFC 10-311] analyzing module fifo_generator_top__parameterized1__xdcDup__2
INFO: [VRFC 10-311] analyzing module fifo_generator_top__parameterized1__xdcDup__3
INFO: [VRFC 10-311] analyzing module fifo_generator_top__parameterized2
INFO: [VRFC 10-311] analyzing module fifo_generator_top__parameterized2__xdcDup__1
INFO: [VRFC 10-311] analyzing module fifo_generator_top__parameterized3
INFO: [VRFC 10-311] analyzing module fifo_generator_top__parameterized3__xdcDup__1
INFO: [VRFC 10-311] analyzing module fifo_generator_top__parameterized4
INFO: [VRFC 10-311] analyzing module fifo_generator_top__parameterized5
INFO: [VRFC 10-311] analyzing module fifo_generator_top__parameterized6
INFO: [VRFC 10-311] analyzing module fifo_generator_top__parameterized7
INFO: [VRFC 10-311] analyzing module fifo_generator_top__parameterized8
INFO: [VRFC 10-311] analyzing module fifo_generator_top__xdcDup__1
INFO: [VRFC 10-311] analyzing module fifo_generator_v13_2_2
INFO: [VRFC 10-311] analyzing module fifo_generator_v13_2_2__parameterized0
INFO: [VRFC 10-311] analyzing module fifo_generator_v13_2_2__parameterized1
INFO: [VRFC 10-311] analyzing module fifo_generator_v13_2_2__parameterized1__xdcDup__1
INFO: [VRFC 10-311] analyzing module fifo_generator_v13_2_2__parameterized2
INFO: [VRFC 10-311] analyzing module fifo_generator_v13_2_2__parameterized3
INFO: [VRFC 10-311] analyzing module fifo_generator_v13_2_2__parameterized4
INFO: [VRFC 10-311] analyzing module fifo_generator_v13_2_2__parameterized5
INFO: [VRFC 10-311] analyzing module fifo_generator_v13_2_2__parameterized6
INFO: [VRFC 10-311] analyzing module fifo_generator_v13_2_2__xdcDup__1
INFO: [VRFC 10-311] analyzing module fifo_generator_v13_2_2_builtin
INFO: [VRFC 10-311] analyzing module fifo_generator_v13_2_2_synth
INFO: [VRFC 10-311] analyzing module fifo_generator_v13_2_2_synth__parameterized0
INFO: [VRFC 10-311] analyzing module fifo_generator_v13_2_2_synth__parameterized1
INFO: [VRFC 10-311] analyzing module fifo_generator_v13_2_2_synth__parameterized1__xdcDup__1
INFO: [VRFC 10-311] analyzing module fifo_generator_v13_2_2_synth__parameterized2
INFO: [VRFC 10-311] analyzing module fifo_generator_v13_2_2_synth__parameterized3
INFO: [VRFC 10-311] analyzing module fifo_generator_v13_2_2_synth__parameterized4
INFO: [VRFC 10-311] analyzing module fifo_generator_v13_2_2_synth__parameterized5
INFO: [VRFC 10-311] analyzing module fifo_generator_v13_2_2_synth__parameterized6
INFO: [VRFC 10-311] analyzing module fifo_generator_v13_2_2_synth__xdcDup__1
INFO: [VRFC 10-311] analyzing module memory
INFO: [VRFC 10-311] analyzing module memory__2
INFO: [VRFC 10-311] analyzing module memory__parameterized0
INFO: [VRFC 10-311] analyzing module memory__parameterized1
INFO: [VRFC 10-311] analyzing module memory__parameterized1__4
INFO: [VRFC 10-311] analyzing module memory__parameterized1__5
INFO: [VRFC 10-311] analyzing module memory__parameterized1__6
INFO: [VRFC 10-311] analyzing module memory__parameterized2
INFO: [VRFC 10-311] analyzing module memory__parameterized2__2
INFO: [VRFC 10-311] analyzing module memory__parameterized3
INFO: [VRFC 10-311] analyzing module memory__parameterized4
INFO: [VRFC 10-311] analyzing module memory__parameterized5
INFO: [VRFC 10-311] analyzing module memory__parameterized6
INFO: [VRFC 10-311] analyzing module memory__parameterized7
INFO: [VRFC 10-311] analyzing module mux_tree
INFO: [VRFC 10-311] analyzing module mux_tree__1
INFO: [VRFC 10-311] analyzing module mux_tree__parameterized0
INFO: [VRFC 10-311] analyzing module mux_tree__parameterized0__1
INFO: [VRFC 10-311] analyzing module rd_bin_cntr
INFO: [VRFC 10-311] analyzing module rd_bin_cntr__10
INFO: [VRFC 10-311] analyzing module rd_bin_cntr__11
INFO: [VRFC 10-311] analyzing module rd_bin_cntr__5
INFO: [VRFC 10-311] analyzing module rd_bin_cntr__6
INFO: [VRFC 10-311] analyzing module rd_bin_cntr__7
INFO: [VRFC 10-311] analyzing module rd_bin_cntr__8
INFO: [VRFC 10-311] analyzing module rd_bin_cntr__9
INFO: [VRFC 10-311] analyzing module rd_bin_cntr__parameterized0
INFO: [VRFC 10-311] analyzing module rd_bin_cntr__parameterized0__2
INFO: [VRFC 10-311] analyzing module rd_bin_cntr__parameterized0__3
INFO: [VRFC 10-311] analyzing module rd_bin_cntr__parameterized0__4
INFO: [VRFC 10-311] analyzing module rd_bin_cntr__parameterized0__5
INFO: [VRFC 10-311] analyzing module rd_bin_cntr__parameterized1
INFO: [VRFC 10-311] analyzing module rd_bin_cntr__parameterized1__1
INFO: [VRFC 10-311] analyzing module rd_fwft
INFO: [VRFC 10-311] analyzing module rd_fwft__10
INFO: [VRFC 10-311] analyzing module rd_fwft__5
INFO: [VRFC 10-311] analyzing module rd_fwft__6
INFO: [VRFC 10-311] analyzing module rd_fwft__7
INFO: [VRFC 10-311] analyzing module rd_fwft__8
INFO: [VRFC 10-311] analyzing module rd_fwft__9
INFO: [VRFC 10-311] analyzing module rd_fwft__parameterized0
INFO: [VRFC 10-311] analyzing module rd_fwft__parameterized0__2
INFO: [VRFC 10-311] analyzing module rd_fwft__parameterized0__3
INFO: [VRFC 10-311] analyzing module rd_fwft__parameterized0__4
INFO: [VRFC 10-311] analyzing module rd_fwft__parameterized0__5
INFO: [VRFC 10-311] analyzing module rd_fwft__parameterized0__6
INFO: [VRFC 10-311] analyzing module rd_fwft__parameterized0__7
INFO: [VRFC 10-311] analyzing module rd_fwft__parameterized1
INFO: [VRFC 10-311] analyzing module rd_logic
INFO: [VRFC 10-311] analyzing module rd_logic__2
INFO: [VRFC 10-311] analyzing module rd_logic__3
INFO: [VRFC 10-311] analyzing module rd_logic__parameterized0
INFO: [VRFC 10-311] analyzing module rd_logic__parameterized0__4
INFO: [VRFC 10-311] analyzing module rd_logic__parameterized0__5
INFO: [VRFC 10-311] analyzing module rd_logic__parameterized0__6
INFO: [VRFC 10-311] analyzing module rd_logic__parameterized1
INFO: [VRFC 10-311] analyzing module rd_logic__parameterized1__2
INFO: [VRFC 10-311] analyzing module rd_logic__parameterized1__3
INFO: [VRFC 10-311] analyzing module rd_logic__parameterized1__4
INFO: [VRFC 10-311] analyzing module rd_logic__parameterized2
INFO: [VRFC 10-311] analyzing module rd_logic__parameterized3
INFO: [VRFC 10-311] analyzing module rd_logic__parameterized3__1
INFO: [VRFC 10-311] analyzing module rd_logic__parameterized4
INFO: [VRFC 10-311] analyzing module rd_status_flags_ss
INFO: [VRFC 10-311] analyzing module rd_status_flags_ss__10
INFO: [VRFC 10-311] analyzing module rd_status_flags_ss__11
INFO: [VRFC 10-311] analyzing module rd_status_flags_ss__5
INFO: [VRFC 10-311] analyzing module rd_status_flags_ss__6
INFO: [VRFC 10-311] analyzing module rd_status_flags_ss__7
INFO: [VRFC 10-311] analyzing module rd_status_flags_ss__8
INFO: [VRFC 10-311] analyzing module rd_status_flags_ss__9
INFO: [VRFC 10-311] analyzing module rd_status_flags_ss__parameterized0
INFO: [VRFC 10-311] analyzing module rd_status_flags_ss__parameterized0__2
INFO: [VRFC 10-311] analyzing module rd_status_flags_ss__parameterized0__3
INFO: [VRFC 10-311] analyzing module rd_status_flags_ss__parameterized0__4
INFO: [VRFC 10-311] analyzing module rd_status_flags_ss__parameterized0__5
INFO: [VRFC 10-311] analyzing module rd_status_flags_ss__parameterized1
INFO: [VRFC 10-311] analyzing module rd_status_flags_ss__parameterized1__1
INFO: [VRFC 10-311] analyzing module reset_blk_ramfifo
INFO: [VRFC 10-311] analyzing module reset_blk_ramfifo__parameterized0
INFO: [VRFC 10-311] analyzing module reset_blk_ramfifo__parameterized0__xdcDup__1
INFO: [VRFC 10-311] analyzing module reset_blk_ramfifo__parameterized1
INFO: [VRFC 10-311] analyzing module reset_blk_ramfifo__parameterized1__xdcDup__1
INFO: [VRFC 10-311] analyzing module reset_blk_ramfifo__parameterized1__xdcDup__2
INFO: [VRFC 10-311] analyzing module reset_blk_ramfifo__parameterized1__xdcDup__3
INFO: [VRFC 10-311] analyzing module reset_blk_ramfifo__parameterized2
INFO: [VRFC 10-311] analyzing module reset_blk_ramfifo__parameterized2__xdcDup__1
INFO: [VRFC 10-311] analyzing module reset_blk_ramfifo__parameterized2__xdcDup__2
INFO: [VRFC 10-311] analyzing module reset_blk_ramfifo__parameterized2__xdcDup__3
INFO: [VRFC 10-311] analyzing module reset_blk_ramfifo__parameterized3
INFO: [VRFC 10-311] analyzing module reset_blk_ramfifo__parameterized3__xdcDup__1
INFO: [VRFC 10-311] analyzing module reset_blk_ramfifo__parameterized3__xdcDup__2
INFO: [VRFC 10-311] analyzing module reset_blk_ramfifo__parameterized3__xdcDup__3
INFO: [VRFC 10-311] analyzing module reset_blk_ramfifo__parameterized4
INFO: [VRFC 10-311] analyzing module reset_blk_ramfifo__xdcDup__1
INFO: [VRFC 10-311] analyzing module reset_blk_ramfifo__xdcDup__2
INFO: [VRFC 10-311] analyzing module reset_builtin
INFO: [VRFC 10-311] analyzing module tc_detector
INFO: [VRFC 10-311] analyzing module tc_generator
INFO: [VRFC 10-311] analyzing module tc_top
INFO: [VRFC 10-311] analyzing module tc_top__parameterized0
INFO: [VRFC 10-311] analyzing module v_tc
INFO: [VRFC 10-311] analyzing module v_tc__parameterized1
INFO: [VRFC 10-311] analyzing module video_clock_cross
INFO: [VRFC 10-311] analyzing module video_clock_cross__1
INFO: [VRFC 10-311] analyzing module video_clock_cross__parameterized0
INFO: [VRFC 10-311] analyzing module video_clock_cross__parameterized0__1
INFO: [VRFC 10-311] analyzing module video_ctrl
INFO: [VRFC 10-311] analyzing module video_ctrl__parameterized0
INFO: [VRFC 10-311] analyzing module wr_bin_cntr
INFO: [VRFC 10-311] analyzing module wr_bin_cntr__2
INFO: [VRFC 10-311] analyzing module wr_bin_cntr__3
INFO: [VRFC 10-311] analyzing module wr_bin_cntr__4
INFO: [VRFC 10-311] analyzing module wr_bin_cntr__parameterized0
INFO: [VRFC 10-311] analyzing module wr_bin_cntr__parameterized0__4
INFO: [VRFC 10-311] analyzing module wr_bin_cntr__parameterized0__5
INFO: [VRFC 10-311] analyzing module wr_bin_cntr__parameterized0__6
INFO: [VRFC 10-311] analyzing module wr_bin_cntr__parameterized1
INFO: [VRFC 10-311] analyzing module wr_bin_cntr__parameterized1__2
INFO: [VRFC 10-311] analyzing module wr_bin_cntr__parameterized1__3
INFO: [VRFC 10-311] analyzing module wr_bin_cntr__parameterized1__4
INFO: [VRFC 10-311] analyzing module wr_bin_cntr__parameterized2
INFO: [VRFC 10-311] analyzing module wr_bin_cntr__parameterized2__1
INFO: [VRFC 10-311] analyzing module wr_bin_cntr__parameterized3
INFO: [VRFC 10-311] analyzing module wr_logic
INFO: [VRFC 10-311] analyzing module wr_logic__2
INFO: [VRFC 10-311] analyzing module wr_logic__3
INFO: [VRFC 10-311] analyzing module wr_logic__parameterized0
INFO: [VRFC 10-311] analyzing module wr_logic__parameterized0__4
INFO: [VRFC 10-311] analyzing module wr_logic__parameterized0__5
INFO: [VRFC 10-311] analyzing module wr_logic__parameterized0__6
INFO: [VRFC 10-311] analyzing module wr_logic__parameterized1
INFO: [VRFC 10-311] analyzing module wr_logic__parameterized1__2
INFO: [VRFC 10-311] analyzing module wr_logic__parameterized1__3
INFO: [VRFC 10-311] analyzing module wr_logic__parameterized1__4
INFO: [VRFC 10-311] analyzing module wr_logic__parameterized2
INFO: [VRFC 10-311] analyzing module wr_logic__parameterized3
INFO: [VRFC 10-311] analyzing module wr_logic__parameterized3__1
INFO: [VRFC 10-311] analyzing module wr_logic__parameterized4
INFO: [VRFC 10-311] analyzing module wr_status_flags_ss
INFO: [VRFC 10-311] analyzing module wr_status_flags_ss__2
INFO: [VRFC 10-311] analyzing module wr_status_flags_ss__3
INFO: [VRFC 10-311] analyzing module wr_status_flags_ss__parameterized0
INFO: [VRFC 10-311] analyzing module wr_status_flags_ss__parameterized0__4
INFO: [VRFC 10-311] analyzing module wr_status_flags_ss__parameterized0__5
INFO: [VRFC 10-311] analyzing module wr_status_flags_ss__parameterized0__6
INFO: [VRFC 10-311] analyzing module wr_status_flags_ss__parameterized1
INFO: [VRFC 10-311] analyzing module wr_status_flags_ss__parameterized1__2
INFO: [VRFC 10-311] analyzing module wr_status_flags_ss__parameterized1__3
INFO: [VRFC 10-311] analyzing module wr_status_flags_ss__parameterized1__4
INFO: [VRFC 10-311] analyzing module wr_status_flags_ss__parameterized2
INFO: [VRFC 10-311] analyzing module wr_status_flags_ss__parameterized3
INFO: [VRFC 10-311] analyzing module wr_status_flags_ss__parameterized3__1
INFO: [VRFC 10-311] analyzing module wr_status_flags_ss__parameterized4
INFO: [VRFC 10-311] analyzing module glbl
