12:40:25 **** Incremental Build of configuration Debug for project SpaceInvaders ****
make pre-build main-build 
a9-linaro-pre-build-step
' '
'Building file: ../src/Enemy/Enemy.cpp'
'Invoking: ARM v7 g++ compiler'
arm-none-eabi-g++ -Wall -O0 -g3 -c -fmessage-length=0 -MT"src/Enemy/Enemy.o" -mcpu=cortex-a9 -mfpu=vfpv3 -mfloat-abi=hard -I../../SpaceInvaders_bsp/ps7_cortexa9_0/include -MMD -MP -MF"src/Enemy/Enemy.d" -MT"src/Enemy/Enemy.o" -o "src/Enemy/Enemy.o" "../src/Enemy/Enemy.cpp"
'Finished building: ../src/Enemy/Enemy.cpp'
' '
'Building target: SpaceInvaders.elf'
'Invoking: ARM v7 g++ linker'
arm-none-eabi-g++ -mcpu=cortex-a9 -mfpu=vfpv3 -mfloat-abi=hard -Wl,-build-id=none -specs=Xilinx.spec -Wl,-T -Wl,../src/lscript.ld -L../../SpaceInvaders_bsp/ps7_cortexa9_0/lib -o "SpaceInvaders.elf"  ./src/Scene/Scene.o  ./src/Renderer/dynclk/dynclk.o  ./src/Renderer/display_ctrl/display_ctrl.o  ./src/Renderer/Renderer.o  ./src/GameLogic/GameLogic.o  ./src/Enemy/Enemy.o  ./src/main.o   -Wl,--start-group,-lxil,-lgcc,-lc,-lstdc++,--end-group
'Finished building target: SpaceInvaders.elf'
' '
'Invoking: ARM v7 Print Size'
arm-none-eabi-size SpaceInvaders.elf  |tee "SpaceInvaders.elf.size"
   text	   data	    bss	    dec	    hex	filename
 164508	   2732	18685788	18853028	11faca4	SpaceInvaders.elf
'Finished building: SpaceInvaders.elf.size'
' '

12:40:26 Build Finished (took 1s.326ms)

